
===========================================================================
report_checks -unconstrained
============================================================================
Startpoint: wb_clk_i (input port clocked by user_clock2)
Endpoint: mprj/clk (internal pin)
Path Group: (none)
Path Type: max

Fanout     Cap    Slew   Delay    Time   Description
-----------------------------------------------------------------------------
                          2.00    2.00 ^ input external delay
                  0.02    0.00    2.00 ^ wb_clk_i (in)
     1    0.00                           wb_clk_i (net)
                  0.02    0.00    2.00 ^ mprj/clk (ffra)
                                  2.00   data arrival time
-----------------------------------------------------------------------------
(Path is unconstrained)



===========================================================================
report_checks --slack_max -0.01
============================================================================
No paths found.
