
===========================================================================
report_checks -unconstrained
============================================================================
Startpoint: io_in[24] (input port clocked by user_clock2)
Endpoint: mprj/ci[8] (internal pin)
Path Group: (none)
Path Type: max

Fanout     Cap    Slew   Delay    Time   Description
-----------------------------------------------------------------------------
                          2.00    2.00 ^ input external delay
                  0.22    0.15    2.15 ^ io_in[24] (in)
     1    0.03                           io_in[24] (net)
                  0.22    0.00    2.15 ^ mprj/ci[8] (ffra)
                                  2.15   data arrival time
-----------------------------------------------------------------------------
(Path is unconstrained)



===========================================================================
report_checks --slack_max -0.01
============================================================================
No paths found.
