OpenROAD 7c85c140308f01b73f57ea1117f3e43f39abd437 
This program is licensed under the BSD-3 license. See the LICENSE file for details.
Components of this program may be licensed under more restrictive licenses which must be honored.
[WARNING STA-0164] /Users/lrburle/OneDrive/PhD/projects/osu180cells/dependencies/pdks/gf180mcuC/libs.ref/gf180mcu_osu_sc_gp9t3v3/liberty/gf180mcu_osu_sc_gp9t3v3_TT_25C.nldm.lib line 10161, timing group from output port.
[WARNING STA-0164] /Users/lrburle/OneDrive/PhD/projects/osu180cells/dependencies/pdks/gf180mcuC/libs.ref/gf180mcu_osu_sc_gp9t3v3/liberty/gf180mcu_osu_sc_gp9t3v3_TT_25C.nldm.lib line 10844, timing group from output port.
[WARNING STA-0164] /Users/lrburle/OneDrive/PhD/projects/osu180cells/dependencies/pdks/gf180mcuC/libs.ref/gf180mcu_osu_sc_gp9t3v3/liberty/gf180mcu_osu_sc_gp9t3v3_TT_25C.nldm.lib line 11647, timing group from output port.
[WARNING ODB-0034] Can not find physical location of iterm mprj/a[0]
[WARNING ODB-0034] Can not find physical location of iterm mprj/b[2]
[WARNING ODB-0034] Can not find physical location of iterm mprj/b[3]
[WARNING ODB-0034] Can not find physical location of iterm mprj/b[4]
[WARNING ODB-0034] Can not find physical location of iterm mprj/b[5]
[WARNING ODB-0034] Can not find physical location of iterm mprj/b[6]
[WARNING ODB-0034] Can not find physical location of iterm mprj/b[7]
[WARNING ODB-0034] Can not find physical location of iterm mprj/ci[0]
[WARNING ODB-0034] Can not find physical location of iterm mprj/ci[1]
[WARNING ODB-0034] Can not find physical location of iterm mprj/ci[2]
[WARNING ODB-0034] Can not find physical location of iterm mprj/ci[3]
[WARNING ODB-0034] Can not find physical location of iterm mprj/a[1]
[WARNING ODB-0034] Can not find physical location of iterm mprj/ci[4]
[WARNING ODB-0034] Can not find physical location of iterm mprj/ci[5]
[WARNING ODB-0034] Can not find physical location of iterm mprj/ci[6]
[WARNING ODB-0034] Can not find physical location of iterm mprj/ci[7]
[WARNING ODB-0034] Can not find physical location of iterm mprj/ci[8]
[WARNING ODB-0034] Can not find physical location of iterm mprj/ci[9]
[WARNING ODB-0034] Can not find physical location of iterm mprj/ci[10]
[WARNING ODB-0034] Can not find physical location of iterm mprj/ci[11]
[WARNING ODB-0034] Can not find physical location of iterm mprj/ci[12]
[WARNING ODB-0034] Can not find physical location of iterm mprj/ci[13]
[WARNING ODB-0034] Can not find physical location of iterm mprj/a[2]
[WARNING ODB-0034] Can not find physical location of iterm mprj/ci[14]
[WARNING ODB-0034] Can not find physical location of iterm mprj/ci[15]
[WARNING ODB-0034] Can not find physical location of iterm mprj/a[3]
[WARNING ODB-0034] Can not find physical location of iterm mprj/a[4]
[WARNING ODB-0034] Can not find physical location of iterm mprj/a[5]
[WARNING ODB-0034] Can not find physical location of iterm mprj/a[6]
[WARNING ODB-0034] Can not find physical location of iterm mprj/a[7]
[WARNING ODB-0034] Can not find physical location of iterm mprj/b[0]
[WARNING ODB-0034] Can not find physical location of iterm mprj/b[1]
[WARNING ODB-0034] Can not find physical location of iterm mprj/o[0]
[WARNING ODB-0034] Can not find physical location of iterm mprj/o[10]
[WARNING ODB-0034] Can not find physical location of iterm mprj/o[11]
[WARNING ODB-0034] Can not find physical location of iterm mprj/o[12]
[WARNING ODB-0034] Can not find physical location of iterm mprj/o[13]
[WARNING ODB-0034] Can not find physical location of iterm mprj/o[14]
[WARNING ODB-0034] Can not find physical location of iterm mprj/o[15]
[WARNING ODB-0034] Can not find physical location of iterm mprj/o[1]
[WARNING ODB-0034] Can not find physical location of iterm mprj/o[2]
[WARNING ODB-0034] Can not find physical location of iterm mprj/o[3]
[WARNING ODB-0034] Can not find physical location of iterm mprj/o[4]
[WARNING ODB-0034] Can not find physical location of iterm mprj/o[5]
[WARNING ODB-0034] Can not find physical location of iterm mprj/o[6]
[WARNING ODB-0034] Can not find physical location of iterm mprj/o[7]
[WARNING ODB-0034] Can not find physical location of iterm mprj/o[8]
[WARNING ODB-0034] Can not find physical location of iterm mprj/o[9]
[WARNING ODB-0034] Can not find physical location of iterm mprj/clk
[WARNING ODB-0034] Can not find physical location of iterm mprj/rst
Placement Analysis
---------------------------------
total displacement          0.0 u
average displacement        0.0 u
max displacement            0.0 u
original HPWL          107298.2 u
[WARNING ODB-0034] Can not find physical location of iterm mprj/a[0]
[WARNING ODB-0034] Can not find physical location of iterm mprj/b[2]
[WARNING ODB-0034] Can not find physical location of iterm mprj/b[3]
[WARNING ODB-0034] Can not find physical location of iterm mprj/b[4]
[WARNING ODB-0034] Can not find physical location of iterm mprj/b[5]
[WARNING ODB-0034] Can not find physical location of iterm mprj/b[6]
[WARNING ODB-0034] Can not find physical location of iterm mprj/b[7]
[WARNING ODB-0034] Can not find physical location of iterm mprj/ci[0]
[WARNING ODB-0034] Can not find physical location of iterm mprj/ci[1]
[WARNING ODB-0034] Can not find physical location of iterm mprj/ci[2]
[WARNING ODB-0034] Can not find physical location of iterm mprj/ci[3]
[WARNING ODB-0034] Can not find physical location of iterm mprj/a[1]
[WARNING ODB-0034] Can not find physical location of iterm mprj/ci[4]
[WARNING ODB-0034] Can not find physical location of iterm mprj/ci[5]
[WARNING ODB-0034] Can not find physical location of iterm mprj/ci[6]
[WARNING ODB-0034] Can not find physical location of iterm mprj/ci[7]
[WARNING ODB-0034] Can not find physical location of iterm mprj/ci[8]
[WARNING ODB-0034] Can not find physical location of iterm mprj/ci[9]
[WARNING ODB-0034] Can not find physical location of iterm mprj/ci[10]
[WARNING ODB-0034] Can not find physical location of iterm mprj/ci[11]
[WARNING ODB-0034] Can not find physical location of iterm mprj/ci[12]
[WARNING ODB-0034] Can not find physical location of iterm mprj/ci[13]
[WARNING ODB-0034] Can not find physical location of iterm mprj/a[2]
[WARNING ODB-0034] Can not find physical location of iterm mprj/ci[14]
[WARNING ODB-0034] Can not find physical location of iterm mprj/ci[15]
[WARNING ODB-0034] Can not find physical location of iterm mprj/a[3]
[WARNING ODB-0034] Can not find physical location of iterm mprj/a[4]
[WARNING ODB-0034] Can not find physical location of iterm mprj/a[5]
[WARNING ODB-0034] Can not find physical location of iterm mprj/a[6]
[WARNING ODB-0034] Can not find physical location of iterm mprj/a[7]
[WARNING ODB-0034] Can not find physical location of iterm mprj/b[0]
[WARNING ODB-0034] Can not find physical location of iterm mprj/b[1]
[WARNING ODB-0034] Can not find physical location of iterm mprj/o[0]
[WARNING ODB-0034] Can not find physical location of iterm mprj/o[10]
[WARNING ODB-0034] Can not find physical location of iterm mprj/o[11]
[WARNING ODB-0034] Can not find physical location of iterm mprj/o[12]
[WARNING ODB-0034] Can not find physical location of iterm mprj/o[13]
[WARNING ODB-0034] Can not find physical location of iterm mprj/o[14]
[WARNING ODB-0034] Can not find physical location of iterm mprj/o[15]
[WARNING ODB-0034] Can not find physical location of iterm mprj/o[1]
[WARNING ODB-0034] Can not find physical location of iterm mprj/o[2]
[WARNING ODB-0034] Can not find physical location of iterm mprj/o[3]
[WARNING ODB-0034] Can not find physical location of iterm mprj/o[4]
[WARNING ODB-0034] Can not find physical location of iterm mprj/o[5]
[WARNING ODB-0034] Can not find physical location of iterm mprj/o[6]
[WARNING ODB-0034] Can not find physical location of iterm mprj/o[7]
[WARNING ODB-0034] Can not find physical location of iterm mprj/o[8]
[WARNING ODB-0034] Can not find physical location of iterm mprj/o[9]
[WARNING ODB-0034] Can not find physical location of iterm mprj/clk
[WARNING ODB-0034] Can not find physical location of iterm mprj/rst
legalized HPWL         107298.2 u
delta HPWL                    0 %

[WARNING ODB-0034] Can not find physical location of iterm mprj/a[0]
[WARNING ODB-0034] Can not find physical location of iterm mprj/b[2]
[WARNING ODB-0034] Can not find physical location of iterm mprj/b[3]
[WARNING ODB-0034] Can not find physical location of iterm mprj/b[4]
[WARNING ODB-0034] Can not find physical location of iterm mprj/b[5]
[WARNING ODB-0034] Can not find physical location of iterm mprj/b[6]
[WARNING ODB-0034] Can not find physical location of iterm mprj/b[7]
[WARNING ODB-0034] Can not find physical location of iterm mprj/ci[0]
[WARNING ODB-0034] Can not find physical location of iterm mprj/ci[1]
[WARNING ODB-0034] Can not find physical location of iterm mprj/ci[2]
[WARNING ODB-0034] Can not find physical location of iterm mprj/ci[3]
[WARNING ODB-0034] Can not find physical location of iterm mprj/a[1]
[WARNING ODB-0034] Can not find physical location of iterm mprj/ci[4]
[WARNING ODB-0034] Can not find physical location of iterm mprj/ci[5]
[WARNING ODB-0034] Can not find physical location of iterm mprj/ci[6]
[WARNING ODB-0034] Can not find physical location of iterm mprj/ci[7]
[WARNING ODB-0034] Can not find physical location of iterm mprj/ci[8]
[WARNING ODB-0034] Can not find physical location of iterm mprj/ci[9]
[WARNING ODB-0034] Can not find physical location of iterm mprj/ci[10]
[WARNING ODB-0034] Can not find physical location of iterm mprj/ci[11]
[WARNING ODB-0034] Can not find physical location of iterm mprj/ci[12]
[WARNING ODB-0034] Can not find physical location of iterm mprj/ci[13]
[WARNING ODB-0034] Can not find physical location of iterm mprj/a[2]
[WARNING ODB-0034] Can not find physical location of iterm mprj/ci[14]
[WARNING ODB-0034] Can not find physical location of iterm mprj/ci[15]
[WARNING ODB-0034] Can not find physical location of iterm mprj/a[3]
[WARNING ODB-0034] Can not find physical location of iterm mprj/a[4]
[WARNING ODB-0034] Can not find physical location of iterm mprj/a[5]
[WARNING ODB-0034] Can not find physical location of iterm mprj/a[6]
[WARNING ODB-0034] Can not find physical location of iterm mprj/a[7]
[WARNING ODB-0034] Can not find physical location of iterm mprj/b[0]
[WARNING ODB-0034] Can not find physical location of iterm mprj/b[1]
[WARNING ODB-0034] Can not find physical location of iterm mprj/o[0]
[WARNING ODB-0034] Can not find physical location of iterm mprj/o[10]
[WARNING ODB-0034] Can not find physical location of iterm mprj/o[11]
[WARNING ODB-0034] Can not find physical location of iterm mprj/o[12]
[WARNING ODB-0034] Can not find physical location of iterm mprj/o[13]
[WARNING ODB-0034] Can not find physical location of iterm mprj/o[14]
[WARNING ODB-0034] Can not find physical location of iterm mprj/o[15]
[WARNING ODB-0034] Can not find physical location of iterm mprj/o[1]
[WARNING ODB-0034] Can not find physical location of iterm mprj/o[2]
[WARNING ODB-0034] Can not find physical location of iterm mprj/o[3]
[WARNING ODB-0034] Can not find physical location of iterm mprj/o[4]
[WARNING ODB-0034] Can not find physical location of iterm mprj/o[5]
[WARNING ODB-0034] Can not find physical location of iterm mprj/o[6]
[WARNING ODB-0034] Can not find physical location of iterm mprj/o[7]
[WARNING ODB-0034] Can not find physical location of iterm mprj/o[8]
[WARNING ODB-0034] Can not find physical location of iterm mprj/o[9]
[WARNING ODB-0034] Can not find physical location of iterm mprj/clk
[WARNING ODB-0034] Can not find physical location of iterm mprj/rst
[WARNING ODB-0034] Can not find physical location of iterm mprj/vdd
[WARNING ODB-0034] Can not find physical location of iterm mprj/vss
[WARNING ODB-0034] Can not find physical location of iterm mprj/a[0]
[WARNING ODB-0034] Can not find physical location of iterm mprj/b[2]
[WARNING ODB-0034] Can not find physical location of iterm mprj/b[3]
[WARNING ODB-0034] Can not find physical location of iterm mprj/b[4]
[WARNING ODB-0034] Can not find physical location of iterm mprj/b[5]
[WARNING ODB-0034] Can not find physical location of iterm mprj/b[6]
[WARNING ODB-0034] Can not find physical location of iterm mprj/b[7]
[WARNING ODB-0034] Can not find physical location of iterm mprj/ci[0]
[WARNING ODB-0034] Can not find physical location of iterm mprj/ci[1]
[WARNING ODB-0034] Can not find physical location of iterm mprj/ci[2]
[WARNING ODB-0034] Can not find physical location of iterm mprj/ci[3]
[WARNING ODB-0034] Can not find physical location of iterm mprj/a[1]
[WARNING ODB-0034] Can not find physical location of iterm mprj/ci[4]
[WARNING ODB-0034] Can not find physical location of iterm mprj/ci[5]
[WARNING ODB-0034] Can not find physical location of iterm mprj/ci[6]
[WARNING ODB-0034] Can not find physical location of iterm mprj/ci[7]
[WARNING ODB-0034] Can not find physical location of iterm mprj/ci[8]
[WARNING ODB-0034] Can not find physical location of iterm mprj/ci[9]
[WARNING ODB-0034] Can not find physical location of iterm mprj/ci[10]
[WARNING ODB-0034] Can not find physical location of iterm mprj/ci[11]
[WARNING ODB-0034] Can not find physical location of iterm mprj/ci[12]
[WARNING ODB-0034] Can not find physical location of iterm mprj/ci[13]
[WARNING ODB-0034] Can not find physical location of iterm mprj/a[2]
[WARNING ODB-0034] Can not find physical location of iterm mprj/ci[14]
[WARNING ODB-0034] Can not find physical location of iterm mprj/ci[15]
[WARNING ODB-0034] Can not find physical location of iterm mprj/a[3]
[WARNING ODB-0034] Can not find physical location of iterm mprj/a[4]
[WARNING ODB-0034] Can not find physical location of iterm mprj/a[5]
[WARNING ODB-0034] Can not find physical location of iterm mprj/a[6]
[WARNING ODB-0034] Can not find physical location of iterm mprj/a[7]
[WARNING ODB-0034] Can not find physical location of iterm mprj/b[0]
[WARNING ODB-0034] Can not find physical location of iterm mprj/b[1]
[WARNING ODB-0034] Can not find physical location of iterm mprj/o[0]
[WARNING ODB-0034] Can not find physical location of iterm mprj/o[10]
[WARNING ODB-0034] Can not find physical location of iterm mprj/o[11]
[WARNING ODB-0034] Can not find physical location of iterm mprj/o[12]
[WARNING ODB-0034] Can not find physical location of iterm mprj/o[13]
[WARNING ODB-0034] Can not find physical location of iterm mprj/o[14]
[WARNING ODB-0034] Can not find physical location of iterm mprj/o[15]
[WARNING ODB-0034] Can not find physical location of iterm mprj/o[1]
[WARNING ODB-0034] Can not find physical location of iterm mprj/o[2]
[WARNING ODB-0034] Can not find physical location of iterm mprj/o[3]
[WARNING ODB-0034] Can not find physical location of iterm mprj/o[4]
[WARNING ODB-0034] Can not find physical location of iterm mprj/o[5]
[WARNING ODB-0034] Can not find physical location of iterm mprj/o[6]
[WARNING ODB-0034] Can not find physical location of iterm mprj/o[7]
[WARNING ODB-0034] Can not find physical location of iterm mprj/o[8]
[WARNING ODB-0034] Can not find physical location of iterm mprj/o[9]
[WARNING ODB-0034] Can not find physical location of iterm mprj/clk
[WARNING ODB-0034] Can not find physical location of iterm mprj/rst
Setting global connections for newly added cells...
Writing OpenROAD database to /Users/lrburle/Library/CloudStorage/OneDrive-Personal/PhD/projects/osu180cells/openlane/ffra_wrapper/runs/23_02_08_19_16/results/placement/ffra_wrapper.odb...
Writing netlist to /Users/lrburle/Library/CloudStorage/OneDrive-Personal/PhD/projects/osu180cells/openlane/ffra_wrapper/runs/23_02_08_19_16/results/placement/ffra_wrapper.nl.v...
Writing powered netlist to /Users/lrburle/Library/CloudStorage/OneDrive-Personal/PhD/projects/osu180cells/openlane/ffra_wrapper/runs/23_02_08_19_16/results/placement/ffra_wrapper.pnl.v...
Writing layout to /Users/lrburle/Library/CloudStorage/OneDrive-Personal/PhD/projects/osu180cells/openlane/ffra_wrapper/runs/23_02_08_19_16/results/placement/ffra_wrapper.def...
