OpenROAD 7c85c140308f01b73f57ea1117f3e43f39abd437 
This program is licensed under the BSD-3 license. See the LICENSE file for details.
Components of this program may be licensed under more restrictive licenses which must be honored.
[WARNING STA-0164] /Users/lrburle/OneDrive/PhD/projects/osu180cells/dependencies/pdks/gf180mcuC/libs.ref/gf180mcu_osu_sc_gp9t3v3/liberty/gf180mcu_osu_sc_gp9t3v3_TT_25C.nldm.lib line 10161, timing group from output port.
[WARNING STA-0164] /Users/lrburle/OneDrive/PhD/projects/osu180cells/dependencies/pdks/gf180mcuC/libs.ref/gf180mcu_osu_sc_gp9t3v3/liberty/gf180mcu_osu_sc_gp9t3v3_TT_25C.nldm.lib line 10844, timing group from output port.
[WARNING STA-0164] /Users/lrburle/OneDrive/PhD/projects/osu180cells/dependencies/pdks/gf180mcuC/libs.ref/gf180mcu_osu_sc_gp9t3v3/liberty/gf180mcu_osu_sc_gp9t3v3_TT_25C.nldm.lib line 11647, timing group from output port.
[INFO ODB-0222] Reading LEF file: /Users/lrburle/Library/CloudStorage/OneDrive-Personal/PhD/projects/osu180cells/openlane/ffra_wrapper/runs/23_02_08_20_57/tmp/merged.nom.lef
[INFO ODB-0223]     Created 14 technology layers
[INFO ODB-0224]     Created 60 technology vias
[INFO ODB-0225]     Created 49 library cells
[INFO ODB-0226] Finished LEF file:  /Users/lrburle/Library/CloudStorage/OneDrive-Personal/PhD/projects/osu180cells/openlane/ffra_wrapper/runs/23_02_08_20_57/tmp/merged.nom.lef
Reading netlist...
[WARNING STA-0200] /Users/lrburle/Library/CloudStorage/OneDrive-Personal/PhD/projects/osu180cells/openlane/ffra_wrapper/runs/23_02_08_20_57/results/synthesis/ffra_wrapper.v line 40, instance mprj port a size 4 does not match net size 8.
[WARNING STA-0200] /Users/lrburle/Library/CloudStorage/OneDrive-Personal/PhD/projects/osu180cells/openlane/ffra_wrapper/runs/23_02_08_20_57/results/synthesis/ffra_wrapper.v line 40, instance mprj port b size 4 does not match net size 8.
[WARNING STA-0200] /Users/lrburle/Library/CloudStorage/OneDrive-Personal/PhD/projects/osu180cells/openlane/ffra_wrapper/runs/23_02_08_20_57/results/synthesis/ffra_wrapper.v line 40, instance mprj port ci size 8 does not match net size 16.
[WARNING STA-0200] /Users/lrburle/Library/CloudStorage/OneDrive-Personal/PhD/projects/osu180cells/openlane/ffra_wrapper/runs/23_02_08_20_57/results/synthesis/ffra_wrapper.v line 40, instance mprj port o size 8 does not match net size 16.
[WARNING ORD-1011] LEF master ffra has no liberty cell.
[INFO]: Setting output delay to: 2.0
[INFO]: Setting input delay to: 2.0
[INFO]: Setting load to: 0.07291
[INFO]: Setting clock uncertainty to: 0.25
[INFO]: Setting clock transition to: 0.15
[INFO]: Setting timing derate to: 0.5 %
min_report

===========================================================================
report_checks -path_delay min (Hold)
============================================================================
No paths found.
min_report_end
max_report

===========================================================================
report_checks -path_delay max (Setup)
============================================================================
No paths found.
max_report_end
check_report

===========================================================================
report_checks -unconstrained
============================================================================
Startpoint: wb_clk_i (input port clocked by user_clock2)
Endpoint: mprj/clk (internal pin)
Path Group: (none)
Path Type: max

Fanout     Cap    Slew   Delay    Time   Description
-----------------------------------------------------------------------------
                          2.00    2.00 ^ input external delay
                  0.02    0.00    2.00 ^ wb_clk_i (in)
     1    0.00                           wb_clk_i (net)
                  0.02    0.00    2.00 ^ mprj/clk (ffra)
                                  2.00   data arrival time
-----------------------------------------------------------------------------
(Path is unconstrained)



===========================================================================
report_checks --slack_max -0.01
============================================================================
No paths found.
check_report_end
check_slew

===========================================================================
 report_check_types -max_slew -max_cap -max_fanout -violators
============================================================================

===========================================================================
max slew violation count 0
max fanout violation count 0
max cap violation count 0
============================================================================
check_slew_end
tns_report

===========================================================================
 report_tns
============================================================================
tns 0.00
tns_report_end
wns_report

===========================================================================
 report_wns
============================================================================
wns 0.00
wns_report_end
worst_slack

===========================================================================
 report_worst_slack -max (Setup)
============================================================================
worst slack INF

===========================================================================
 report_worst_slack -min (Hold)
============================================================================
worst slack INF
worst_slack_end
clock_skew

===========================================================================
 report_clock_skew
============================================================================
Clock user_clock2
No launch/capture paths found.

clock_skew_end
power_report

===========================================================================
 report_power
============================================================================
Group                  Internal  Switching    Leakage      Total
                          Power      Power      Power      Power (Watts)
----------------------------------------------------------------
Sequential             0.00e+00   0.00e+00   0.00e+00   0.00e+00   0.0%
Combinational          0.00e+00   0.00e+00   0.00e+00   0.00e+00   0.0%
Macro                  0.00e+00   0.00e+00   0.00e+00   0.00e+00   0.0%
Pad                    0.00e+00   0.00e+00   0.00e+00   0.00e+00   0.0%
----------------------------------------------------------------
Total                  0.00e+00   0.00e+00   0.00e+00   0.00e+00   0.0%
                           0.0%       0.0%       0.0%
power_report_end
area_report

===========================================================================
 report_design_area
============================================================================
Design area 540000 u^2 100% utilization.
area_report_end
[WARNING] Did not save OpenROAD database!
Writing SDF to /Users/lrburle/Library/CloudStorage/OneDrive-Personal/PhD/projects/osu180cells/openlane/ffra_wrapper/runs/23_02_08_20_57/results/synthesis/ffra_wrapper.sdf...
