2023-02-06 22:20:18 +0000: Memory Usage (540944kB) : Starting running GF180MCU Klayout DRC runset on /home/brettcm/caravel/main/osu180cells/gds/user_project_wrapper.gds cell user_project_wrapper
2023-02-06 22:20:18 +0000: Memory Usage (540944kB) : Ruby Version for klayout: 2.0.0
Memory/Swap config at start (/proc/meminfo):
MemTotal:       65533788 kB
MemFree:         2041504 kB
MemAvailable:   57797780 kB
SwapCached:          160 kB
SwapTotal:       2097148 kB
SwapFree:        2091516 kB

2023-02-06 22:20:18 +0000: Memory Usage (579156kB) : Loading database to memory is complete.
2023-02-06 22:20:18 +0000: Memory Usage (579156kB) : GF180MCU Klayout DRC runset output at: /home/brettcm/caravel/main/osu180cells/precheck_results/06_FEB_2023___22_19_47/outputs/reports/klayout_beol_check.xml
2023-02-06 22:20:18 +0000: Memory Usage (579156kB) : Number of threads to use 20

2023-02-06 22:20:18 +0000: Memory Usage (579156kB) : Verbose mode: false
2023-02-06 22:20:18 +0000: Memory Usage (579156kB) : flat  mode is enabled.
2023-02-06 22:20:18 +0000: Memory Usage (579156kB) : Read in polygons from layers.
2023-02-06 22:20:18 +0000: Memory Usage (579156kB) : Executing polygons(22, 0).merged for comp
2023-02-06 22:20:18 +0000: Memory Usage (579476kB) : Executing polygons(12, 0).merged for dnwell
2023-02-06 22:20:18 +0000: Memory Usage (579476kB) : Executing polygons(21, 0).merged for nwell
2023-02-06 22:20:19 +0000: Memory Usage (582164kB) : Executing polygons(204, 0).merged for lvpwell
2023-02-06 22:20:19 +0000: Memory Usage (582164kB) : Executing polygons(55, 0).merged for dualgate
2023-02-06 22:20:19 +0000: Memory Usage (582164kB) : Executing polygons(30, 0).merged for poly2
2023-02-06 22:20:19 +0000: Memory Usage (582164kB) : Executing polygons(32, 0).merged for nplus
2023-02-06 22:20:19 +0000: Memory Usage (582164kB) : Executing polygons(31, 0).merged for pplus
2023-02-06 22:20:19 +0000: Memory Usage (582164kB) : Executing polygons(49, 0).merged for sab
2023-02-06 22:20:19 +0000: Memory Usage (582164kB) : Executing polygons(24, 0).merged for esd
2023-02-06 22:20:19 +0000: Memory Usage (582164kB) : Executing polygons(33, 0).merged for contact
2023-02-06 22:20:19 +0000: Memory Usage (583776kB) : Executing polygons(34, 0).merged for metal1
2023-02-06 22:20:19 +0000: Memory Usage (596448kB) : Executing polygons(35, 0).merged for via1
2023-02-06 22:20:19 +0000: Memory Usage (596448kB) : Executing polygons(36, 0).merged for metal2
2023-02-06 22:20:19 +0000: Memory Usage (596448kB) : Executing polygons(38, 0).merged for via2
2023-02-06 22:20:19 +0000: Memory Usage (596448kB) : Executing polygons(42, 0).merged for metal3
2023-02-06 22:20:19 +0000: Memory Usage (596448kB) : Executing polygons(40, 0).merged for via3
2023-02-06 22:20:19 +0000: Memory Usage (596448kB) : Executing polygons(46, 0).merged for metal4
2023-02-06 22:20:19 +0000: Memory Usage (596448kB) : Executing polygons(41, 0).merged for via4
2023-02-06 22:20:19 +0000: Memory Usage (597620kB) : Executing polygons(81, 0).merged for metal5
2023-02-06 22:20:19 +0000: Memory Usage (597620kB) : Executing polygons(82, 0).merged for via5
2023-02-06 22:20:19 +0000: Memory Usage (597620kB) : Executing polygons(53, 0).merged for metaltop
2023-02-06 22:20:20 +0000: Memory Usage (597620kB) : Executing polygons(53, 4).merged for metaltop_dummy
2023-02-06 22:20:20 +0000: Memory Usage (597620kB) : Executing polygons(53, 10).merged for metaltop_label
2023-02-06 22:20:20 +0000: Memory Usage (597620kB) : Executing polygons(53, 3).merged for metaltop_slot
2023-02-06 22:20:20 +0000: Memory Usage (597620kB) : Executing polygons(53, 5).merged for metaltop_blk
2023-02-06 22:20:20 +0000: Memory Usage (597620kB) : Executing polygons(37, 0).merged for pad
2023-02-06 22:20:20 +0000: Memory Usage (597620kB) : Executing polygons(62, 0).merged for resistor
2023-02-06 22:20:20 +0000: Memory Usage (597620kB) : Executing polygons(227, 0).merged for fhres
2023-02-06 22:20:20 +0000: Memory Usage (597620kB) : Executing polygons(75, 0).merged for fusetop
2023-02-06 22:20:20 +0000: Memory Usage (597620kB) : Executing polygons(96, 1).merged for fusewindow_d
2023-02-06 22:20:20 +0000: Memory Usage (597620kB) : Executing polygons(220, 0).merged for polyfuse
2023-02-06 22:20:20 +0000: Memory Usage (597620kB) : Executing polygons(210, 0).merged for mvsd
2023-02-06 22:20:20 +0000: Memory Usage (597620kB) : Executing polygons(11, 39).merged for mvpsd
2023-02-06 22:20:20 +0000: Memory Usage (597620kB) : Executing polygons(5, 0).merged for nat
2023-02-06 22:20:20 +0000: Memory Usage (597620kB) : Executing polygons(22, 4).merged for comp_dummy
2023-02-06 22:20:20 +0000: Memory Usage (597620kB) : Executing polygons(30, 4).merged for poly2_dummy
2023-02-06 22:20:20 +0000: Memory Usage (597620kB) : Executing polygons(34, 4).merged for metal1_dummy
2023-02-06 22:20:20 +0000: Memory Usage (597620kB) : Executing polygons(36, 4).merged for metal2_dummy
2023-02-06 22:20:20 +0000: Memory Usage (597620kB) : Executing polygons(42, 4).merged for metal3_dummy
2023-02-06 22:20:20 +0000: Memory Usage (597620kB) : Executing polygons(46, 4).merged for metal4_dummy
2023-02-06 22:20:20 +0000: Memory Usage (597620kB) : Executing polygons(81, 4).merged for metal5_dummy
2023-02-06 22:20:20 +0000: Memory Usage (597620kB) : Executing polygons(22, 10).merged for comp_label
2023-02-06 22:20:20 +0000: Memory Usage (597620kB) : Executing polygons(30, 10).merged for poly2_label
2023-02-06 22:20:20 +0000: Memory Usage (597620kB) : Executing polygons(34, 10).merged for metal1_label
2023-02-06 22:20:20 +0000: Memory Usage (597620kB) : Executing polygons(36, 10).merged for metal2_label
2023-02-06 22:20:20 +0000: Memory Usage (597620kB) : Executing polygons(42, 10).merged for metal3_label
2023-02-06 22:20:20 +0000: Memory Usage (597620kB) : Executing polygons(46, 10).merged for metal4_label
2023-02-06 22:20:20 +0000: Memory Usage (597620kB) : Executing polygons(81, 10).merged for metal5_label
2023-02-06 22:20:20 +0000: Memory Usage (597620kB) : Executing polygons(34, 3).merged for metal1_slot
2023-02-06 22:20:20 +0000: Memory Usage (597620kB) : Executing polygons(36, 3).merged for metal2_slot
2023-02-06 22:20:20 +0000: Memory Usage (597620kB) : Executing polygons(42, 3).merged for metal3_slot
2023-02-06 22:20:20 +0000: Memory Usage (597620kB) : Executing polygons(46, 3).merged for metal4_slot
2023-02-06 22:20:20 +0000: Memory Usage (597620kB) : Executing polygons(81, 3).merged for metal5_slot
2023-02-06 22:20:20 +0000: Memory Usage (597620kB) : Executing polygons(183, 0).merged for ubmpperi
2023-02-06 22:20:20 +0000: Memory Usage (597620kB) : Executing polygons(184, 0).merged for ubmparray
2023-02-06 22:20:20 +0000: Memory Usage (597620kB) : Executing polygons(185, 0).merged for ubmeplate
2023-02-06 22:20:20 +0000: Memory Usage (597620kB) : Executing polygons(241, 0).merged for schottky_diode
2023-02-06 22:20:20 +0000: Memory Usage (597620kB) : Executing polygons(178, 0).merged for zener
2023-02-06 22:20:20 +0000: Memory Usage (597620kB) : Executing polygons(110, 5).merged for res_mk
2023-02-06 22:20:20 +0000: Memory Usage (597620kB) : Executing polygons(124, 5).merged for opc_drc
2023-02-06 22:20:20 +0000: Memory Usage (597620kB) : Executing polygons(111, 5).merged for ndmy
2023-02-06 22:20:20 +0000: Memory Usage (597620kB) : Executing polygons(152, 5).merged for pmndmy
2023-02-06 22:20:20 +0000: Memory Usage (597620kB) : Executing polygons(112, 1).merged for v5_xtor
2023-02-06 22:20:20 +0000: Memory Usage (597620kB) : Executing polygons(117, 5).merged for cap_mk
2023-02-06 22:20:20 +0000: Memory Usage (597620kB) : Executing polygons(166, 5).merged for mos_cap_mk
2023-02-06 22:20:20 +0000: Memory Usage (597620kB) : Executing polygons(151, 5).merged for ind_mk
2023-02-06 22:20:20 +0000: Memory Usage (597620kB) : Executing polygons(115, 5).merged for diode_mk
2023-02-06 22:20:20 +0000: Memory Usage (597620kB) : Executing polygons(127, 5).merged for drc_bjt
2023-02-06 22:20:20 +0000: Memory Usage (597620kB) : Executing polygons(118, 5).merged for lvs_bjt
2023-02-06 22:20:20 +0000: Memory Usage (597620kB) : Executing polygons(117, 10).merged for mim_l_mk
2023-02-06 22:20:20 +0000: Memory Usage (597620kB) : Executing polygons(137, 5).merged for latchup_mk
2023-02-06 22:20:20 +0000: Memory Usage (597620kB) : Executing polygons(167, 5).merged for guard_ring_mk
2023-02-06 22:20:20 +0000: Memory Usage (597620kB) : Executing polygons(173, 5).merged for otp_mk
2023-02-06 22:20:20 +0000: Memory Usage (597620kB) : Executing polygons(122, 5).merged for mtpmark
2023-02-06 22:20:20 +0000: Memory Usage (597620kB) : Executing polygons(88, 17).merged for neo_ee_mk
2023-02-06 22:20:20 +0000: Memory Usage (597620kB) : Executing polygons(108, 5).merged for sramcore
2023-02-06 22:20:20 +0000: Memory Usage (597620kB) : Executing polygons(100, 5).merged for lvs_rf
2023-02-06 22:20:20 +0000: Memory Usage (597620kB) : Executing polygons(100, 7).merged for lvs_drain
2023-02-06 22:20:20 +0000: Memory Usage (597620kB) : Executing polygons(123, 5).merged for hvpolyrs
2023-02-06 22:20:20 +0000: Memory Usage (597620kB) : Executing polygons(119, 5).merged for lvs_io
2023-02-06 22:20:20 +0000: Memory Usage (597620kB) : Executing polygons(13, 17).merged for probe_mk
2023-02-06 22:20:20 +0000: Memory Usage (597620kB) : Executing polygons(24, 5).merged for esd_mk
2023-02-06 22:20:20 +0000: Memory Usage (597620kB) : Executing polygons(100, 8).merged for lvs_source
2023-02-06 22:20:20 +0000: Memory Usage (597620kB) : Executing polygons(153, 51).merged for well_diode_mk
2023-02-06 22:20:20 +0000: Memory Usage (597620kB) : Executing polygons(226, 0).merged for ldmos_xtor
2023-02-06 22:20:20 +0000: Memory Usage (597620kB) : Executing polygons(125, 5).merged for plfuse
2023-02-06 22:20:20 +0000: Memory Usage (597620kB) : Executing polygons(80, 5).merged for efuse_mk
2023-02-06 22:20:20 +0000: Memory Usage (597620kB) : Executing polygons(11, 17).merged for mcell_feol_mk
2023-02-06 22:20:20 +0000: Memory Usage (597620kB) : Executing polygons(86, 17).merged for ymtp_mk
2023-02-06 22:20:20 +0000: Memory Usage (597620kB) : Executing polygons(128, 17).merged for dev_wf_mk
2023-02-06 22:20:20 +0000: Memory Usage (597620kB) : Executing polygons(34, 5).merged for metal1_blk
2023-02-06 22:20:20 +0000: Memory Usage (597620kB) : Executing polygons(36, 5).merged for metal2_blk
2023-02-06 22:20:20 +0000: Memory Usage (597620kB) : Executing polygons(42, 5).merged for metal3_blk
2023-02-06 22:20:20 +0000: Memory Usage (597620kB) : Executing polygons(46, 5).merged for metal4_blk
2023-02-06 22:20:21 +0000: Memory Usage (597620kB) : Executing polygons(81, 5).merged for metal5_blk
2023-02-06 22:20:21 +0000: Memory Usage (597620kB) : Executing polygons(0, 0).merged for pr_bndry
2023-02-06 22:20:21 +0000: Memory Usage (597620kB) : Executing polygons(116, 5).merged for mdiode
2023-02-06 22:20:21 +0000: Memory Usage (597620kB) : Executing polygons(110, 11).merged for metal1_res
2023-02-06 22:20:21 +0000: Memory Usage (597620kB) : Executing polygons(110, 12).merged for metal2_res
2023-02-06 22:20:21 +0000: Memory Usage (597620kB) : Executing polygons(110, 13).merged for metal3_res
2023-02-06 22:20:21 +0000: Memory Usage (597620kB) : Executing polygons(110, 14).merged for metal4_res
2023-02-06 22:20:21 +0000: Memory Usage (597620kB) : Executing polygons(110, 15).merged for metal5_res
2023-02-06 22:20:21 +0000: Memory Usage (597620kB) : Executing polygons(63, 0).merged for border
2023-02-06 22:20:21 +0000: Memory Usage (597620kB) : Starting deriving base layers.
2023-02-06 22:20:21 +0000: Memory Usage (597620kB) : Evaluate switches.
2023-02-06 22:20:21 +0000: Memory Usage (597620kB) : FEOL is disabled.
2023-02-06 22:20:21 +0000: Memory Usage (597620kB) : BEOL is enabled.
2023-02-06 22:20:21 +0000: Memory Usage (597620kB) : connectivity rules are enabled.
2023-02-06 22:20:21 +0000: Memory Usage (597620kB) : METAL_STACK Selected is 5LM
2023-02-06 22:20:21 +0000: Memory Usage (597620kB) : METAL_TOP Selected is 9K
2023-02-06 22:20:21 +0000: Memory Usage (597620kB) : Wedge enabled  true
2023-02-06 22:20:21 +0000: Memory Usage (597620kB) : Ball enabled  true
2023-02-06 22:20:21 +0000: Memory Usage (597620kB) : Gold enabled  true
2023-02-06 22:20:21 +0000: Memory Usage (597620kB) : MIM Option selected B
2023-02-06 22:20:21 +0000: Memory Usage (597620kB) : Offgrid enabled  false
2023-02-06 22:20:21 +0000: Memory Usage (597620kB) : Construct connectivity for the design.
2023-02-06 22:20:21 +0000: Memory Usage (597620kB) : Connectivity rules enabled, Netlist object will be generated.
2023-02-06 22:20:21 +0000: Memory Usage (614000kB) : Total area of the design is 8999400.0 um^2.
2023-02-06 22:20:21 +0000: Memory Usage (614000kB) : Total no. of polygons in the design is 88304
2023-02-06 22:20:21 +0000: Memory Usage (614000kB) : Initialization and base layers definition.
2023-02-06 22:20:21 +0000: Memory Usage (614000kB) : Starting GF180MCU DRC rules.
2023-02-06 22:20:21 +0000: Memory Usage (614000kB) : BEOL section
2023-02-06 22:20:21 +0000: Memory Usage (614000kB) : Executing rule M1.1
2023-02-06 22:20:21 +0000: Memory Usage (614000kB) : Executing rule M1.2a
2023-02-06 22:20:22 +0000: Memory Usage (614000kB) : Executing rule M1.2b
2023-02-06 22:20:22 +0000: Memory Usage (614000kB) : Executing rule M1.3
2023-02-06 22:20:22 +0000: Memory Usage (614000kB) : Executing rule M2.1
2023-02-06 22:20:22 +0000: Memory Usage (614000kB) : Executing rule M2.2a
2023-02-06 22:20:22 +0000: Memory Usage (614000kB) : Executing rule M2.2b
2023-02-06 22:20:22 +0000: Memory Usage (614000kB) : Executing rule M2.3
2023-02-06 22:20:22 +0000: Memory Usage (614000kB) : Executing rule M3.1
2023-02-06 22:20:22 +0000: Memory Usage (614000kB) : Executing rule M3.2a
2023-02-06 22:20:22 +0000: Memory Usage (614000kB) : Executing rule M3.2b
2023-02-06 22:20:22 +0000: Memory Usage (614000kB) : Executing rule M3.3
2023-02-06 22:20:22 +0000: Memory Usage (614000kB) : Executing rule M4.1
2023-02-06 22:20:22 +0000: Memory Usage (614000kB) : Executing rule M4.2a
2023-02-06 22:20:22 +0000: Memory Usage (614000kB) : Executing rule M4.2b
2023-02-06 22:20:22 +0000: Memory Usage (614000kB) : Executing rule M4.3
2023-02-06 22:20:22 +0000: Memory Usage (614000kB) : Executing rule M5.1
2023-02-06 22:20:22 +0000: Memory Usage (614000kB) : Executing rule M5.2a
2023-02-06 22:20:22 +0000: Memory Usage (614000kB) : Executing rule M5.2b
2023-02-06 22:20:22 +0000: Memory Usage (614000kB) : Executing rule M5.3
2023-02-06 22:20:22 +0000: Memory Usage (614000kB) : Executing rule V1.1
2023-02-06 22:20:22 +0000: Memory Usage (614000kB) : Executing rule V1.2a
2023-02-06 22:20:22 +0000: Memory Usage (614000kB) : Executing rule V1.2b
2023-02-06 22:20:22 +0000: Memory Usage (614000kB) : Executing rule V1.3a
2023-02-06 22:20:23 +0000: Memory Usage (617288kB) : Executing rule V1.3c
2023-02-06 22:20:23 +0000: Memory Usage (620912kB) : Executing rule V1.3d
2023-02-06 22:20:23 +0000: Memory Usage (624116kB) : Executing rule V1.4a
2023-02-06 22:20:24 +0000: Memory Usage (626164kB) : Executing rule V1.4b
2023-02-06 22:20:24 +0000: Memory Usage (628812kB) : Executing rule V1.4c
2023-02-06 22:20:24 +0000: Memory Usage (631688kB) : Executing rule V2.1
2023-02-06 22:20:24 +0000: Memory Usage (631688kB) : Executing rule V2.2a
2023-02-06 22:20:24 +0000: Memory Usage (631688kB) : Executing rule V2.2b
2023-02-06 22:20:24 +0000: Memory Usage (631688kB) : Executing rule V2.3b
2023-02-06 22:20:24 +0000: Memory Usage (634760kB) : Executing rule V2.3c
2023-02-06 22:20:25 +0000: Memory Usage (637092kB) : Executing rule V2.3d
2023-02-06 22:20:25 +0000: Memory Usage (640764kB) : Executing rule V2.4a
2023-02-06 22:20:25 +0000: Memory Usage (640764kB) : Executing rule V2.4b
2023-02-06 22:20:25 +0000: Memory Usage (642004kB) : Executing rule V2.4c
2023-02-06 22:20:25 +0000: Memory Usage (642672kB) : Executing rule V3.1
2023-02-06 22:20:25 +0000: Memory Usage (642672kB) : Executing rule V3.2a
2023-02-06 22:20:25 +0000: Memory Usage (642896kB) : Executing rule V3.2b
2023-02-06 22:20:25 +0000: Memory Usage (642896kB) : Executing rule V3.3b
2023-02-06 22:20:25 +0000: Memory Usage (643184kB) : Executing rule V3.3c
2023-02-06 22:20:26 +0000: Memory Usage (644444kB) : Executing rule V3.3d
2023-02-06 22:20:26 +0000: Memory Usage (645236kB) : Executing rule V3.4a
2023-02-06 22:20:26 +0000: Memory Usage (645236kB) : Executing rule V3.4b
2023-02-06 22:20:26 +0000: Memory Usage (645732kB) : Executing rule V3.4c
2023-02-06 22:20:26 +0000: Memory Usage (645732kB) : Executing rule V4.1
2023-02-06 22:20:26 +0000: Memory Usage (658592kB) : Executing rule V4.2a
2023-02-06 22:20:27 +0000: Memory Usage (707204kB) : Executing rule V4.2b
2023-02-06 22:20:27 +0000: Memory Usage (707204kB) : Executing rule V4.3b
2023-02-06 22:20:27 +0000: Memory Usage (707204kB) : Executing rule V4.3c
2023-02-06 22:20:28 +0000: Memory Usage (707204kB) : Executing rule V4.3d
2023-02-06 22:20:29 +0000: Memory Usage (707204kB) : Executing rule V4.4a
2023-02-06 22:20:29 +0000: Memory Usage (707204kB) : Executing rule V4.4b
2023-02-06 22:20:30 +0000: Memory Usage (718004kB) : Executing rule V4.4c
2023-02-06 22:20:30 +0000: Memory Usage (718004kB) : Executing rule V5.1
2023-02-06 22:20:30 +0000: Memory Usage (718004kB) : Executing rule V5.2a
2023-02-06 22:20:30 +0000: Memory Usage (718004kB) : Executing rule V5.2b
2023-02-06 22:20:30 +0000: Memory Usage (718004kB) : Executing rule V5.3b
2023-02-06 22:20:30 +0000: Memory Usage (718004kB) : Executing rule V5.3c
2023-02-06 22:20:30 +0000: Memory Usage (718004kB) : Executing rule V5.3d
2023-02-06 22:20:30 +0000: Memory Usage (718004kB) : Executing rule V5.4a
2023-02-06 22:20:30 +0000: Memory Usage (718004kB) : Executing rule V5.4b
2023-02-06 22:20:31 +0000: Memory Usage (718004kB) : Executing rule V5.4c
2023-02-06 22:20:31 +0000: Memory Usage (718004kB) : MetalTop thickness 9k/11k section
2023-02-06 22:20:31 +0000: Memory Usage (718004kB) : Executing rule MT.1
2023-02-06 22:20:31 +0000: Memory Usage (718004kB) : Executing rule MT.2a
2023-02-06 22:20:31 +0000: Memory Usage (718004kB) : Executing rule MT.2b
2023-02-06 22:20:31 +0000: Memory Usage (718004kB) : Executing rule MT.4
2023-02-06 22:20:31 +0000: Memory Usage (718004kB) : Executing rule MC.1
2023-02-06 22:20:31 +0000: Memory Usage (718004kB) : Executing rule MC.2
2023-02-06 22:20:31 +0000: Memory Usage (718004kB) : Executing rule MC.3
2023-02-06 22:20:31 +0000: Memory Usage (718004kB) : Executing rule MC.4
2023-02-06 22:20:31 +0000: Memory Usage (718004kB) : Executing rule PRES.1
2023-02-06 22:20:31 +0000: Memory Usage (718004kB) : Executing rule PRES.2
2023-02-06 22:20:31 +0000: Memory Usage (718004kB) : Executing rule PRES.3
2023-02-06 22:20:31 +0000: Memory Usage (718004kB) : Executing rule PRES.4
2023-02-06 22:20:31 +0000: Memory Usage (718004kB) : Executing rule PRES.5
2023-02-06 22:20:31 +0000: Memory Usage (718004kB) : Executing rule PRES.6
2023-02-06 22:20:31 +0000: Memory Usage (718004kB) : Executing rule PRES.7
2023-02-06 22:20:31 +0000: Memory Usage (718004kB) : Executing rule PRES.9a
2023-02-06 22:20:31 +0000: Memory Usage (718004kB) : Executing rule PRES.9b
2023-02-06 22:20:31 +0000: Memory Usage (718004kB) : Executing rule LRES.1
2023-02-06 22:20:31 +0000: Memory Usage (718004kB) : Executing rule LRES.2
2023-02-06 22:20:31 +0000: Memory Usage (718004kB) : Executing rule LRES.3
2023-02-06 22:20:31 +0000: Memory Usage (718004kB) : Executing rule LRES.4
2023-02-06 22:20:31 +0000: Memory Usage (718004kB) : Executing rule LRES.5
2023-02-06 22:20:31 +0000: Memory Usage (718004kB) : Executing rule LRES.6
2023-02-06 22:20:32 +0000: Memory Usage (718004kB) : Executing rule LRES.7
2023-02-06 22:20:32 +0000: Memory Usage (718004kB) : Executing rule LRES.9a
2023-02-06 22:20:32 +0000: Memory Usage (718004kB) : Executing rule LRES.9b
2023-02-06 22:20:32 +0000: Memory Usage (718004kB) : Executing rule HRES.1
2023-02-06 22:20:32 +0000: Memory Usage (718004kB) : Executing rule HRES.2
2023-02-06 22:20:32 +0000: Memory Usage (718004kB) : Executing rule HRES.3
2023-02-06 22:20:32 +0000: Memory Usage (718004kB) : Executing rule HRES.4
2023-02-06 22:20:32 +0000: Memory Usage (718004kB) : Executing rule HRES.5
2023-02-06 22:20:32 +0000: Memory Usage (718004kB) : Executing rule HRES.6
2023-02-06 22:20:32 +0000: Memory Usage (718004kB) : Executing rule HRES.7
2023-02-06 22:20:32 +0000: Memory Usage (718004kB) : Executing rule HRES.8
2023-02-06 22:20:32 +0000: Memory Usage (718004kB) : Executing rule HRES.9
2023-02-06 22:20:32 +0000: Memory Usage (718004kB) : Executing rule HRES.10 (requires flat)
2023-02-06 22:20:32 +0000: Memory Usage (718004kB) : Executing rule HRES.12a
2023-02-06 22:20:32 +0000: Memory Usage (718004kB) : Executing rule HRES.12b
2023-02-06 22:20:33 +0000: Memory Usage (718004kB) : MIM Capacitor Option B section
2023-02-06 22:20:33 +0000: Memory Usage (718004kB) : Executing rule MIMTM.1
2023-02-06 22:20:33 +0000: Memory Usage (718004kB) : Executing rule MIMTM.2
2023-02-06 22:20:33 +0000: Memory Usage (718004kB) : Executing rule MIMTM.3
2023-02-06 22:20:33 +0000: Memory Usage (718004kB) : Executing rule MIMTM.4
2023-02-06 22:20:33 +0000: Memory Usage (718004kB) : Executing rule MIMTM.5
2023-02-06 22:20:33 +0000: Memory Usage (739440kB) : Executing rule MIMTM.6
2023-02-06 22:20:33 +0000: Memory Usage (739440kB) : Executing rule MIMTM.7
2023-02-06 22:20:33 +0000: Memory Usage (739440kB) : Executing rule MIMTM.8a
2023-02-06 22:20:33 +0000: Memory Usage (739440kB) : Executing rule MIMTM.8b
2023-02-06 22:20:33 +0000: Memory Usage (739440kB) : Executing rule MIMTM.9
2023-02-06 22:20:33 +0000: Memory Usage (739440kB) : Executing rule MIMTM.10
2023-02-06 22:20:33 +0000: Memory Usage (739440kB) : Executing rule MIMTM.11
2023-02-06 22:20:33 +0000: Memory Usage (739440kB) : Executing rule NAT.1
2023-02-06 22:20:33 +0000: Memory Usage (739440kB) : Executing rule NAT.2
2023-02-06 22:20:33 +0000: Memory Usage (739440kB) : Executing rule NAT.3
2023-02-06 22:20:33 +0000: Memory Usage (739440kB) : Executing rule NAT.4
2023-02-06 22:20:33 +0000: Memory Usage (739440kB) : Executing rule NAT.5
2023-02-06 22:20:33 +0000: Memory Usage (739440kB) : CONNECTIVITY_RULES section
2023-02-06 22:20:33 +0000: Memory Usage (739440kB) : Executing rule NAT.6
2023-02-06 22:20:33 +0000: Memory Usage (739440kB) : Executing rule NAT.7
2023-02-06 22:20:33 +0000: Memory Usage (739440kB) : Executing rule NAT.8
2023-02-06 22:20:33 +0000: Memory Usage (739440kB) : Executing rule NAT.9
2023-02-06 22:20:34 +0000: Memory Usage (739440kB) : Executing rule NAT.10
2023-02-06 22:20:34 +0000: Memory Usage (739440kB) : Executing rule NAT.11
2023-02-06 22:20:34 +0000: Memory Usage (739440kB) : Executing rule NAT.12
2023-02-06 22:20:34 +0000: Memory Usage (739440kB) : Executing rule BJT.1
2023-02-06 22:20:34 +0000: Memory Usage (739440kB) : Executing rule BJT.2
2023-02-06 22:20:34 +0000: Memory Usage (739440kB) : Executing rule BJT.3
2023-02-06 22:20:34 +0000: Memory Usage (739440kB) : Executing rule DE.2
2023-02-06 22:20:34 +0000: Memory Usage (739440kB) : Executing rule DE.3
2023-02-06 22:20:34 +0000: Memory Usage (739440kB) : Executing rule DE.4
2023-02-06 22:20:34 +0000: Memory Usage (739440kB) : Executing rule LVS_BJT.1
2023-02-06 22:20:34 +0000: Memory Usage (739440kB) : Executing rule O.DF.3a
2023-02-06 22:20:34 +0000: Memory Usage (739440kB) : Executing rule O.DF.6
2023-02-06 22:20:34 +0000: Memory Usage (739440kB) : Executing rule O.DF.9
2023-02-06 22:20:34 +0000: Memory Usage (739440kB) : Executing rule O.PL.2
2023-02-06 22:20:34 +0000: Memory Usage (739440kB) : Executing rule O.PL.3a
2023-02-06 22:20:34 +0000: Memory Usage (739440kB) : Executing rule O.PL.4
2023-02-06 22:20:34 +0000: Memory Usage (739440kB) : Executing rule O.SB.2
2023-02-06 22:20:34 +0000: Memory Usage (739440kB) : Executing rule O.SB.3
2023-02-06 22:20:34 +0000: Memory Usage (739440kB) : Executing rule O.SB.4
2023-02-06 22:20:34 +0000: Memory Usage (739440kB) : Executing rule O.SB.5b_3.3V
2023-02-06 22:20:34 +0000: Memory Usage (739440kB) : Executing rule O.SB.9
2023-02-06 22:20:34 +0000: Memory Usage (739440kB) : Executing rule O.SB.11
2023-02-06 22:20:34 +0000: Memory Usage (739440kB) : Executing rule O.SB.13_3.3V
2023-02-06 22:20:34 +0000: Memory Usage (739440kB) : Executing rule O.SB.13_5V
2023-02-06 22:20:34 +0000: Memory Usage (739440kB) : Executing rule O.CO.7
2023-02-06 22:20:35 +0000: Memory Usage (739440kB) : Executing rule O.PL.ORT
2023-02-06 22:20:35 +0000: Memory Usage (739440kB) : Executing rule EF.01
2023-02-06 22:20:35 +0000: Memory Usage (739440kB) : Executing rule EF.02
2023-02-06 22:20:35 +0000: Memory Usage (739440kB) : Executing rule EF.03
2023-02-06 22:20:35 +0000: Memory Usage (739440kB) : Executing rule EF.04a
2023-02-06 22:20:35 +0000: Memory Usage (739440kB) : Executing rule EF.04b
2023-02-06 22:20:35 +0000: Memory Usage (739440kB) : Executing rule EF.04c
2023-02-06 22:20:35 +0000: Memory Usage (739440kB) : Executing rule EF.04d
2023-02-06 22:20:35 +0000: Memory Usage (739440kB) : Executing rule EF.05
2023-02-06 22:20:35 +0000: Memory Usage (739440kB) : Executing rule EF.06
2023-02-06 22:20:35 +0000: Memory Usage (739440kB) : Executing rule EF.07
2023-02-06 22:20:35 +0000: Memory Usage (739440kB) : Executing rule EF.08
2023-02-06 22:20:35 +0000: Memory Usage (739440kB) : Executing rule EF.09
2023-02-06 22:20:35 +0000: Memory Usage (739440kB) : Executing rule EF.10
2023-02-06 22:20:35 +0000: Memory Usage (739440kB) : Executing rule EF.11
2023-02-06 22:20:35 +0000: Memory Usage (739440kB) : Executing rule EF.12
2023-02-06 22:20:35 +0000: Memory Usage (739440kB) : Executing rule EF.13
2023-02-06 22:20:35 +0000: Memory Usage (739440kB) : Executing rule EF.14
2023-02-06 22:20:35 +0000: Memory Usage (739440kB) : Executing rule EF.15
2023-02-06 22:20:35 +0000: Memory Usage (739440kB) : Executing rule EF.16a
2023-02-06 22:20:35 +0000: Memory Usage (739440kB) : Executing rule EF.16b
2023-02-06 22:20:35 +0000: Memory Usage (739440kB) : Executing rule EF.17
2023-02-06 22:20:35 +0000: Memory Usage (739440kB) : Executing rule EF.18
2023-02-06 22:20:36 +0000: Memory Usage (742904kB) : Executing rule EF.19
2023-02-06 22:20:36 +0000: Memory Usage (742904kB) : Executing rule EF.20
2023-02-06 22:20:36 +0000: Memory Usage (742904kB) : Executing rule EF.21
2023-02-06 22:20:36 +0000: Memory Usage (742904kB) : Executing rule EF.22a
2023-02-06 22:20:36 +0000: Memory Usage (742904kB) : Executing rule EF.22b
2023-02-06 22:20:36 +0000: Memory Usage (742904kB) : Executing rule MDN.1
2023-02-06 22:20:36 +0000: Memory Usage (742904kB) : CONNECTIVITY_RULES section
2023-02-06 22:20:36 +0000: Memory Usage (742904kB) : Executing rule MDN.2a
2023-02-06 22:20:36 +0000: Memory Usage (742904kB) : Executing rule MDN.2b
2023-02-06 22:20:36 +0000: Memory Usage (742904kB) : Executing rule MDN.3a
2023-02-06 22:20:36 +0000: Memory Usage (742904kB) : Executing rule MDN.3b
2023-02-06 22:20:36 +0000: Memory Usage (742904kB) : Executing rule MDN.4a
2023-02-06 22:20:36 +0000: Memory Usage (742904kB) : Executing rule MDN.4b
2023-02-06 22:20:36 +0000: Memory Usage (742904kB) : Executing rule MDN.5ai
2023-02-06 22:20:36 +0000: Memory Usage (742904kB) : Executing rule MDN.5aii
2023-02-06 22:20:36 +0000: Memory Usage (742904kB) : Executing rule MDN.5b
2023-02-06 22:20:37 +0000: Memory Usage (742904kB) : Executing rule MDN.5c
2023-02-06 22:20:37 +0000: Memory Usage (742904kB) : Executing rule MDN.6
2023-02-06 22:20:37 +0000: Memory Usage (742904kB) : Executing rule MDN.6a
2023-02-06 22:20:37 +0000: Memory Usage (742904kB) : Executing rule MDN.7
2023-02-06 22:20:37 +0000: Memory Usage (742904kB) : Executing rule MDN.7a
2023-02-06 22:20:37 +0000: Memory Usage (742904kB) : CONNECTIVITY_RULES section
2023-02-06 22:20:37 +0000: Memory Usage (742904kB) : Executing rule MDN.8a
2023-02-06 22:20:37 +0000: Memory Usage (742904kB) : Executing rule MDN.8b
2023-02-06 22:20:37 +0000: Memory Usage (742904kB) : Executing rule MDN.9
2023-02-06 22:20:37 +0000: Memory Usage (742904kB) : Executing rule MDN.10a
2023-02-06 22:20:37 +0000: Memory Usage (742904kB) : Executing rule MDN.10b
2023-02-06 22:20:37 +0000: Memory Usage (742904kB) : Executing rule MDN.10c
2023-02-06 22:20:37 +0000: Memory Usage (743380kB) : Executing rule MDN.10d
2023-02-06 22:20:37 +0000: Memory Usage (743380kB) : Executing rule MDN.10ei
2023-02-06 22:20:37 +0000: Memory Usage (744176kB) : Executing rule MDN.10eii
2023-02-06 22:20:38 +0000: Memory Usage (745200kB) : Executing rule MDN.10f
2023-02-06 22:20:38 +0000: Memory Usage (749084kB) : Executing rule MDN.11
2023-02-06 22:20:38 +0000: Memory Usage (749564kB) : Executing rule MDN.12
2023-02-06 22:20:38 +0000: Memory Usage (749564kB) : Executing rule MDN.13a
2023-02-06 22:20:38 +0000: Memory Usage (749564kB) : Executing rule MDN.13b
2023-02-06 22:20:38 +0000: Memory Usage (749564kB) : Executing rule MDN.13c
2023-02-06 22:20:38 +0000: Memory Usage (751160kB) : Executing rule MDN.13d
2023-02-06 22:20:38 +0000: Memory Usage (751160kB) : Executing rule MDN.14
2023-02-06 22:20:38 +0000: Memory Usage (751160kB) : Executing rule MDN.15a
2023-02-06 22:20:38 +0000: Memory Usage (751160kB) : Executing rule MDN.15b
2023-02-06 22:20:39 +0000: Memory Usage (751160kB) : Executing rule MDN.17
2023-02-06 22:20:39 +0000: Memory Usage (751160kB) : Executing rule MDP.1
2023-02-06 22:20:39 +0000: Memory Usage (751292kB) : Executing rule MDP.1a
2023-02-06 22:20:40 +0000: Memory Usage (849744kB) : Executing rule MDP.2
2023-02-06 22:20:40 +0000: Memory Usage (849744kB) : Executing rule MDP.3
2023-02-06 22:20:40 +0000: Memory Usage (849744kB) : Executing rule MDP.3ai
2023-02-06 22:20:41 +0000: Memory Usage (849744kB) : Executing rule MDP.3aii
2023-02-06 22:20:41 +0000: Memory Usage (849744kB) : Executing rule MDP.3b
2023-02-06 22:20:41 +0000: Memory Usage (849744kB) : Executing rule MDP.3c
2023-02-06 22:20:41 +0000: Memory Usage (849744kB) : Executing rule MDP.3d
2023-02-06 22:20:41 +0000: Memory Usage (849744kB) : Executing rule MDP.4
2023-02-06 22:20:41 +0000: Memory Usage (849744kB) : Executing rule MDP.4a
2023-02-06 22:20:41 +0000: Memory Usage (849744kB) : Executing rule MDP.4b
2023-02-06 22:20:41 +0000: Memory Usage (849744kB) : Executing rule MDP.5
2023-02-06 22:20:41 +0000: Memory Usage (849744kB) : Executing rule MDP.5a
2023-02-06 22:20:41 +0000: Memory Usage (849744kB) : Executing rule MDP.6
2023-02-06 22:20:41 +0000: Memory Usage (849744kB) : Executing rule MDP.6a
2023-02-06 22:20:41 +0000: Memory Usage (849744kB) : Executing rule MDP.7
2023-02-06 22:20:41 +0000: Memory Usage (849744kB) : Executing rule MDP.8
2023-02-06 22:20:41 +0000: Memory Usage (849744kB) : Executing rule MDP.9a
2023-02-06 22:20:42 +0000: Memory Usage (849744kB) : Executing rule MDP.9b
2023-02-06 22:20:42 +0000: Memory Usage (849744kB) : Executing rule MDP.9c
2023-02-06 22:20:42 +0000: Memory Usage (849744kB) : Executing rule MDP.9d
2023-02-06 22:20:42 +0000: Memory Usage (849744kB) : Executing rule MDP.9ei
2023-02-06 22:20:42 +0000: Memory Usage (849744kB) : Executing rule MDP.9eii
2023-02-06 22:20:42 +0000: Memory Usage (849744kB) : Executing rule MDP.9f
2023-02-06 22:20:42 +0000: Memory Usage (849744kB) : Executing rule MDP.10
2023-02-06 22:20:42 +0000: Memory Usage (849744kB) : CONNECTIVITY_RULES section
2023-02-06 22:20:42 +0000: Memory Usage (849744kB) : Executing rule MDP.10a
2023-02-06 22:20:42 +0000: Memory Usage (849744kB) : Executing rule MDP.10b
2023-02-06 22:20:42 +0000: Memory Usage (849744kB) : Executing rule MDP.11
2023-02-06 22:20:42 +0000: Memory Usage (849744kB) : Executing rule MDP.12
2023-02-06 22:20:43 +0000: Memory Usage (849744kB) : Executing rule MDP.13a
2023-02-06 22:20:43 +0000: Memory Usage (849744kB) : Executing rule MDP.13b
2023-02-06 22:20:43 +0000: Memory Usage (849744kB) : Executing rule MDP.13c
2023-02-06 22:20:43 +0000: Memory Usage (849744kB) : Executing rule MDP.15
2023-02-06 22:20:43 +0000: Memory Usage (849744kB) : Executing rule MDP.16a
2023-02-06 22:20:43 +0000: Memory Usage (849744kB) : Executing rule MDP.16b
2023-02-06 22:20:43 +0000: Memory Usage (849744kB) : Executing rule MDP.17a
2023-02-06 22:20:43 +0000: Memory Usage (849744kB) : Executing rule MDP.17c
2023-02-06 22:20:43 +0000: Memory Usage (849744kB) : Executing rule Y.NW.2b_3.3V
2023-02-06 22:20:43 +0000: Memory Usage (849744kB) : Executing rule Y.NW.2b_5V
2023-02-06 22:20:43 +0000: Memory Usage (849744kB) : Executing rule Y.DF.6_5V
2023-02-06 22:20:43 +0000: Memory Usage (849744kB) : Executing rule Y.DF.16_3.3V
2023-02-06 22:20:43 +0000: Memory Usage (849744kB) : Executing rule Y.DF.16_5V
2023-02-06 22:20:43 +0000: Memory Usage (849744kB) : Executing rule Y.PL.1_3.3V
2023-02-06 22:20:43 +0000: Memory Usage (849744kB) : Executing rule Y.PL.1_5V
2023-02-06 22:20:43 +0000: Memory Usage (849744kB) : Executing rule Y.PL.2_3.3V
2023-02-06 22:20:43 +0000: Memory Usage (849744kB) : Executing rule Y.PL.2_5V
2023-02-06 22:20:43 +0000: Memory Usage (849744kB) : Executing rule Y.PL.4_5V
2023-02-06 22:20:44 +0000: Memory Usage (849744kB) : Executing rule Y.PL.5a_3.3V
2023-02-06 22:20:44 +0000: Memory Usage (849744kB) : Executing rule Y.PL.5a_5V
2023-02-06 22:20:44 +0000: Memory Usage (849744kB) : Executing rule Y.PL.5b_3.3V
2023-02-06 22:20:44 +0000: Memory Usage (849744kB) : Executing rule Y.PL.5b_5V
2023-02-06 22:20:44 +0000: Memory Usage (849744kB) : Executing rule S.DF.4c_MV
2023-02-06 22:20:44 +0000: Memory Usage (849744kB) : Executing rule S.DF.6_MV
2023-02-06 22:20:44 +0000: Memory Usage (849744kB) : Executing rule S.DF.7_MV
2023-02-06 22:20:44 +0000: Memory Usage (849744kB) : Executing rule S.DF.8_MV
2023-02-06 22:20:44 +0000: Memory Usage (849744kB) : Executing rule S.DF.16_MV
2023-02-06 22:20:44 +0000: Memory Usage (849744kB) : Executing rule S.PL.5a_MV
2023-02-06 22:20:44 +0000: Memory Usage (849744kB) : Executing rule S.PL.5b_MV
2023-02-06 22:20:44 +0000: Memory Usage (849744kB) : Executing rule S.CO.4_MV
2023-02-06 22:20:44 +0000: Memory Usage (849744kB) : Executing rule S.DF.4c_LV
2023-02-06 22:20:44 +0000: Memory Usage (849744kB) : Executing rule S.DF.16_LV
2023-02-06 22:20:45 +0000: Memory Usage (849744kB) : Executing rule S.CO.3_LV
2023-02-06 22:20:45 +0000: Memory Usage (849744kB) : Executing rule S.CO.4_LV
2023-02-06 22:20:45 +0000: Memory Usage (849744kB) : Executing rule S.CO.6_ii_LV
2023-02-06 22:20:45 +0000: Memory Usage (849744kB) : Executing rule S.M1.1_LV
VmPeak:	  849744 kB
VmHWM:	  556324 kB
2023-02-06 22:20:45 +0000: Memory Usage (849744kB) : DRC Total Run time 26.642830 seconds
2023-02-06 22:20:45 +0000: Memory Usage (849744kB) : DRC Total program errors: 0
