2023-02-06 22:19:57 +0000: Memory Usage (540940kB) : Starting running GF180MCU Klayout DRC runset on /home/brettcm/caravel/main/osu180cells/gds/user_project_wrapper.gds cell user_project_wrapper
2023-02-06 22:19:57 +0000: Memory Usage (540940kB) : Ruby Version for klayout: 2.0.0
Memory/Swap config at start (/proc/meminfo):
MemTotal:       65533788 kB
MemFree:         2051136 kB
MemAvailable:   57804676 kB
SwapCached:          160 kB
SwapTotal:       2097148 kB
SwapFree:        2091516 kB

2023-02-06 22:19:58 +0000: Memory Usage (579156kB) : Loading database to memory is complete.
2023-02-06 22:19:58 +0000: Memory Usage (579156kB) : GF180MCU Klayout DRC runset output at: /home/brettcm/caravel/main/osu180cells/precheck_results/06_FEB_2023___22_19_47/outputs/reports/klayout_feol_check.xml
2023-02-06 22:19:58 +0000: Memory Usage (579156kB) : Number of threads to use 20

2023-02-06 22:19:58 +0000: Memory Usage (579156kB) : Verbose mode: false
2023-02-06 22:19:58 +0000: Memory Usage (579156kB) : flat  mode is enabled.
2023-02-06 22:19:58 +0000: Memory Usage (579156kB) : Read in polygons from layers.
2023-02-06 22:19:58 +0000: Memory Usage (579156kB) : Executing polygons(22, 0).merged for comp
2023-02-06 22:19:58 +0000: Memory Usage (579476kB) : Executing polygons(12, 0).merged for dnwell
2023-02-06 22:19:58 +0000: Memory Usage (579476kB) : Executing polygons(21, 0).merged for nwell
2023-02-06 22:19:58 +0000: Memory Usage (582164kB) : Executing polygons(204, 0).merged for lvpwell
2023-02-06 22:19:58 +0000: Memory Usage (582164kB) : Executing polygons(55, 0).merged for dualgate
2023-02-06 22:19:58 +0000: Memory Usage (582164kB) : Executing polygons(30, 0).merged for poly2
2023-02-06 22:19:58 +0000: Memory Usage (582164kB) : Executing polygons(32, 0).merged for nplus
2023-02-06 22:19:58 +0000: Memory Usage (582164kB) : Executing polygons(31, 0).merged for pplus
2023-02-06 22:19:58 +0000: Memory Usage (582164kB) : Executing polygons(49, 0).merged for sab
2023-02-06 22:19:58 +0000: Memory Usage (582164kB) : Executing polygons(24, 0).merged for esd
2023-02-06 22:19:58 +0000: Memory Usage (582164kB) : Executing polygons(33, 0).merged for contact
2023-02-06 22:19:58 +0000: Memory Usage (583776kB) : Executing polygons(34, 0).merged for metal1
2023-02-06 22:19:58 +0000: Memory Usage (596448kB) : Executing polygons(35, 0).merged for via1
2023-02-06 22:19:58 +0000: Memory Usage (596448kB) : Executing polygons(36, 0).merged for metal2
2023-02-06 22:19:59 +0000: Memory Usage (596448kB) : Executing polygons(38, 0).merged for via2
2023-02-06 22:19:59 +0000: Memory Usage (596448kB) : Executing polygons(42, 0).merged for metal3
2023-02-06 22:19:59 +0000: Memory Usage (596448kB) : Executing polygons(40, 0).merged for via3
2023-02-06 22:19:59 +0000: Memory Usage (596448kB) : Executing polygons(46, 0).merged for metal4
2023-02-06 22:19:59 +0000: Memory Usage (596448kB) : Executing polygons(41, 0).merged for via4
2023-02-06 22:19:59 +0000: Memory Usage (597620kB) : Executing polygons(81, 0).merged for metal5
2023-02-06 22:19:59 +0000: Memory Usage (597620kB) : Executing polygons(82, 0).merged for via5
2023-02-06 22:19:59 +0000: Memory Usage (597620kB) : Executing polygons(53, 0).merged for metaltop
2023-02-06 22:19:59 +0000: Memory Usage (597620kB) : Executing polygons(53, 4).merged for metaltop_dummy
2023-02-06 22:19:59 +0000: Memory Usage (597620kB) : Executing polygons(53, 10).merged for metaltop_label
2023-02-06 22:19:59 +0000: Memory Usage (597620kB) : Executing polygons(53, 3).merged for metaltop_slot
2023-02-06 22:19:59 +0000: Memory Usage (597620kB) : Executing polygons(53, 5).merged for metaltop_blk
2023-02-06 22:19:59 +0000: Memory Usage (597620kB) : Executing polygons(37, 0).merged for pad
2023-02-06 22:19:59 +0000: Memory Usage (597620kB) : Executing polygons(62, 0).merged for resistor
2023-02-06 22:19:59 +0000: Memory Usage (597620kB) : Executing polygons(227, 0).merged for fhres
2023-02-06 22:19:59 +0000: Memory Usage (597620kB) : Executing polygons(75, 0).merged for fusetop
2023-02-06 22:19:59 +0000: Memory Usage (597620kB) : Executing polygons(96, 1).merged for fusewindow_d
2023-02-06 22:19:59 +0000: Memory Usage (597620kB) : Executing polygons(220, 0).merged for polyfuse
2023-02-06 22:19:59 +0000: Memory Usage (597620kB) : Executing polygons(210, 0).merged for mvsd
2023-02-06 22:19:59 +0000: Memory Usage (597620kB) : Executing polygons(11, 39).merged for mvpsd
2023-02-06 22:19:59 +0000: Memory Usage (597620kB) : Executing polygons(5, 0).merged for nat
2023-02-06 22:19:59 +0000: Memory Usage (597620kB) : Executing polygons(22, 4).merged for comp_dummy
2023-02-06 22:19:59 +0000: Memory Usage (597620kB) : Executing polygons(30, 4).merged for poly2_dummy
2023-02-06 22:19:59 +0000: Memory Usage (597620kB) : Executing polygons(34, 4).merged for metal1_dummy
2023-02-06 22:19:59 +0000: Memory Usage (597620kB) : Executing polygons(36, 4).merged for metal2_dummy
2023-02-06 22:19:59 +0000: Memory Usage (597620kB) : Executing polygons(42, 4).merged for metal3_dummy
2023-02-06 22:19:59 +0000: Memory Usage (597620kB) : Executing polygons(46, 4).merged for metal4_dummy
2023-02-06 22:19:59 +0000: Memory Usage (597620kB) : Executing polygons(81, 4).merged for metal5_dummy
2023-02-06 22:19:59 +0000: Memory Usage (597620kB) : Executing polygons(22, 10).merged for comp_label
2023-02-06 22:19:59 +0000: Memory Usage (597620kB) : Executing polygons(30, 10).merged for poly2_label
2023-02-06 22:19:59 +0000: Memory Usage (597620kB) : Executing polygons(34, 10).merged for metal1_label
2023-02-06 22:19:59 +0000: Memory Usage (597620kB) : Executing polygons(36, 10).merged for metal2_label
2023-02-06 22:19:59 +0000: Memory Usage (597620kB) : Executing polygons(42, 10).merged for metal3_label
2023-02-06 22:19:59 +0000: Memory Usage (597620kB) : Executing polygons(46, 10).merged for metal4_label
2023-02-06 22:19:59 +0000: Memory Usage (597620kB) : Executing polygons(81, 10).merged for metal5_label
2023-02-06 22:19:59 +0000: Memory Usage (597620kB) : Executing polygons(34, 3).merged for metal1_slot
2023-02-06 22:19:59 +0000: Memory Usage (597620kB) : Executing polygons(36, 3).merged for metal2_slot
2023-02-06 22:19:59 +0000: Memory Usage (597620kB) : Executing polygons(42, 3).merged for metal3_slot
2023-02-06 22:19:59 +0000: Memory Usage (597620kB) : Executing polygons(46, 3).merged for metal4_slot
2023-02-06 22:19:59 +0000: Memory Usage (597620kB) : Executing polygons(81, 3).merged for metal5_slot
2023-02-06 22:19:59 +0000: Memory Usage (597620kB) : Executing polygons(183, 0).merged for ubmpperi
2023-02-06 22:19:59 +0000: Memory Usage (597620kB) : Executing polygons(184, 0).merged for ubmparray
2023-02-06 22:19:59 +0000: Memory Usage (597620kB) : Executing polygons(185, 0).merged for ubmeplate
2023-02-06 22:19:59 +0000: Memory Usage (597620kB) : Executing polygons(241, 0).merged for schottky_diode
2023-02-06 22:19:59 +0000: Memory Usage (597620kB) : Executing polygons(178, 0).merged for zener
2023-02-06 22:19:59 +0000: Memory Usage (597620kB) : Executing polygons(110, 5).merged for res_mk
2023-02-06 22:19:59 +0000: Memory Usage (597620kB) : Executing polygons(124, 5).merged for opc_drc
2023-02-06 22:19:59 +0000: Memory Usage (597620kB) : Executing polygons(111, 5).merged for ndmy
2023-02-06 22:19:59 +0000: Memory Usage (597620kB) : Executing polygons(152, 5).merged for pmndmy
2023-02-06 22:19:59 +0000: Memory Usage (597620kB) : Executing polygons(112, 1).merged for v5_xtor
2023-02-06 22:19:59 +0000: Memory Usage (597620kB) : Executing polygons(117, 5).merged for cap_mk
2023-02-06 22:19:59 +0000: Memory Usage (597620kB) : Executing polygons(166, 5).merged for mos_cap_mk
2023-02-06 22:19:59 +0000: Memory Usage (597620kB) : Executing polygons(151, 5).merged for ind_mk
2023-02-06 22:19:59 +0000: Memory Usage (597620kB) : Executing polygons(115, 5).merged for diode_mk
2023-02-06 22:19:59 +0000: Memory Usage (597620kB) : Executing polygons(127, 5).merged for drc_bjt
2023-02-06 22:19:59 +0000: Memory Usage (597620kB) : Executing polygons(118, 5).merged for lvs_bjt
2023-02-06 22:19:59 +0000: Memory Usage (597620kB) : Executing polygons(117, 10).merged for mim_l_mk
2023-02-06 22:19:59 +0000: Memory Usage (597620kB) : Executing polygons(137, 5).merged for latchup_mk
2023-02-06 22:19:59 +0000: Memory Usage (597620kB) : Executing polygons(167, 5).merged for guard_ring_mk
2023-02-06 22:20:00 +0000: Memory Usage (597620kB) : Executing polygons(173, 5).merged for otp_mk
2023-02-06 22:20:00 +0000: Memory Usage (597620kB) : Executing polygons(122, 5).merged for mtpmark
2023-02-06 22:20:00 +0000: Memory Usage (597620kB) : Executing polygons(88, 17).merged for neo_ee_mk
2023-02-06 22:20:00 +0000: Memory Usage (597620kB) : Executing polygons(108, 5).merged for sramcore
2023-02-06 22:20:00 +0000: Memory Usage (597620kB) : Executing polygons(100, 5).merged for lvs_rf
2023-02-06 22:20:00 +0000: Memory Usage (597620kB) : Executing polygons(100, 7).merged for lvs_drain
2023-02-06 22:20:00 +0000: Memory Usage (597620kB) : Executing polygons(123, 5).merged for hvpolyrs
2023-02-06 22:20:00 +0000: Memory Usage (597620kB) : Executing polygons(119, 5).merged for lvs_io
2023-02-06 22:20:00 +0000: Memory Usage (597620kB) : Executing polygons(13, 17).merged for probe_mk
2023-02-06 22:20:00 +0000: Memory Usage (597620kB) : Executing polygons(24, 5).merged for esd_mk
2023-02-06 22:20:00 +0000: Memory Usage (597620kB) : Executing polygons(100, 8).merged for lvs_source
2023-02-06 22:20:00 +0000: Memory Usage (597620kB) : Executing polygons(153, 51).merged for well_diode_mk
2023-02-06 22:20:00 +0000: Memory Usage (597620kB) : Executing polygons(226, 0).merged for ldmos_xtor
2023-02-06 22:20:00 +0000: Memory Usage (597620kB) : Executing polygons(125, 5).merged for plfuse
2023-02-06 22:20:00 +0000: Memory Usage (597620kB) : Executing polygons(80, 5).merged for efuse_mk
2023-02-06 22:20:00 +0000: Memory Usage (597620kB) : Executing polygons(11, 17).merged for mcell_feol_mk
2023-02-06 22:20:00 +0000: Memory Usage (597620kB) : Executing polygons(86, 17).merged for ymtp_mk
2023-02-06 22:20:00 +0000: Memory Usage (597620kB) : Executing polygons(128, 17).merged for dev_wf_mk
2023-02-06 22:20:00 +0000: Memory Usage (597620kB) : Executing polygons(34, 5).merged for metal1_blk
2023-02-06 22:20:00 +0000: Memory Usage (597620kB) : Executing polygons(36, 5).merged for metal2_blk
2023-02-06 22:20:00 +0000: Memory Usage (597620kB) : Executing polygons(42, 5).merged for metal3_blk
2023-02-06 22:20:00 +0000: Memory Usage (597620kB) : Executing polygons(46, 5).merged for metal4_blk
2023-02-06 22:20:00 +0000: Memory Usage (597620kB) : Executing polygons(81, 5).merged for metal5_blk
2023-02-06 22:20:00 +0000: Memory Usage (597620kB) : Executing polygons(0, 0).merged for pr_bndry
2023-02-06 22:20:00 +0000: Memory Usage (597620kB) : Executing polygons(116, 5).merged for mdiode
2023-02-06 22:20:00 +0000: Memory Usage (597620kB) : Executing polygons(110, 11).merged for metal1_res
2023-02-06 22:20:00 +0000: Memory Usage (597620kB) : Executing polygons(110, 12).merged for metal2_res
2023-02-06 22:20:00 +0000: Memory Usage (597620kB) : Executing polygons(110, 13).merged for metal3_res
2023-02-06 22:20:00 +0000: Memory Usage (597620kB) : Executing polygons(110, 14).merged for metal4_res
2023-02-06 22:20:00 +0000: Memory Usage (597620kB) : Executing polygons(110, 15).merged for metal5_res
2023-02-06 22:20:00 +0000: Memory Usage (597620kB) : Executing polygons(63, 0).merged for border
2023-02-06 22:20:00 +0000: Memory Usage (597620kB) : Starting deriving base layers.
2023-02-06 22:20:00 +0000: Memory Usage (597620kB) : Evaluate switches.
2023-02-06 22:20:00 +0000: Memory Usage (597620kB) : FEOL is enabled.
2023-02-06 22:20:00 +0000: Memory Usage (597620kB) : BEOL is disabled.
2023-02-06 22:20:00 +0000: Memory Usage (597620kB) : connectivity rules are enabled.
2023-02-06 22:20:00 +0000: Memory Usage (597620kB) : METAL_STACK Selected is 5LM
2023-02-06 22:20:00 +0000: Memory Usage (597620kB) : METAL_TOP Selected is 9K
2023-02-06 22:20:00 +0000: Memory Usage (597620kB) : Wedge enabled  true
2023-02-06 22:20:00 +0000: Memory Usage (597620kB) : Ball enabled  true
2023-02-06 22:20:00 +0000: Memory Usage (597620kB) : Gold enabled  true
2023-02-06 22:20:00 +0000: Memory Usage (597620kB) : MIM Option selected B
2023-02-06 22:20:00 +0000: Memory Usage (597620kB) : Offgrid enabled  false
2023-02-06 22:20:00 +0000: Memory Usage (597620kB) : Construct connectivity for the design.
2023-02-06 22:20:00 +0000: Memory Usage (597620kB) : Connectivity rules enabled, Netlist object will be generated.
2023-02-06 22:20:01 +0000: Memory Usage (613972kB) : Total area of the design is 8999400.0 um^2.
2023-02-06 22:20:01 +0000: Memory Usage (613972kB) : Total no. of polygons in the design is 88304
2023-02-06 22:20:01 +0000: Memory Usage (613972kB) : Initialization and base layers definition.
2023-02-06 22:20:01 +0000: Memory Usage (613972kB) : Starting GF180MCU DRC rules.
2023-02-06 22:20:01 +0000: Memory Usage (613972kB) : FEOL section
2023-02-06 22:20:01 +0000: Memory Usage (613972kB) : Executing rule DN.1
2023-02-06 22:20:01 +0000: Memory Usage (613972kB) : CONNECTIVITY_RULES section
2023-02-06 22:20:01 +0000: Memory Usage (613972kB) : Executing rule DN.2a
2023-02-06 22:20:01 +0000: Memory Usage (613972kB) : Executing rule DN.2b
2023-02-06 22:20:01 +0000: Memory Usage (613972kB) : Executing rule DN.3
2023-02-06 22:20:01 +0000: Memory Usage (613972kB) : Executing rule LPW.1_3.3V
2023-02-06 22:20:01 +0000: Memory Usage (613972kB) : Executing rule LPW.1_5V
2023-02-06 22:20:01 +0000: Memory Usage (613972kB) : CONNECTIVITY_RULES section
2023-02-06 22:20:01 +0000: Memory Usage (613972kB) : Executing rule LPW.2a_3.3V
2023-02-06 22:20:01 +0000: Memory Usage (613972kB) : Executing rule LPW.2a_5V
2023-02-06 22:20:01 +0000: Memory Usage (613972kB) : Executing rule LPW.2b_3.3V
2023-02-06 22:20:01 +0000: Memory Usage (613972kB) : Executing rule LPW.2b_5V
2023-02-06 22:20:01 +0000: Memory Usage (613972kB) : Executing rule LPW.3_3.3V
2023-02-06 22:20:01 +0000: Memory Usage (613972kB) : Executing rule LPW.3_5V
2023-02-06 22:20:01 +0000: Memory Usage (613972kB) : Executing rule LPW.5_3.3V
2023-02-06 22:20:01 +0000: Memory Usage (613972kB) : Executing rule LPW.5_5V
2023-02-06 22:20:01 +0000: Memory Usage (613972kB) : Executing rule LPW.11
2023-02-06 22:20:01 +0000: Memory Usage (613972kB) : Executing rule LPW.12
2023-02-06 22:20:01 +0000: Memory Usage (613972kB) : Executing rule NW.1a_3.3V
2023-02-06 22:20:01 +0000: Memory Usage (613972kB) : Executing rule NW.1a_5V
2023-02-06 22:20:01 +0000: Memory Usage (613972kB) : Executing rule NW.1b_3.3V
2023-02-06 22:20:01 +0000: Memory Usage (613972kB) : Executing rule NW.1b_5V
2023-02-06 22:20:01 +0000: Memory Usage (613972kB) : CONNECTIVITY_RULES section
2023-02-06 22:20:01 +0000: Memory Usage (613972kB) : Executing rule NW.2a_3.3V
2023-02-06 22:20:01 +0000: Memory Usage (613972kB) : Executing rule NW.2a_5V
2023-02-06 22:20:02 +0000: Memory Usage (613972kB) : Executing rule NW.2b_3.3V
2023-02-06 22:20:02 +0000: Memory Usage (613972kB) : Executing rule NW.2b_5V
2023-02-06 22:20:02 +0000: Memory Usage (613972kB) : Executing rule NW.3_3.3V
2023-02-06 22:20:02 +0000: Memory Usage (613972kB) : Executing rule NW.3_5V
2023-02-06 22:20:02 +0000: Memory Usage (613972kB) : Executing rule NW.4_3.3V
2023-02-06 22:20:02 +0000: Memory Usage (613972kB) : Executing rule NW.4_5V
2023-02-06 22:20:02 +0000: Memory Usage (613972kB) : Executing rule NW.5_3.3V
2023-02-06 22:20:02 +0000: Memory Usage (613972kB) : Executing rule NW.5_5V
2023-02-06 22:20:02 +0000: Memory Usage (613972kB) : Executing rule NW.6
2023-02-06 22:20:02 +0000: Memory Usage (613972kB) : Executing rule DF.1a_3.3V
2023-02-06 22:20:02 +0000: Memory Usage (613972kB) : Executing rule DF.1a_5V
2023-02-06 22:20:02 +0000: Memory Usage (613972kB) : Executing rule DF.1c_3.3V
2023-02-06 22:20:02 +0000: Memory Usage (613972kB) : Executing rule DF.1c_5V
2023-02-06 22:20:02 +0000: Memory Usage (613972kB) : Executing rule DF.2a_3.3V
2023-02-06 22:20:02 +0000: Memory Usage (613972kB) : Executing rule DF.2a_5V
2023-02-06 22:20:02 +0000: Memory Usage (613972kB) : Executing rule DF.2b_3.3V
2023-02-06 22:20:02 +0000: Memory Usage (613972kB) : Executing rule DF.2b_5V
2023-02-06 22:20:02 +0000: Memory Usage (613972kB) : Executing rule DF.3a_3.3V
2023-02-06 22:20:02 +0000: Memory Usage (613972kB) : Executing rule DF.3a_5V
2023-02-06 22:20:03 +0000: Memory Usage (613972kB) : Executing rule DF.3b_3.3V
2023-02-06 22:20:03 +0000: Memory Usage (613972kB) : Executing rule DF.3b_5V
2023-02-06 22:20:03 +0000: Memory Usage (613972kB) : Executing rule DF.3c_3.3V
2023-02-06 22:20:03 +0000: Memory Usage (613972kB) : Executing rule DF.3c_5V
2023-02-06 22:20:03 +0000: Memory Usage (613972kB) : Executing rule DF.4a_3.3V
2023-02-06 22:20:03 +0000: Memory Usage (613972kB) : Executing rule DF.4a_5V
2023-02-06 22:20:03 +0000: Memory Usage (613972kB) : Executing rule DF.4b_3.3V
2023-02-06 22:20:03 +0000: Memory Usage (613972kB) : Executing rule DF.4b_5V
2023-02-06 22:20:03 +0000: Memory Usage (613972kB) : Executing rule DF.4c_3.3V
2023-02-06 22:20:03 +0000: Memory Usage (613972kB) : Executing rule DF.4c_5V
2023-02-06 22:20:03 +0000: Memory Usage (613972kB) : Executing rule DF.4d_3.3V
2023-02-06 22:20:03 +0000: Memory Usage (613972kB) : Executing rule DF.4d_5V
2023-02-06 22:20:04 +0000: Memory Usage (613972kB) : Executing rule DF.4e_3.3V
2023-02-06 22:20:04 +0000: Memory Usage (613972kB) : Executing rule DF.4e_5V
2023-02-06 22:20:04 +0000: Memory Usage (613972kB) : Executing rule DF.5_3.3V
2023-02-06 22:20:04 +0000: Memory Usage (613972kB) : Executing rule DF.5_5V
2023-02-06 22:20:04 +0000: Memory Usage (613972kB) : Executing rule DF.6_3.3V
2023-02-06 22:20:04 +0000: Memory Usage (613972kB) : Executing rule DF.6_5V
2023-02-06 22:20:04 +0000: Memory Usage (616024kB) : Executing rule DF.7_3.3V
2023-02-06 22:20:04 +0000: Memory Usage (616024kB) : Executing rule DF.7_5V
2023-02-06 22:20:04 +0000: Memory Usage (616024kB) : Executing rule DF.8_3.3V
2023-02-06 22:20:04 +0000: Memory Usage (616024kB) : Executing rule DF.8_5V
2023-02-06 22:20:04 +0000: Memory Usage (616024kB) : Executing rule DF.9_3.3V
2023-02-06 22:20:04 +0000: Memory Usage (616024kB) : Executing rule DF.9_5V
2023-02-06 22:20:04 +0000: Memory Usage (616024kB) : Executing rule DF.10_3.3V
2023-02-06 22:20:04 +0000: Memory Usage (616024kB) : Executing rule DF.10_5V
2023-02-06 22:20:04 +0000: Memory Usage (616024kB) : Executing rule DF.11_3.3V
2023-02-06 22:20:04 +0000: Memory Usage (616024kB) : Executing rule DF.11_5V
2023-02-06 22:20:04 +0000: Memory Usage (616024kB) : Executing rule DF.12_3.3V
2023-02-06 22:20:04 +0000: Memory Usage (627972kB) : Executing rule DF.12_5V
2023-02-06 22:20:05 +0000: Memory Usage (629348kB) : Executing rule DF.13_3.3V
2023-02-06 22:20:05 +0000: Memory Usage (629348kB) : Executing rule DF.13_5V
2023-02-06 22:20:05 +0000: Memory Usage (629348kB) : Executing rule DF.14_3.3V
2023-02-06 22:20:05 +0000: Memory Usage (629348kB) : Executing rule DF.14_5V
2023-02-06 22:20:05 +0000: Memory Usage (629348kB) : Executing rule DF.16_3.3V
2023-02-06 22:20:05 +0000: Memory Usage (629348kB) : Executing rule DF.16_5V
2023-02-06 22:20:05 +0000: Memory Usage (629348kB) : Executing rule DF.17_3.3V
2023-02-06 22:20:05 +0000: Memory Usage (629348kB) : Executing rule DF.17_5V
2023-02-06 22:20:05 +0000: Memory Usage (629348kB) : Executing rule DF.18_3.3V
2023-02-06 22:20:05 +0000: Memory Usage (629348kB) : Executing rule DF.18_5V
2023-02-06 22:20:05 +0000: Memory Usage (629348kB) : Executing rule DF.19_3.3V
2023-02-06 22:20:05 +0000: Memory Usage (629348kB) : Executing rule DF.19_5V
2023-02-06 22:20:05 +0000: Memory Usage (629348kB) : Executing rule DV.1
2023-02-06 22:20:05 +0000: Memory Usage (629348kB) : Executing rule DV.2
2023-02-06 22:20:05 +0000: Memory Usage (629348kB) : Executing rule DV.3
2023-02-06 22:20:05 +0000: Memory Usage (629348kB) : Executing rule DV.5
2023-02-06 22:20:06 +0000: Memory Usage (629348kB) : Executing rule DV.6
2023-02-06 22:20:06 +0000: Memory Usage (629348kB) : Executing rule DV.7
2023-02-06 22:20:06 +0000: Memory Usage (629348kB) : Executing rule DV.8
2023-02-06 22:20:06 +0000: Memory Usage (629348kB) : Executing rule DV.9
2023-02-06 22:20:06 +0000: Memory Usage (629348kB) : Executing rule PL.1_3.3V
2023-02-06 22:20:06 +0000: Memory Usage (629348kB) : Executing rule PL.1_5V
2023-02-06 22:20:06 +0000: Memory Usage (629348kB) : Executing rule PL.1a_3.3V
2023-02-06 22:20:06 +0000: Memory Usage (629348kB) : Executing rule PL.1a_5V
2023-02-06 22:20:06 +0000: Memory Usage (629348kB) : Executing rule PL.2_3.3V
2023-02-06 22:20:07 +0000: Memory Usage (635040kB) : Executing rule PL.2_5V
2023-02-06 22:20:07 +0000: Memory Usage (635040kB) : Executing rule PL.3a_3.3V
2023-02-06 22:20:07 +0000: Memory Usage (637684kB) : Executing rule PL.3a_5V
2023-02-06 22:20:07 +0000: Memory Usage (638100kB) : Executing rule PL.4_3.3V
2023-02-06 22:20:07 +0000: Memory Usage (640028kB) : Executing rule PL.4_5V
2023-02-06 22:20:07 +0000: Memory Usage (640756kB) : Executing rule PL.5a_3.3V
2023-02-06 22:20:07 +0000: Memory Usage (640756kB) : Executing rule PL.5a_5V
2023-02-06 22:20:07 +0000: Memory Usage (642904kB) : Executing rule PL.5b_3.3V
2023-02-06 22:20:07 +0000: Memory Usage (642904kB) : Executing rule PL.5b_5V
2023-02-06 22:20:08 +0000: Memory Usage (659468kB) : Executing rule PL.6
2023-02-06 22:20:08 +0000: Memory Usage (674784kB) : Executing rule PL.7_3.3V
2023-02-06 22:20:08 +0000: Memory Usage (674784kB) : Executing rule PL.7_5V
2023-02-06 22:20:08 +0000: Memory Usage (674784kB) : Executing rule PL.9
2023-02-06 22:20:08 +0000: Memory Usage (674784kB) : Executing rule PL.11
2023-02-06 22:20:08 +0000: Memory Usage (674784kB) : Executing rule PL.12
2023-02-06 22:20:08 +0000: Memory Usage (674784kB) : Executing rule NP.1
2023-02-06 22:20:08 +0000: Memory Usage (674784kB) : Executing rule NP.2
2023-02-06 22:20:08 +0000: Memory Usage (674784kB) : Executing rule NP.3a
2023-02-06 22:20:08 +0000: Memory Usage (674784kB) : Executing rule NP.3bi
2023-02-06 22:20:08 +0000: Memory Usage (674784kB) : Executing rule NP.3bii
2023-02-06 22:20:08 +0000: Memory Usage (674784kB) : Executing rule NP.3ci
2023-02-06 22:20:09 +0000: Memory Usage (674784kB) : Executing rule NP.3cii
2023-02-06 22:20:09 +0000: Memory Usage (674784kB) : Executing rule NP.3d
2023-02-06 22:20:09 +0000: Memory Usage (674784kB) : Executing rule NP.3e
2023-02-06 22:20:09 +0000: Memory Usage (674784kB) : Executing rule NP.4a
2023-02-06 22:20:09 +0000: Memory Usage (679456kB) : Executing rule NP.4b
2023-02-06 22:20:09 +0000: Memory Usage (679456kB) : Executing rule NP.5a
2023-02-06 22:20:09 +0000: Memory Usage (680364kB) : Executing rule NP.5b
2023-02-06 22:20:09 +0000: Memory Usage (682632kB) : Executing rule NP.5ci
2023-02-06 22:20:09 +0000: Memory Usage (683468kB) : Executing rule NP.5cii
2023-02-06 22:20:10 +0000: Memory Usage (686952kB) : Executing rule NP.5di
2023-02-06 22:20:10 +0000: Memory Usage (688824kB) : Executing rule NP.5dii
2023-02-06 22:20:10 +0000: Memory Usage (689124kB) : Executing rule NP.6
2023-02-06 22:20:10 +0000: Memory Usage (691980kB) : Executing rule NP.7
2023-02-06 22:20:10 +0000: Memory Usage (691980kB) : Executing rule NP.8a
2023-02-06 22:20:10 +0000: Memory Usage (691980kB) : Executing rule NP.8b
2023-02-06 22:20:10 +0000: Memory Usage (691980kB) : Executing rule NP.9
2023-02-06 22:20:10 +0000: Memory Usage (691980kB) : Executing rule NP.10
2023-02-06 22:20:10 +0000: Memory Usage (691980kB) : Executing rule NP.11
2023-02-06 22:20:10 +0000: Memory Usage (691980kB) : Executing rule NP.12
2023-02-06 22:20:10 +0000: Memory Usage (691980kB) : Executing rule PP.1
2023-02-06 22:20:10 +0000: Memory Usage (691980kB) : Executing rule PP.2
2023-02-06 22:20:10 +0000: Memory Usage (691980kB) : Executing rule PP.3a
2023-02-06 22:20:10 +0000: Memory Usage (691980kB) : Executing rule PP.3bi
2023-02-06 22:20:10 +0000: Memory Usage (691980kB) : Executing rule PP.3bii
2023-02-06 22:20:11 +0000: Memory Usage (692604kB) : Executing rule PP.3ci
2023-02-06 22:20:11 +0000: Memory Usage (693856kB) : Executing rule PP.3cii
2023-02-06 22:20:11 +0000: Memory Usage (694624kB) : Executing rule PP.3d
2023-02-06 22:20:11 +0000: Memory Usage (694624kB) : Executing rule PP.3e
2023-02-06 22:20:11 +0000: Memory Usage (694624kB) : Executing rule PP.4a
2023-02-06 22:20:11 +0000: Memory Usage (700008kB) : Executing rule PP.4b
2023-02-06 22:20:11 +0000: Memory Usage (700008kB) : Executing rule PP.5a
2023-02-06 22:20:11 +0000: Memory Usage (700360kB) : Executing rule PP.5b
2023-02-06 22:20:11 +0000: Memory Usage (702664kB) : Executing rule PP.5ci
2023-02-06 22:20:11 +0000: Memory Usage (702664kB) : Executing rule PP.5cii
2023-02-06 22:20:12 +0000: Memory Usage (703776kB) : Executing rule PP.5di
2023-02-06 22:20:12 +0000: Memory Usage (705072kB) : Executing rule PP.5dii
2023-02-06 22:20:12 +0000: Memory Usage (705360kB) : Executing rule PP.6
2023-02-06 22:20:12 +0000: Memory Usage (707188kB) : Executing rule PP.7
2023-02-06 22:20:12 +0000: Memory Usage (707188kB) : Executing rule PP.8a
2023-02-06 22:20:12 +0000: Memory Usage (707188kB) : Executing rule PP.8b
2023-02-06 22:20:12 +0000: Memory Usage (707188kB) : Executing rule PP.9
2023-02-06 22:20:12 +0000: Memory Usage (707188kB) : Executing rule PP.10
2023-02-06 22:20:12 +0000: Memory Usage (707188kB) : Executing rule PP.11
2023-02-06 22:20:12 +0000: Memory Usage (707188kB) : Executing rule PP.12
2023-02-06 22:20:12 +0000: Memory Usage (709164kB) : Executing rule SB.1
2023-02-06 22:20:12 +0000: Memory Usage (709164kB) : Executing rule SB.2
2023-02-06 22:20:12 +0000: Memory Usage (709164kB) : Executing rule SB.3
2023-02-06 22:20:12 +0000: Memory Usage (709164kB) : Executing rule SB.4
2023-02-06 22:20:12 +0000: Memory Usage (709164kB) : Executing rule SB.5a
2023-02-06 22:20:13 +0000: Memory Usage (713576kB) : Executing rule SB.5b
2023-02-06 22:20:13 +0000: Memory Usage (713576kB) : Executing rule SB.6
2023-02-06 22:20:13 +0000: Memory Usage (713576kB) : Executing rule SB.7
2023-02-06 22:20:13 +0000: Memory Usage (713576kB) : Executing rule SB.8
2023-02-06 22:20:13 +0000: Memory Usage (713576kB) : Executing rule SB.9
2023-02-06 22:20:13 +0000: Memory Usage (713576kB) : Executing rule SB.10
2023-02-06 22:20:13 +0000: Memory Usage (713576kB) : Executing rule SB.11
2023-02-06 22:20:13 +0000: Memory Usage (713576kB) : Executing rule SB.12
2023-02-06 22:20:13 +0000: Memory Usage (713576kB) : Executing rule SB.13
2023-02-06 22:20:13 +0000: Memory Usage (713576kB) : Executing rule SB.14a
2023-02-06 22:20:13 +0000: Memory Usage (714356kB) : Executing rule SB.14b
2023-02-06 22:20:13 +0000: Memory Usage (714804kB) : Executing rule SB.15a
2023-02-06 22:20:13 +0000: Memory Usage (721276kB) : Executing rule SB.15b
2023-02-06 22:20:13 +0000: Memory Usage (721276kB) : Executing rule SB.16
2023-02-06 22:20:13 +0000: Memory Usage (721276kB) : Executing rule ESD.1
2023-02-06 22:20:13 +0000: Memory Usage (721276kB) : Executing rule ESD.2
2023-02-06 22:20:13 +0000: Memory Usage (721276kB) : Executing rule ESD.3a
2023-02-06 22:20:13 +0000: Memory Usage (721276kB) : Executing rule ESD.3b
2023-02-06 22:20:13 +0000: Memory Usage (721276kB) : Executing rule ESD.4a
2023-02-06 22:20:13 +0000: Memory Usage (721276kB) : Executing rule ESD.4b
2023-02-06 22:20:13 +0000: Memory Usage (721276kB) : Executing rule ESD.5a
2023-02-06 22:20:14 +0000: Memory Usage (721276kB) : Executing rule ESD.5b
2023-02-06 22:20:14 +0000: Memory Usage (721276kB) : Executing rule ESD.6
2023-02-06 22:20:14 +0000: Memory Usage (722388kB) : Executing rule ESD.7
2023-02-06 22:20:14 +0000: Memory Usage (722388kB) : Executing rule ESD.8
2023-02-06 22:20:14 +0000: Memory Usage (722588kB) : Executing rule ESD.pl
2023-02-06 22:20:14 +0000: Memory Usage (722588kB) : Executing rule ESD.9
2023-02-06 22:20:14 +0000: Memory Usage (722588kB) : Executing rule ESD.10
2023-02-06 22:20:14 +0000: Memory Usage (722588kB) : Executing rule CO.1
2023-02-06 22:20:14 +0000: Memory Usage (725372kB) : Executing rule CO.2a
2023-02-06 22:20:14 +0000: Memory Usage (730176kB) : Executing rule CO.2b
2023-02-06 22:20:14 +0000: Memory Usage (730176kB) : Executing rule CO.3
2023-02-06 22:20:14 +0000: Memory Usage (737556kB) : Executing rule CO.4
2023-02-06 22:20:15 +0000: Memory Usage (749016kB) : Executing rule CO.5a
2023-02-06 22:20:15 +0000: Memory Usage (749016kB) : Executing rule CO.5b
2023-02-06 22:20:15 +0000: Memory Usage (749016kB) : Executing rule CO.6
2023-02-06 22:20:15 +0000: Memory Usage (754252kB) : Executing rule CO.6a
2023-02-06 22:20:16 +0000: Memory Usage (761192kB) : Executing rule CO.6b
2023-02-06 22:20:17 +0000: Memory Usage (762540kB) : Executing rule CO.7
2023-02-06 22:20:17 +0000: Memory Usage (771460kB) : Executing rule CO.8
2023-02-06 22:20:17 +0000: Memory Usage (771460kB) : Executing rule CO.9
2023-02-06 22:20:17 +0000: Memory Usage (771460kB) : Executing rule CO.10
2023-02-06 22:20:17 +0000: Memory Usage (771460kB) : Executing rule CO.11
VmPeak:	  784788 kB
VmHWM:	  494344 kB
2023-02-06 22:20:17 +0000: Memory Usage (784788kB) : DRC Total Run time 19.634491 seconds
2023-02-06 22:20:17 +0000: Memory Usage (784788kB) : DRC Total program errors: 0
