
===========================================================================
report_checks -unconstrained
============================================================================
Startpoint: wb_rst_i (input port clocked by user_clock2)
Endpoint: mprj/rst (internal pin)
Path Group: (none)
Path Type: max

Fanout     Cap    Slew   Delay    Time   Description
-----------------------------------------------------------------------------
                          2.00    2.00 ^ input external delay
                  2.21    1.66    3.66 ^ wb_rst_i (in)
     1    0.34                           wb_rst_i (net)
                  2.23    0.00    3.66 ^ mprj/rst (ffra)
                                  3.66   data arrival time
-----------------------------------------------------------------------------
(Path is unconstrained)



===========================================================================
report_checks --slack_max -0.01
============================================================================
No paths found.
