
Magic 8.3 revision 331 - Compiled on Sat Oct 22 19:00:18 UTC 2022.
Starting magic under Tcl interpreter
Using the terminal as the console.
Using NULL graphics device.
Processing system .magicrc file
Sourcing design .magicrc for technology gf180mcuC ...
10 Magic internal units = 1 Lambda
Input style import: scaleFactor=10, multiplier=2
The following types are not handled by extraction and will be treated as non-electrical types:
    obsactive mvobsactive filldiff fillpoly m1hole obsm1 fillm1 obsv1 m2hole obsm2 fillm2 obsv2 m3hole obsm3 fillm3 m4hole obsm4 fillm4 m5hole obsm5 fillm5 glass fillblock lvstext obscomment 
Scaled tech values by 10 / 1 to match internal grid scaling
Loading gf180mcuC Device Generator Menu ...
Using technology "gf180mcuC", version 1.0.359-0-g35c7265
Reading LEF data from file /Users/lrburle/OneDrive/PhD/projects/osu180cells/dependencies/pdks/gf180mcuC/libs.ref/gf180mcu_osu_sc_gp9t3v3/techlef/gf180mcu_osu_sc_gp9t3v3.tlef.
This action cannot be undone.
LEF read, Line 62 (Message): Unknown keyword "MINWIDTH" in LEF file; ignoring.
LEF read, Line 69 (Message): Unknown keyword "ANTENNAMODEL" in LEF file; ignoring.
LEF read, Line 79 (Message): Unknown keyword "DENSITYCHECKWINDOW" in LEF file; ignoring.
LEF read, Line 80 (Message): Unknown keyword "DENSITYCHECKSTEP" in LEF file; ignoring.
LEF read, Line 93 (Message): Unknown keyword "ARRAYSPACING" in LEF file; ignoring.
LEF read, Line 97 (Message): Unknown keyword "ANTENNAMODEL" in LEF file; ignoring.
LEF read, Line 109 (Message): Unknown keyword "MINWIDTH" in LEF file; ignoring.
LEF read, Line 116 (Message): Unknown keyword "ANTENNAMODEL" in LEF file; ignoring.
LEF read, Line 117 (Message): Unknown keyword "ANTENNADIFFSIDEAREARATIO" in LEF file; ignoring.
LEF read, Line 118 (Message): Unknown keyword "ANTENNAGATEPLUSDIFF" in LEF file; ignoring.
LEF read, Line 127 (Message): Unknown keyword "DENSITYCHECKWINDOW" in LEF file; ignoring.
LEF read, Line 128 (Message): Unknown keyword "DENSITYCHECKSTEP" in LEF file; ignoring.
LEF read, Line 144 (Message): Unknown keyword "ARRAYSPACING" in LEF file; ignoring.
LEF read, Line 148 (Message): Unknown keyword "ANTENNAMODEL" in LEF file; ignoring.
LEF read, Line 160 (Message): Unknown keyword "MINWIDTH" in LEF file; ignoring.
LEF read, Line 167 (Message): Unknown keyword "ANTENNAMODEL" in LEF file; ignoring.
LEF read, Line 168 (Message): Unknown keyword "ANTENNADIFFSIDEAREARATIO" in LEF file; ignoring.
LEF read, Line 169 (Message): Unknown keyword "ANTENNAGATEPLUSDIFF" in LEF file; ignoring.
LEF read, Line 178 (Message): Unknown keyword "DENSITYCHECKWINDOW" in LEF file; ignoring.
LEF read, Line 179 (Message): Unknown keyword "DENSITYCHECKSTEP" in LEF file; ignoring.
LEF read, Line 195 (Message): Unknown keyword "ARRAYSPACING" in LEF file; ignoring.
LEF read, Line 199 (Message): Unknown keyword "ANTENNAMODEL" in LEF file; ignoring.
LEF read, Line 211 (Message): Unknown keyword "MINWIDTH" in LEF file; ignoring.
LEF read, Line 218 (Message): Unknown keyword "ANTENNAMODEL" in LEF file; ignoring.
LEF read, Line 219 (Message): Unknown keyword "ANTENNADIFFSIDEAREARATIO" in LEF file; ignoring.
LEF read, Line 220 (Message): Unknown keyword "ANTENNAGATEPLUSDIFF" in LEF file; ignoring.
LEF read, Line 229 (Message): Unknown keyword "DENSITYCHECKWINDOW" in LEF file; ignoring.
LEF read, Line 230 (Message): Unknown keyword "DENSITYCHECKSTEP" in LEF file; ignoring.
LEF read, Line 247 (Message): Unknown keyword "ARRAYSPACING" in LEF file; ignoring.
LEF read, Line 251 (Message): Unknown keyword "ANTENNAMODEL" in LEF file; ignoring.
LEF read, Line 265 (Message): Unknown keyword "MINWIDTH" in LEF file; ignoring.
LEF read, Line 277 (Message): Unknown keyword "ANTENNAMODEL" in LEF file; ignoring.
LEF read, Line 278 (Message): Unknown keyword "ANTENNADIFFSIDEAREARATIO" in LEF file; ignoring.
LEF read, Line 279 (Message): Unknown keyword "ANTENNAGATEPLUSDIFF" in LEF file; ignoring.
LEF read, Line 284 (Message): Unknown keyword "DENSITYCHECKWINDOW" in LEF file; ignoring.
LEF read, Line 285 (Message): Unknown keyword "DENSITYCHECKSTEP" in LEF file; ignoring.
LEF read: Processed 2437 lines.
Reading LEF data from file /Users/lrburle/Library/CloudStorage/OneDrive-Personal/PhD/projects/osu180cells/openlane/ffra_wrapper/../../lef/ffra.lef.
This action cannot be undone.
LEF read: Processed 316 lines.
Reading DEF data from file /Users/lrburle/Library/CloudStorage/OneDrive-Personal/PhD/projects/osu180cells/openlane/ffra_wrapper/runs/23_02_08_20_57/results/routing/ffra_wrapper.def.
This action cannot be undone.
  Processed 2 vias total.
  Processed 1 subcell instances total.
  Processed 418 pins total.
  Processed 2 special nets total.
  Processed 416 nets total.
DEF read: Processed 5531 lines.
Extracting ffra into ffra.ext:
Extracting ffra_wrapper into ffra_wrapper.ext:
exttospice finished.
