
Magic 8.3 revision 331 - Compiled on Sat Oct 22 19:00:18 UTC 2022.
Starting magic under Tcl interpreter
Using the terminal as the console.
Using NULL graphics device.
Processing system .magicrc file
Sourcing design .magicrc for technology gf180mcuC ...
10 Magic internal units = 1 Lambda
Input style import: scaleFactor=10, multiplier=2
The following types are not handled by extraction and will be treated as non-electrical types:
    obsactive mvobsactive filldiff fillpoly m1hole obsm1 fillm1 obsv1 m2hole obsm2 fillm2 obsv2 m3hole obsm3 fillm3 m4hole obsm4 fillm4 m5hole obsm5 fillm5 glass fillblock lvstext obscomment 
Scaled tech values by 10 / 1 to match internal grid scaling
Loading gf180mcuC Device Generator Menu ...
Using technology "gf180mcuC", version 1.0.359-0-g35c7265
Reading LEF data from file /Users/lrburle/OneDrive/PhD/projects/osu180cells/dependencies/pdks/gf180mcuC/libs.ref/gf180mcu_osu_sc_gp9t3v3/techlef/gf180mcu_osu_sc_gp9t3v3.tlef.
This action cannot be undone.
LEF read, Line 62 (Message): Unknown keyword "MINWIDTH" in LEF file; ignoring.
LEF read, Line 69 (Message): Unknown keyword "ANTENNAMODEL" in LEF file; ignoring.
LEF read, Line 79 (Message): Unknown keyword "DENSITYCHECKWINDOW" in LEF file; ignoring.
LEF read, Line 80 (Message): Unknown keyword "DENSITYCHECKSTEP" in LEF file; ignoring.
LEF read, Line 93 (Message): Unknown keyword "ARRAYSPACING" in LEF file; ignoring.
LEF read, Line 97 (Message): Unknown keyword "ANTENNAMODEL" in LEF file; ignoring.
LEF read, Line 109 (Message): Unknown keyword "MINWIDTH" in LEF file; ignoring.
LEF read, Line 116 (Message): Unknown keyword "ANTENNAMODEL" in LEF file; ignoring.
LEF read, Line 117 (Message): Unknown keyword "ANTENNADIFFSIDEAREARATIO" in LEF file; ignoring.
LEF read, Line 118 (Message): Unknown keyword "ANTENNAGATEPLUSDIFF" in LEF file; ignoring.
LEF read, Line 127 (Message): Unknown keyword "DENSITYCHECKWINDOW" in LEF file; ignoring.
LEF read, Line 128 (Message): Unknown keyword "DENSITYCHECKSTEP" in LEF file; ignoring.
LEF read, Line 144 (Message): Unknown keyword "ARRAYSPACING" in LEF file; ignoring.
LEF read, Line 148 (Message): Unknown keyword "ANTENNAMODEL" in LEF file; ignoring.
LEF read, Line 160 (Message): Unknown keyword "MINWIDTH" in LEF file; ignoring.
LEF read, Line 167 (Message): Unknown keyword "ANTENNAMODEL" in LEF file; ignoring.
LEF read, Line 168 (Message): Unknown keyword "ANTENNADIFFSIDEAREARATIO" in LEF file; ignoring.
LEF read, Line 169 (Message): Unknown keyword "ANTENNAGATEPLUSDIFF" in LEF file; ignoring.
LEF read, Line 178 (Message): Unknown keyword "DENSITYCHECKWINDOW" in LEF file; ignoring.
LEF read, Line 179 (Message): Unknown keyword "DENSITYCHECKSTEP" in LEF file; ignoring.
LEF read, Line 195 (Message): Unknown keyword "ARRAYSPACING" in LEF file; ignoring.
LEF read, Line 199 (Message): Unknown keyword "ANTENNAMODEL" in LEF file; ignoring.
LEF read, Line 211 (Message): Unknown keyword "MINWIDTH" in LEF file; ignoring.
LEF read, Line 218 (Message): Unknown keyword "ANTENNAMODEL" in LEF file; ignoring.
LEF read, Line 219 (Message): Unknown keyword "ANTENNADIFFSIDEAREARATIO" in LEF file; ignoring.
LEF read, Line 220 (Message): Unknown keyword "ANTENNAGATEPLUSDIFF" in LEF file; ignoring.
LEF read, Line 229 (Message): Unknown keyword "DENSITYCHECKWINDOW" in LEF file; ignoring.
LEF read, Line 230 (Message): Unknown keyword "DENSITYCHECKSTEP" in LEF file; ignoring.
LEF read, Line 247 (Message): Unknown keyword "ARRAYSPACING" in LEF file; ignoring.
LEF read, Line 251 (Message): Unknown keyword "ANTENNAMODEL" in LEF file; ignoring.
LEF read, Line 265 (Message): Unknown keyword "MINWIDTH" in LEF file; ignoring.
LEF read, Line 277 (Message): Unknown keyword "ANTENNAMODEL" in LEF file; ignoring.
LEF read, Line 278 (Message): Unknown keyword "ANTENNADIFFSIDEAREARATIO" in LEF file; ignoring.
LEF read, Line 279 (Message): Unknown keyword "ANTENNAGATEPLUSDIFF" in LEF file; ignoring.
LEF read, Line 284 (Message): Unknown keyword "DENSITYCHECKWINDOW" in LEF file; ignoring.
LEF read, Line 285 (Message): Unknown keyword "DENSITYCHECKSTEP" in LEF file; ignoring.
LEF read: Processed 2437 lines.
Reading LEF data from file /Users/lrburle/Library/CloudStorage/OneDrive-Personal/PhD/projects/osu180cells/openlane/ffra_wrapper/../../lef/ffra.lef.
This action cannot be undone.
LEF read: Processed 537 lines.
Reading DEF data from file /Users/lrburle/Library/CloudStorage/OneDrive-Personal/PhD/projects/osu180cells/openlane/ffra_wrapper/runs/23_02_08_19_36/results/routing/ffra_wrapper.def.
This action cannot be undone.
  Processed 2 vias total.
  Processed 1 subcell instances total.
  Processed 418 pins total.
  Processed 2 special nets total.
  Processed 416 nets total.
DEF read: Processed 6027 lines.
Root cell box:
           width x height  (   llx,  lly  ), (   urx,  ury  )  area (units^2)

microns:  2980.200 x 2980.200  ( 0.000,  0.000), ( 2980.200,  2980.200)  8881591.000
lambda:   59604.00 x 59604.00  (  0.00,  0.00 ), ( 59604.00,  59604.00)  3552636928.00
internal: 596040 x 596040  (     0,  0    ), ( 596040,  596040)  355263681600
Warning: Calma reading is not undoable!  I hope that's OK.
Library written using GDS-II Release 3.0
Library name: ffra
Reading "gf180mcu_osu_sc_gp9t3v3__fill_16".
Reading "gf180mcu_osu_sc_gp9t3v3__fill_8".
Reading "gf180mcu_osu_sc_gp9t3v3__buf_1".
Reading "gf180mcu_osu_sc_gp9t3v3__fill_1".
Reading "gf180mcu_osu_sc_gp9t3v3__fill_4".
Reading "gf180mcu_osu_sc_gp9t3v3__fill_2".
Reading "gf180mcu_osu_sc_gp9t3v3__clkinv_1".
Reading "gf180mcu_osu_sc_gp9t3v3__nand2_1".
Reading "gf180mcu_osu_sc_gp9t3v3__and2_1".
Reading "gf180mcu_osu_sc_gp9t3v3__nor2_1".
Reading "gf180mcu_osu_sc_gp9t3v3__clkbuf_1".
Reading "gf180mcu_osu_sc_gp9t3v3__xnor2_1".
Reading "gf180mcu_osu_sc_gp9t3v3__or2_1".
Reading "gf180mcu_osu_sc_gp9t3v3__oai21_1".
Reading "gf180mcu_osu_sc_gp9t3v3__xor2_1".
Reading "gf180mcu_osu_sc_gp9t3v3__aoi21_1".
Reading "gf180mcu_osu_sc_gp9t3v3__aoi22_1".
Reading "gf180mcu_osu_sc_gp9t3v3__buf_2".
Reading "gf180mcu_osu_sc_gp9t3v3__oai31_1".
Reading "gf180mcu_osu_sc_gp9t3v3__dff_1".
Reading "gf180mcu_osu_sc_gp9t3v3__buf_4".
Reading "ffra".
Warning:  cell ffra already existed before reading GDS!
    5000 uses
    10000 uses
    15000 uses
    20000 uses
    25000 uses
    30000 uses
    35000 uses
    40000 uses
    45000 uses
   Generating output for cell gf180mcu_osu_sc_gp9t3v3__fill_4
   Generating output for cell gf180mcu_osu_sc_gp9t3v3__fill_2
   Generating output for cell gf180mcu_osu_sc_gp9t3v3__fill_1
   Generating output for cell gf180mcu_osu_sc_gp9t3v3__fill_16
   Generating output for cell gf180mcu_osu_sc_gp9t3v3__buf_4
   Generating output for cell gf180mcu_osu_sc_gp9t3v3__buf_1
   Generating output for cell gf180mcu_osu_sc_gp9t3v3__fill_8
   Generating output for cell gf180mcu_osu_sc_gp9t3v3__dff_1
   Generating output for cell gf180mcu_osu_sc_gp9t3v3__buf_2
   Generating output for cell gf180mcu_osu_sc_gp9t3v3__nor2_1
   Generating output for cell gf180mcu_osu_sc_gp9t3v3__oai21_1
   Generating output for cell gf180mcu_osu_sc_gp9t3v3__clkbuf_1
   Generating output for cell gf180mcu_osu_sc_gp9t3v3__or2_1
   Generating output for cell gf180mcu_osu_sc_gp9t3v3__xnor2_1
   Generating output for cell gf180mcu_osu_sc_gp9t3v3__aoi21_1
   Generating output for cell gf180mcu_osu_sc_gp9t3v3__aoi22_1
   Generating output for cell gf180mcu_osu_sc_gp9t3v3__xor2_1
   Generating output for cell gf180mcu_osu_sc_gp9t3v3__clkinv_1
   Generating output for cell gf180mcu_osu_sc_gp9t3v3__nand2_1
   Generating output for cell gf180mcu_osu_sc_gp9t3v3__oai31_1
   Generating output for cell gf180mcu_osu_sc_gp9t3v3__and2_1
   Generating output for cell ffra
   Generating output for cell ffra_wrapper
[INFO]: GDS Write Complete
