
Cell ffra (0) disconnected node: a[0]
Cell ffra (0) disconnected node: a[1]
Cell ffra (0) disconnected node: a[2]
Cell ffra (0) disconnected node: a[3]
Cell ffra (0) disconnected node: a[4]
Cell ffra (0) disconnected node: a[5]
Cell ffra (0) disconnected node: a[6]
Cell ffra (0) disconnected node: a[7]
Cell ffra (0) disconnected node: b[0]
Cell ffra (0) disconnected node: b[1]
Cell ffra (0) disconnected node: b[2]
Cell ffra (0) disconnected node: b[3]
Cell ffra (0) disconnected node: b[4]
Cell ffra (0) disconnected node: b[5]
Cell ffra (0) disconnected node: b[6]
Cell ffra (0) disconnected node: b[7]
Cell ffra (0) disconnected node: ci[0]
Cell ffra (0) disconnected node: ci[10]
Cell ffra (0) disconnected node: ci[11]
Cell ffra (0) disconnected node: ci[12]
Cell ffra (0) disconnected node: ci[13]
Cell ffra (0) disconnected node: ci[14]
Cell ffra (0) disconnected node: ci[15]
Cell ffra (0) disconnected node: ci[1]
Cell ffra (0) disconnected node: ci[2]
Cell ffra (0) disconnected node: ci[3]
Cell ffra (0) disconnected node: ci[4]
Cell ffra (0) disconnected node: ci[5]
Cell ffra (0) disconnected node: ci[6]
Cell ffra (0) disconnected node: ci[7]
Cell ffra (0) disconnected node: ci[8]
Cell ffra (0) disconnected node: ci[9]
Cell ffra (0) disconnected node: clk
Cell ffra (0) disconnected node: o[0]
Cell ffra (0) disconnected node: o[10]
Cell ffra (0) disconnected node: o[11]
Cell ffra (0) disconnected node: o[12]
Cell ffra (0) disconnected node: o[13]
Cell ffra (0) disconnected node: o[14]
Cell ffra (0) disconnected node: o[15]
Cell ffra (0) disconnected node: o[1]
Cell ffra (0) disconnected node: o[2]
Cell ffra (0) disconnected node: o[3]
Cell ffra (0) disconnected node: o[4]
Cell ffra (0) disconnected node: o[5]
Cell ffra (0) disconnected node: o[6]
Cell ffra (0) disconnected node: o[7]
Cell ffra (0) disconnected node: o[8]
Cell ffra (0) disconnected node: o[9]
Cell ffra (0) disconnected node: rst
Cell ffra (0) disconnected node: vdd
Cell ffra (0) disconnected node: vss
Warning: Equate pins:  cell ffra is a placeholder, treated as a black box.

Subcircuit pins:
Circuit 1: ffra                            |Circuit 2: ffra                            
-------------------------------------------|-------------------------------------------
a[0]                                       |a[0]                                       
a[1]                                       |a[1]                                       
a[2]                                       |a[2]                                       
a[3]                                       |a[3]                                       
a[4]                                       |a[4]                                       
a[5]                                       |a[5]                                       
a[6]                                       |a[6]                                       
a[7]                                       |a[7]                                       
b[0]                                       |b[0]                                       
b[1]                                       |b[1]                                       
b[2]                                       |b[2]                                       
b[3]                                       |b[3]                                       
b[4]                                       |b[4]                                       
b[5]                                       |b[5]                                       
b[6]                                       |b[6]                                       
b[7]                                       |b[7]                                       
ci[0]                                      |ci[0]                                      
ci[10]                                     |ci[10]                                     
ci[11]                                     |ci[11]                                     
ci[12]                                     |ci[12]                                     
ci[13]                                     |ci[13]                                     
ci[14]                                     |ci[14]                                     
ci[15]                                     |ci[15]                                     
ci[1]                                      |ci[1]                                      
ci[2]                                      |ci[2]                                      
ci[3]                                      |ci[3]                                      
ci[4]                                      |ci[4]                                      
ci[5]                                      |ci[5]                                      
ci[6]                                      |ci[6]                                      
ci[7]                                      |ci[7]                                      
ci[8]                                      |ci[8]                                      
ci[9]                                      |ci[9]                                      
clk                                        |clk                                        
o[0]                                       |o[0]                                       
o[10]                                      |o[10]                                      
o[11]                                      |o[11]                                      
o[12]                                      |o[12]                                      
o[13]                                      |o[13]                                      
o[14]                                      |o[14]                                      
o[15]                                      |o[15]                                      
o[1]                                       |o[1]                                       
o[2]                                       |o[2]                                       
o[3]                                       |o[3]                                       
o[4]                                       |o[4]                                       
o[5]                                       |o[5]                                       
o[6]                                       |o[6]                                       
o[7]                                       |o[7]                                       
o[8]                                       |o[8]                                       
o[9]                                       |o[9]                                       
rst                                        |rst                                        
vdd                                        |vdd                                        
vss                                        |vss                                        
---------------------------------------------------------------------------------------
Cell pin lists are equivalent.
Device classes ffra and ffra are equivalent.

Cell ffra_wrapper (0) disconnected node: io_in[32]
Cell ffra_wrapper (0) disconnected node: io_in[33]
Cell ffra_wrapper (0) disconnected node: io_in[34]
Cell ffra_wrapper (0) disconnected node: io_in[35]
Cell ffra_wrapper (0) disconnected node: io_in[36]
Cell ffra_wrapper (0) disconnected node: io_in[37]
Cell ffra_wrapper (0) disconnected node: io_oeb[0]
Cell ffra_wrapper (0) disconnected node: io_oeb[10]
Cell ffra_wrapper (0) disconnected node: io_oeb[11]
Cell ffra_wrapper (0) disconnected node: io_oeb[12]
Cell ffra_wrapper (0) disconnected node: io_oeb[13]
Cell ffra_wrapper (0) disconnected node: io_oeb[14]
Cell ffra_wrapper (0) disconnected node: io_oeb[15]
Cell ffra_wrapper (0) disconnected node: io_oeb[16]
Cell ffra_wrapper (0) disconnected node: io_oeb[17]
Cell ffra_wrapper (0) disconnected node: io_oeb[18]
Cell ffra_wrapper (0) disconnected node: io_oeb[19]
Cell ffra_wrapper (0) disconnected node: io_oeb[1]
Cell ffra_wrapper (0) disconnected node: io_oeb[20]
Cell ffra_wrapper (0) disconnected node: io_oeb[21]
Cell ffra_wrapper (0) disconnected node: io_oeb[22]
Cell ffra_wrapper (0) disconnected node: io_oeb[23]
Cell ffra_wrapper (0) disconnected node: io_oeb[24]
Cell ffra_wrapper (0) disconnected node: io_oeb[25]
Cell ffra_wrapper (0) disconnected node: io_oeb[26]
Cell ffra_wrapper (0) disconnected node: io_oeb[27]
Cell ffra_wrapper (0) disconnected node: io_oeb[28]
Cell ffra_wrapper (0) disconnected node: io_oeb[29]
Cell ffra_wrapper (0) disconnected node: io_oeb[2]
Cell ffra_wrapper (0) disconnected node: io_oeb[30]
Cell ffra_wrapper (0) disconnected node: io_oeb[31]
Cell ffra_wrapper (0) disconnected node: io_oeb[32]
Cell ffra_wrapper (0) disconnected node: io_oeb[33]
Cell ffra_wrapper (0) disconnected node: io_oeb[34]
Cell ffra_wrapper (0) disconnected node: io_oeb[35]
Cell ffra_wrapper (0) disconnected node: io_oeb[36]
Cell ffra_wrapper (0) disconnected node: io_oeb[37]
Cell ffra_wrapper (0) disconnected node: io_oeb[3]
Cell ffra_wrapper (0) disconnected node: io_oeb[4]
Cell ffra_wrapper (0) disconnected node: io_oeb[5]
Cell ffra_wrapper (0) disconnected node: io_oeb[6]
Cell ffra_wrapper (0) disconnected node: io_oeb[7]
Cell ffra_wrapper (0) disconnected node: io_oeb[8]
Cell ffra_wrapper (0) disconnected node: io_oeb[9]
Cell ffra_wrapper (0) disconnected node: io_out[16]
Cell ffra_wrapper (0) disconnected node: io_out[17]
Cell ffra_wrapper (0) disconnected node: io_out[18]
Cell ffra_wrapper (0) disconnected node: io_out[19]
Cell ffra_wrapper (0) disconnected node: io_out[20]
Cell ffra_wrapper (0) disconnected node: io_out[21]
Cell ffra_wrapper (0) disconnected node: io_out[22]
Cell ffra_wrapper (0) disconnected node: io_out[23]
Cell ffra_wrapper (0) disconnected node: io_out[24]
Cell ffra_wrapper (0) disconnected node: io_out[25]
Cell ffra_wrapper (0) disconnected node: io_out[26]
Cell ffra_wrapper (0) disconnected node: io_out[27]
Cell ffra_wrapper (0) disconnected node: io_out[28]
Cell ffra_wrapper (0) disconnected node: io_out[29]
Cell ffra_wrapper (0) disconnected node: io_out[30]
Cell ffra_wrapper (0) disconnected node: io_out[31]
Cell ffra_wrapper (0) disconnected node: io_out[32]
Cell ffra_wrapper (0) disconnected node: io_out[33]
Cell ffra_wrapper (0) disconnected node: io_out[34]
Cell ffra_wrapper (0) disconnected node: io_out[35]
Cell ffra_wrapper (0) disconnected node: io_out[36]
Cell ffra_wrapper (0) disconnected node: io_out[37]
Cell ffra_wrapper (0) disconnected node: la_data_in[0]
Cell ffra_wrapper (0) disconnected node: la_data_in[10]
Cell ffra_wrapper (0) disconnected node: la_data_in[11]
Cell ffra_wrapper (0) disconnected node: la_data_in[12]
Cell ffra_wrapper (0) disconnected node: la_data_in[13]
Cell ffra_wrapper (0) disconnected node: la_data_in[14]
Cell ffra_wrapper (0) disconnected node: la_data_in[15]
Cell ffra_wrapper (0) disconnected node: la_data_in[16]
Cell ffra_wrapper (0) disconnected node: la_data_in[17]
Cell ffra_wrapper (0) disconnected node: la_data_in[18]
Cell ffra_wrapper (0) disconnected node: la_data_in[19]
Cell ffra_wrapper (0) disconnected node: la_data_in[1]
Cell ffra_wrapper (0) disconnected node: la_data_in[20]
Cell ffra_wrapper (0) disconnected node: la_data_in[21]
Cell ffra_wrapper (0) disconnected node: la_data_in[22]
Cell ffra_wrapper (0) disconnected node: la_data_in[23]
Cell ffra_wrapper (0) disconnected node: la_data_in[24]
Cell ffra_wrapper (0) disconnected node: la_data_in[25]
Cell ffra_wrapper (0) disconnected node: la_data_in[26]
Cell ffra_wrapper (0) disconnected node: la_data_in[27]
Cell ffra_wrapper (0) disconnected node: la_data_in[28]
Cell ffra_wrapper (0) disconnected node: la_data_in[29]
Cell ffra_wrapper (0) disconnected node: la_data_in[2]
Cell ffra_wrapper (0) disconnected node: la_data_in[30]
Cell ffra_wrapper (0) disconnected node: la_data_in[31]
Cell ffra_wrapper (0) disconnected node: la_data_in[32]
Cell ffra_wrapper (0) disconnected node: la_data_in[33]
Cell ffra_wrapper (0) disconnected node: la_data_in[34]
Cell ffra_wrapper (0) disconnected node: la_data_in[35]
Cell ffra_wrapper (0) disconnected node: la_data_in[36]
Cell ffra_wrapper (0) disconnected node: la_data_in[37]
Cell ffra_wrapper (0) disconnected node: la_data_in[38]
Cell ffra_wrapper (0) disconnected node: la_data_in[39]
Cell ffra_wrapper (0) disconnected node: la_data_in[3]
Cell ffra_wrapper (0) disconnected node: la_data_in[40]
Cell ffra_wrapper (0) disconnected node: la_data_in[41]
Cell ffra_wrapper (0) disconnected node: la_data_in[42]
Cell ffra_wrapper (0) disconnected node: la_data_in[43]
Cell ffra_wrapper (0) disconnected node: la_data_in[44]
Cell ffra_wrapper (0) disconnected node: la_data_in[45]
Cell ffra_wrapper (0) disconnected node: la_data_in[46]
Cell ffra_wrapper (0) disconnected node: la_data_in[47]
Cell ffra_wrapper (0) disconnected node: la_data_in[48]
Cell ffra_wrapper (0) disconnected node: la_data_in[49]
Cell ffra_wrapper (0) disconnected node: la_data_in[4]
Cell ffra_wrapper (0) disconnected node: la_data_in[50]
Cell ffra_wrapper (0) disconnected node: la_data_in[51]
Cell ffra_wrapper (0) disconnected node: la_data_in[52]
Cell ffra_wrapper (0) disconnected node: la_data_in[53]
Cell ffra_wrapper (0) disconnected node: la_data_in[54]
Cell ffra_wrapper (0) disconnected node: la_data_in[55]
Cell ffra_wrapper (0) disconnected node: la_data_in[56]
Cell ffra_wrapper (0) disconnected node: la_data_in[57]
Cell ffra_wrapper (0) disconnected node: la_data_in[58]
Cell ffra_wrapper (0) disconnected node: la_data_in[59]
Cell ffra_wrapper (0) disconnected node: la_data_in[5]
Cell ffra_wrapper (0) disconnected node: la_data_in[60]
Cell ffra_wrapper (0) disconnected node: la_data_in[61]
Cell ffra_wrapper (0) disconnected node: la_data_in[62]
Cell ffra_wrapper (0) disconnected node: la_data_in[63]
Cell ffra_wrapper (0) disconnected node: la_data_in[6]
Cell ffra_wrapper (0) disconnected node: la_data_in[7]
Cell ffra_wrapper (0) disconnected node: la_data_in[8]
Cell ffra_wrapper (0) disconnected node: la_data_in[9]
Cell ffra_wrapper (0) disconnected node: la_data_out[0]
Cell ffra_wrapper (0) disconnected node: la_data_out[10]
Cell ffra_wrapper (0) disconnected node: la_data_out[11]
Cell ffra_wrapper (0) disconnected node: la_data_out[12]
Cell ffra_wrapper (0) disconnected node: la_data_out[13]
Cell ffra_wrapper (0) disconnected node: la_data_out[14]
Cell ffra_wrapper (0) disconnected node: la_data_out[15]
Cell ffra_wrapper (0) disconnected node: la_data_out[16]
Cell ffra_wrapper (0) disconnected node: la_data_out[17]
Cell ffra_wrapper (0) disconnected node: la_data_out[18]
Cell ffra_wrapper (0) disconnected node: la_data_out[19]
Cell ffra_wrapper (0) disconnected node: la_data_out[1]
Cell ffra_wrapper (0) disconnected node: la_data_out[20]
Cell ffra_wrapper (0) disconnected node: la_data_out[21]
Cell ffra_wrapper (0) disconnected node: la_data_out[22]
Cell ffra_wrapper (0) disconnected node: la_data_out[23]
Cell ffra_wrapper (0) disconnected node: la_data_out[24]
Cell ffra_wrapper (0) disconnected node: la_data_out[25]
Cell ffra_wrapper (0) disconnected node: la_data_out[26]
Cell ffra_wrapper (0) disconnected node: la_data_out[27]
Cell ffra_wrapper (0) disconnected node: la_data_out[28]
Cell ffra_wrapper (0) disconnected node: la_data_out[29]
Cell ffra_wrapper (0) disconnected node: la_data_out[2]
Cell ffra_wrapper (0) disconnected node: la_data_out[30]
Cell ffra_wrapper (0) disconnected node: la_data_out[31]
Cell ffra_wrapper (0) disconnected node: la_data_out[32]
Cell ffra_wrapper (0) disconnected node: la_data_out[33]
Cell ffra_wrapper (0) disconnected node: la_data_out[34]
Cell ffra_wrapper (0) disconnected node: la_data_out[35]
Cell ffra_wrapper (0) disconnected node: la_data_out[36]
Cell ffra_wrapper (0) disconnected node: la_data_out[37]
Cell ffra_wrapper (0) disconnected node: la_data_out[38]
Cell ffra_wrapper (0) disconnected node: la_data_out[39]
Cell ffra_wrapper (0) disconnected node: la_data_out[3]
Cell ffra_wrapper (0) disconnected node: la_data_out[40]
Cell ffra_wrapper (0) disconnected node: la_data_out[41]
Cell ffra_wrapper (0) disconnected node: la_data_out[42]
Cell ffra_wrapper (0) disconnected node: la_data_out[43]
Cell ffra_wrapper (0) disconnected node: la_data_out[44]
Cell ffra_wrapper (0) disconnected node: la_data_out[45]
Cell ffra_wrapper (0) disconnected node: la_data_out[46]
Cell ffra_wrapper (0) disconnected node: la_data_out[47]
Cell ffra_wrapper (0) disconnected node: la_data_out[48]
Cell ffra_wrapper (0) disconnected node: la_data_out[49]
Cell ffra_wrapper (0) disconnected node: la_data_out[4]
Cell ffra_wrapper (0) disconnected node: la_data_out[50]
Cell ffra_wrapper (0) disconnected node: la_data_out[51]
Cell ffra_wrapper (0) disconnected node: la_data_out[52]
Cell ffra_wrapper (0) disconnected node: la_data_out[53]
Cell ffra_wrapper (0) disconnected node: la_data_out[54]
Cell ffra_wrapper (0) disconnected node: la_data_out[55]
Cell ffra_wrapper (0) disconnected node: la_data_out[56]
Cell ffra_wrapper (0) disconnected node: la_data_out[57]
Cell ffra_wrapper (0) disconnected node: la_data_out[58]
Cell ffra_wrapper (0) disconnected node: la_data_out[59]
Cell ffra_wrapper (0) disconnected node: la_data_out[5]
Cell ffra_wrapper (0) disconnected node: la_data_out[60]
Cell ffra_wrapper (0) disconnected node: la_data_out[61]
Cell ffra_wrapper (0) disconnected node: la_data_out[62]
Cell ffra_wrapper (0) disconnected node: la_data_out[63]
Cell ffra_wrapper (0) disconnected node: la_data_out[6]
Cell ffra_wrapper (0) disconnected node: la_data_out[7]
Cell ffra_wrapper (0) disconnected node: la_data_out[8]
Cell ffra_wrapper (0) disconnected node: la_data_out[9]
Cell ffra_wrapper (0) disconnected node: la_oenb[0]
Cell ffra_wrapper (0) disconnected node: la_oenb[10]
Cell ffra_wrapper (0) disconnected node: la_oenb[11]
Cell ffra_wrapper (0) disconnected node: la_oenb[12]
Cell ffra_wrapper (0) disconnected node: la_oenb[13]
Cell ffra_wrapper (0) disconnected node: la_oenb[14]
Cell ffra_wrapper (0) disconnected node: la_oenb[15]
Cell ffra_wrapper (0) disconnected node: la_oenb[16]
Cell ffra_wrapper (0) disconnected node: la_oenb[17]
Cell ffra_wrapper (0) disconnected node: la_oenb[18]
Cell ffra_wrapper (0) disconnected node: la_oenb[19]
Cell ffra_wrapper (0) disconnected node: la_oenb[1]
Cell ffra_wrapper (0) disconnected node: la_oenb[20]
Cell ffra_wrapper (0) disconnected node: la_oenb[21]
Cell ffra_wrapper (0) disconnected node: la_oenb[22]
Cell ffra_wrapper (0) disconnected node: la_oenb[23]
Cell ffra_wrapper (0) disconnected node: la_oenb[24]
Cell ffra_wrapper (0) disconnected node: la_oenb[25]
Cell ffra_wrapper (0) disconnected node: la_oenb[26]
Cell ffra_wrapper (0) disconnected node: la_oenb[27]
Cell ffra_wrapper (0) disconnected node: la_oenb[28]
Cell ffra_wrapper (0) disconnected node: la_oenb[29]
Cell ffra_wrapper (0) disconnected node: la_oenb[2]
Cell ffra_wrapper (0) disconnected node: la_oenb[30]
Cell ffra_wrapper (0) disconnected node: la_oenb[31]
Cell ffra_wrapper (0) disconnected node: la_oenb[32]
Cell ffra_wrapper (0) disconnected node: la_oenb[33]
Cell ffra_wrapper (0) disconnected node: la_oenb[34]
Cell ffra_wrapper (0) disconnected node: la_oenb[35]
Cell ffra_wrapper (0) disconnected node: la_oenb[36]
Cell ffra_wrapper (0) disconnected node: la_oenb[37]
Cell ffra_wrapper (0) disconnected node: la_oenb[38]
Cell ffra_wrapper (0) disconnected node: la_oenb[39]
Cell ffra_wrapper (0) disconnected node: la_oenb[3]
Cell ffra_wrapper (0) disconnected node: la_oenb[40]
Cell ffra_wrapper (0) disconnected node: la_oenb[41]
Cell ffra_wrapper (0) disconnected node: la_oenb[42]
Cell ffra_wrapper (0) disconnected node: la_oenb[43]
Cell ffra_wrapper (0) disconnected node: la_oenb[44]
Cell ffra_wrapper (0) disconnected node: la_oenb[45]
Cell ffra_wrapper (0) disconnected node: la_oenb[46]
Cell ffra_wrapper (0) disconnected node: la_oenb[47]
Cell ffra_wrapper (0) disconnected node: la_oenb[48]
Cell ffra_wrapper (0) disconnected node: la_oenb[49]
Cell ffra_wrapper (0) disconnected node: la_oenb[4]
Cell ffra_wrapper (0) disconnected node: la_oenb[50]
Cell ffra_wrapper (0) disconnected node: la_oenb[51]
Cell ffra_wrapper (0) disconnected node: la_oenb[52]
Cell ffra_wrapper (0) disconnected node: la_oenb[53]
Cell ffra_wrapper (0) disconnected node: la_oenb[54]
Cell ffra_wrapper (0) disconnected node: la_oenb[55]
Cell ffra_wrapper (0) disconnected node: la_oenb[56]
Cell ffra_wrapper (0) disconnected node: la_oenb[57]
Cell ffra_wrapper (0) disconnected node: la_oenb[58]
Cell ffra_wrapper (0) disconnected node: la_oenb[59]
Cell ffra_wrapper (0) disconnected node: la_oenb[5]
Cell ffra_wrapper (0) disconnected node: la_oenb[60]
Cell ffra_wrapper (0) disconnected node: la_oenb[61]
Cell ffra_wrapper (0) disconnected node: la_oenb[62]
Cell ffra_wrapper (0) disconnected node: la_oenb[63]
Cell ffra_wrapper (0) disconnected node: la_oenb[6]
Cell ffra_wrapper (0) disconnected node: la_oenb[7]
Cell ffra_wrapper (0) disconnected node: la_oenb[8]
Cell ffra_wrapper (0) disconnected node: la_oenb[9]
Cell ffra_wrapper (0) disconnected node: user_clock2
Cell ffra_wrapper (0) disconnected node: user_irq[0]
Cell ffra_wrapper (0) disconnected node: user_irq[1]
Cell ffra_wrapper (0) disconnected node: user_irq[2]
Cell ffra_wrapper (0) disconnected node: wbs_ack_o
Cell ffra_wrapper (0) disconnected node: wbs_adr_i[0]
Cell ffra_wrapper (0) disconnected node: wbs_adr_i[10]
Cell ffra_wrapper (0) disconnected node: wbs_adr_i[11]
Cell ffra_wrapper (0) disconnected node: wbs_adr_i[12]
Cell ffra_wrapper (0) disconnected node: wbs_adr_i[13]
Cell ffra_wrapper (0) disconnected node: wbs_adr_i[14]
Cell ffra_wrapper (0) disconnected node: wbs_adr_i[15]
Cell ffra_wrapper (0) disconnected node: wbs_adr_i[16]
Cell ffra_wrapper (0) disconnected node: wbs_adr_i[17]
Cell ffra_wrapper (0) disconnected node: wbs_adr_i[18]
Cell ffra_wrapper (0) disconnected node: wbs_adr_i[19]
Cell ffra_wrapper (0) disconnected node: wbs_adr_i[1]
Cell ffra_wrapper (0) disconnected node: wbs_adr_i[20]
Cell ffra_wrapper (0) disconnected node: wbs_adr_i[21]
Cell ffra_wrapper (0) disconnected node: wbs_adr_i[22]
Cell ffra_wrapper (0) disconnected node: wbs_adr_i[23]
Cell ffra_wrapper (0) disconnected node: wbs_adr_i[24]
Cell ffra_wrapper (0) disconnected node: wbs_adr_i[25]
Cell ffra_wrapper (0) disconnected node: wbs_adr_i[26]
Cell ffra_wrapper (0) disconnected node: wbs_adr_i[27]
Cell ffra_wrapper (0) disconnected node: wbs_adr_i[28]
Cell ffra_wrapper (0) disconnected node: wbs_adr_i[29]
Cell ffra_wrapper (0) disconnected node: wbs_adr_i[2]
Cell ffra_wrapper (0) disconnected node: wbs_adr_i[30]
Cell ffra_wrapper (0) disconnected node: wbs_adr_i[31]
Cell ffra_wrapper (0) disconnected node: wbs_adr_i[3]
Cell ffra_wrapper (0) disconnected node: wbs_adr_i[4]
Cell ffra_wrapper (0) disconnected node: wbs_adr_i[5]
Cell ffra_wrapper (0) disconnected node: wbs_adr_i[6]
Cell ffra_wrapper (0) disconnected node: wbs_adr_i[7]
Cell ffra_wrapper (0) disconnected node: wbs_adr_i[8]
Cell ffra_wrapper (0) disconnected node: wbs_adr_i[9]
Cell ffra_wrapper (0) disconnected node: wbs_cyc_i
Cell ffra_wrapper (0) disconnected node: wbs_dat_i[0]
Cell ffra_wrapper (0) disconnected node: wbs_dat_i[10]
Cell ffra_wrapper (0) disconnected node: wbs_dat_i[11]
Cell ffra_wrapper (0) disconnected node: wbs_dat_i[12]
Cell ffra_wrapper (0) disconnected node: wbs_dat_i[13]
Cell ffra_wrapper (0) disconnected node: wbs_dat_i[14]
Cell ffra_wrapper (0) disconnected node: wbs_dat_i[15]
Cell ffra_wrapper (0) disconnected node: wbs_dat_i[16]
Cell ffra_wrapper (0) disconnected node: wbs_dat_i[17]
Cell ffra_wrapper (0) disconnected node: wbs_dat_i[18]
Cell ffra_wrapper (0) disconnected node: wbs_dat_i[19]
Cell ffra_wrapper (0) disconnected node: wbs_dat_i[1]
Cell ffra_wrapper (0) disconnected node: wbs_dat_i[20]
Cell ffra_wrapper (0) disconnected node: wbs_dat_i[21]
Cell ffra_wrapper (0) disconnected node: wbs_dat_i[22]
Cell ffra_wrapper (0) disconnected node: wbs_dat_i[23]
Cell ffra_wrapper (0) disconnected node: wbs_dat_i[24]
Cell ffra_wrapper (0) disconnected node: wbs_dat_i[25]
Cell ffra_wrapper (0) disconnected node: wbs_dat_i[26]
Cell ffra_wrapper (0) disconnected node: wbs_dat_i[27]
Cell ffra_wrapper (0) disconnected node: wbs_dat_i[28]
Cell ffra_wrapper (0) disconnected node: wbs_dat_i[29]
Cell ffra_wrapper (0) disconnected node: wbs_dat_i[2]
Cell ffra_wrapper (0) disconnected node: wbs_dat_i[30]
Cell ffra_wrapper (0) disconnected node: wbs_dat_i[31]
Cell ffra_wrapper (0) disconnected node: wbs_dat_i[3]
Cell ffra_wrapper (0) disconnected node: wbs_dat_i[4]
Cell ffra_wrapper (0) disconnected node: wbs_dat_i[5]
Cell ffra_wrapper (0) disconnected node: wbs_dat_i[6]
Cell ffra_wrapper (0) disconnected node: wbs_dat_i[7]
Cell ffra_wrapper (0) disconnected node: wbs_dat_i[8]
Cell ffra_wrapper (0) disconnected node: wbs_dat_i[9]
Cell ffra_wrapper (0) disconnected node: wbs_dat_o[0]
Cell ffra_wrapper (0) disconnected node: wbs_dat_o[10]
Cell ffra_wrapper (0) disconnected node: wbs_dat_o[11]
Cell ffra_wrapper (0) disconnected node: wbs_dat_o[12]
Cell ffra_wrapper (0) disconnected node: wbs_dat_o[13]
Cell ffra_wrapper (0) disconnected node: wbs_dat_o[14]
Cell ffra_wrapper (0) disconnected node: wbs_dat_o[15]
Cell ffra_wrapper (0) disconnected node: wbs_dat_o[16]
Cell ffra_wrapper (0) disconnected node: wbs_dat_o[17]
Cell ffra_wrapper (0) disconnected node: wbs_dat_o[18]
Cell ffra_wrapper (0) disconnected node: wbs_dat_o[19]
Cell ffra_wrapper (0) disconnected node: wbs_dat_o[1]
Cell ffra_wrapper (0) disconnected node: wbs_dat_o[20]
Cell ffra_wrapper (0) disconnected node: wbs_dat_o[21]
Cell ffra_wrapper (0) disconnected node: wbs_dat_o[22]
Cell ffra_wrapper (0) disconnected node: wbs_dat_o[23]
Cell ffra_wrapper (0) disconnected node: wbs_dat_o[24]
Cell ffra_wrapper (0) disconnected node: wbs_dat_o[25]
Cell ffra_wrapper (0) disconnected node: wbs_dat_o[26]
Cell ffra_wrapper (0) disconnected node: wbs_dat_o[27]
Cell ffra_wrapper (0) disconnected node: wbs_dat_o[28]
Cell ffra_wrapper (0) disconnected node: wbs_dat_o[29]
Cell ffra_wrapper (0) disconnected node: wbs_dat_o[2]
Cell ffra_wrapper (0) disconnected node: wbs_dat_o[30]
Cell ffra_wrapper (0) disconnected node: wbs_dat_o[31]
Cell ffra_wrapper (0) disconnected node: wbs_dat_o[3]
Cell ffra_wrapper (0) disconnected node: wbs_dat_o[4]
Cell ffra_wrapper (0) disconnected node: wbs_dat_o[5]
Cell ffra_wrapper (0) disconnected node: wbs_dat_o[6]
Cell ffra_wrapper (0) disconnected node: wbs_dat_o[7]
Cell ffra_wrapper (0) disconnected node: wbs_dat_o[8]
Cell ffra_wrapper (0) disconnected node: wbs_dat_o[9]
Cell ffra_wrapper (0) disconnected node: wbs_sel_i[0]
Cell ffra_wrapper (0) disconnected node: wbs_sel_i[1]
Cell ffra_wrapper (0) disconnected node: wbs_sel_i[2]
Cell ffra_wrapper (0) disconnected node: wbs_sel_i[3]
Cell ffra_wrapper (0) disconnected node: wbs_stb_i
Cell ffra_wrapper (0) disconnected node: wbs_we_i
Cell ffra_wrapper (1) disconnected node: user_clock2
Cell ffra_wrapper (1) disconnected node: wbs_ack_o
Cell ffra_wrapper (1) disconnected node: wbs_cyc_i
Cell ffra_wrapper (1) disconnected node: wbs_stb_i
Cell ffra_wrapper (1) disconnected node: wbs_we_i
Cell ffra_wrapper (1) disconnected node: io_in[37]
Cell ffra_wrapper (1) disconnected node: io_in[36]
Cell ffra_wrapper (1) disconnected node: io_in[35]
Cell ffra_wrapper (1) disconnected node: io_in[34]
Cell ffra_wrapper (1) disconnected node: io_in[33]
Cell ffra_wrapper (1) disconnected node: io_in[32]
Cell ffra_wrapper (1) disconnected node: io_oeb[37]
Cell ffra_wrapper (1) disconnected node: io_oeb[36]
Cell ffra_wrapper (1) disconnected node: io_oeb[35]
Cell ffra_wrapper (1) disconnected node: io_oeb[34]
Cell ffra_wrapper (1) disconnected node: io_oeb[33]
Cell ffra_wrapper (1) disconnected node: io_oeb[32]
Cell ffra_wrapper (1) disconnected node: io_oeb[31]
Cell ffra_wrapper (1) disconnected node: io_oeb[30]
Cell ffra_wrapper (1) disconnected node: io_oeb[29]
Cell ffra_wrapper (1) disconnected node: io_oeb[28]
Cell ffra_wrapper (1) disconnected node: io_oeb[27]
Cell ffra_wrapper (1) disconnected node: io_oeb[26]
Cell ffra_wrapper (1) disconnected node: io_oeb[25]
Cell ffra_wrapper (1) disconnected node: io_oeb[24]
Cell ffra_wrapper (1) disconnected node: io_oeb[23]
Cell ffra_wrapper (1) disconnected node: io_oeb[22]
Cell ffra_wrapper (1) disconnected node: io_oeb[21]
Cell ffra_wrapper (1) disconnected node: io_oeb[20]
Cell ffra_wrapper (1) disconnected node: io_oeb[19]
Cell ffra_wrapper (1) disconnected node: io_oeb[18]
Cell ffra_wrapper (1) disconnected node: io_oeb[17]
Cell ffra_wrapper (1) disconnected node: io_oeb[16]
Cell ffra_wrapper (1) disconnected node: io_oeb[15]
Cell ffra_wrapper (1) disconnected node: io_oeb[14]
Cell ffra_wrapper (1) disconnected node: io_oeb[13]
Cell ffra_wrapper (1) disconnected node: io_oeb[12]
Cell ffra_wrapper (1) disconnected node: io_oeb[11]
Cell ffra_wrapper (1) disconnected node: io_oeb[10]
Cell ffra_wrapper (1) disconnected node: io_oeb[9]
Cell ffra_wrapper (1) disconnected node: io_oeb[8]
Cell ffra_wrapper (1) disconnected node: io_oeb[7]
Cell ffra_wrapper (1) disconnected node: io_oeb[6]
Cell ffra_wrapper (1) disconnected node: io_oeb[5]
Cell ffra_wrapper (1) disconnected node: io_oeb[4]
Cell ffra_wrapper (1) disconnected node: io_oeb[3]
Cell ffra_wrapper (1) disconnected node: io_oeb[2]
Cell ffra_wrapper (1) disconnected node: io_oeb[1]
Cell ffra_wrapper (1) disconnected node: io_oeb[0]
Cell ffra_wrapper (1) disconnected node: io_out[37]
Cell ffra_wrapper (1) disconnected node: io_out[36]
Cell ffra_wrapper (1) disconnected node: io_out[35]
Cell ffra_wrapper (1) disconnected node: io_out[34]
Cell ffra_wrapper (1) disconnected node: io_out[33]
Cell ffra_wrapper (1) disconnected node: io_out[32]
Cell ffra_wrapper (1) disconnected node: io_out[31]
Cell ffra_wrapper (1) disconnected node: io_out[30]
Cell ffra_wrapper (1) disconnected node: io_out[29]
Cell ffra_wrapper (1) disconnected node: io_out[28]
Cell ffra_wrapper (1) disconnected node: io_out[27]
Cell ffra_wrapper (1) disconnected node: io_out[26]
Cell ffra_wrapper (1) disconnected node: io_out[25]
Cell ffra_wrapper (1) disconnected node: io_out[24]
Cell ffra_wrapper (1) disconnected node: io_out[23]
Cell ffra_wrapper (1) disconnected node: io_out[22]
Cell ffra_wrapper (1) disconnected node: io_out[21]
Cell ffra_wrapper (1) disconnected node: io_out[20]
Cell ffra_wrapper (1) disconnected node: io_out[19]
Cell ffra_wrapper (1) disconnected node: io_out[18]
Cell ffra_wrapper (1) disconnected node: io_out[17]
Cell ffra_wrapper (1) disconnected node: io_out[16]
Cell ffra_wrapper (1) disconnected node: la_data_in[63]
Cell ffra_wrapper (1) disconnected node: la_data_in[62]
Cell ffra_wrapper (1) disconnected node: la_data_in[61]
Cell ffra_wrapper (1) disconnected node: la_data_in[60]
Cell ffra_wrapper (1) disconnected node: la_data_in[59]
Cell ffra_wrapper (1) disconnected node: la_data_in[58]
Cell ffra_wrapper (1) disconnected node: la_data_in[57]
Cell ffra_wrapper (1) disconnected node: la_data_in[56]
Cell ffra_wrapper (1) disconnected node: la_data_in[55]
Cell ffra_wrapper (1) disconnected node: la_data_in[54]
Cell ffra_wrapper (1) disconnected node: la_data_in[53]
Cell ffra_wrapper (1) disconnected node: la_data_in[52]
Cell ffra_wrapper (1) disconnected node: la_data_in[51]
Cell ffra_wrapper (1) disconnected node: la_data_in[50]
Cell ffra_wrapper (1) disconnected node: la_data_in[49]
Cell ffra_wrapper (1) disconnected node: la_data_in[48]
Cell ffra_wrapper (1) disconnected node: la_data_in[47]
Cell ffra_wrapper (1) disconnected node: la_data_in[46]
Cell ffra_wrapper (1) disconnected node: la_data_in[45]
Cell ffra_wrapper (1) disconnected node: la_data_in[44]
Cell ffra_wrapper (1) disconnected node: la_data_in[43]
Cell ffra_wrapper (1) disconnected node: la_data_in[42]
Cell ffra_wrapper (1) disconnected node: la_data_in[41]
Cell ffra_wrapper (1) disconnected node: la_data_in[40]
Cell ffra_wrapper (1) disconnected node: la_data_in[39]
Cell ffra_wrapper (1) disconnected node: la_data_in[38]
Cell ffra_wrapper (1) disconnected node: la_data_in[37]
Cell ffra_wrapper (1) disconnected node: la_data_in[36]
Cell ffra_wrapper (1) disconnected node: la_data_in[35]
Cell ffra_wrapper (1) disconnected node: la_data_in[34]
Cell ffra_wrapper (1) disconnected node: la_data_in[33]
Cell ffra_wrapper (1) disconnected node: la_data_in[32]
Cell ffra_wrapper (1) disconnected node: la_data_in[31]
Cell ffra_wrapper (1) disconnected node: la_data_in[30]
Cell ffra_wrapper (1) disconnected node: la_data_in[29]
Cell ffra_wrapper (1) disconnected node: la_data_in[28]
Cell ffra_wrapper (1) disconnected node: la_data_in[27]
Cell ffra_wrapper (1) disconnected node: la_data_in[26]
Cell ffra_wrapper (1) disconnected node: la_data_in[25]
Cell ffra_wrapper (1) disconnected node: la_data_in[24]
Cell ffra_wrapper (1) disconnected node: la_data_in[23]
Cell ffra_wrapper (1) disconnected node: la_data_in[22]
Cell ffra_wrapper (1) disconnected node: la_data_in[21]
Cell ffra_wrapper (1) disconnected node: la_data_in[20]
Cell ffra_wrapper (1) disconnected node: la_data_in[19]
Cell ffra_wrapper (1) disconnected node: la_data_in[18]
Cell ffra_wrapper (1) disconnected node: la_data_in[17]
Cell ffra_wrapper (1) disconnected node: la_data_in[16]
Cell ffra_wrapper (1) disconnected node: la_data_in[15]
Cell ffra_wrapper (1) disconnected node: la_data_in[14]
Cell ffra_wrapper (1) disconnected node: la_data_in[13]
Cell ffra_wrapper (1) disconnected node: la_data_in[12]
Cell ffra_wrapper (1) disconnected node: la_data_in[11]
Cell ffra_wrapper (1) disconnected node: la_data_in[10]
Cell ffra_wrapper (1) disconnected node: la_data_in[9]
Cell ffra_wrapper (1) disconnected node: la_data_in[8]
Cell ffra_wrapper (1) disconnected node: la_data_in[7]
Cell ffra_wrapper (1) disconnected node: la_data_in[6]
Cell ffra_wrapper (1) disconnected node: la_data_in[5]
Cell ffra_wrapper (1) disconnected node: la_data_in[4]
Cell ffra_wrapper (1) disconnected node: la_data_in[3]
Cell ffra_wrapper (1) disconnected node: la_data_in[2]
Cell ffra_wrapper (1) disconnected node: la_data_in[1]
Cell ffra_wrapper (1) disconnected node: la_data_in[0]
Cell ffra_wrapper (1) disconnected node: la_data_out[63]
Cell ffra_wrapper (1) disconnected node: la_data_out[62]
Cell ffra_wrapper (1) disconnected node: la_data_out[61]
Cell ffra_wrapper (1) disconnected node: la_data_out[60]
Cell ffra_wrapper (1) disconnected node: la_data_out[59]
Cell ffra_wrapper (1) disconnected node: la_data_out[58]
Cell ffra_wrapper (1) disconnected node: la_data_out[57]
Cell ffra_wrapper (1) disconnected node: la_data_out[56]
Cell ffra_wrapper (1) disconnected node: la_data_out[55]
Cell ffra_wrapper (1) disconnected node: la_data_out[54]
Cell ffra_wrapper (1) disconnected node: la_data_out[53]
Cell ffra_wrapper (1) disconnected node: la_data_out[52]
Cell ffra_wrapper (1) disconnected node: la_data_out[51]
Cell ffra_wrapper (1) disconnected node: la_data_out[50]
Cell ffra_wrapper (1) disconnected node: la_data_out[49]
Cell ffra_wrapper (1) disconnected node: la_data_out[48]
Cell ffra_wrapper (1) disconnected node: la_data_out[47]
Cell ffra_wrapper (1) disconnected node: la_data_out[46]
Cell ffra_wrapper (1) disconnected node: la_data_out[45]
Cell ffra_wrapper (1) disconnected node: la_data_out[44]
Cell ffra_wrapper (1) disconnected node: la_data_out[43]
Cell ffra_wrapper (1) disconnected node: la_data_out[42]
Cell ffra_wrapper (1) disconnected node: la_data_out[41]
Cell ffra_wrapper (1) disconnected node: la_data_out[40]
Cell ffra_wrapper (1) disconnected node: la_data_out[39]
Cell ffra_wrapper (1) disconnected node: la_data_out[38]
Cell ffra_wrapper (1) disconnected node: la_data_out[37]
Cell ffra_wrapper (1) disconnected node: la_data_out[36]
Cell ffra_wrapper (1) disconnected node: la_data_out[35]
Cell ffra_wrapper (1) disconnected node: la_data_out[34]
Cell ffra_wrapper (1) disconnected node: la_data_out[33]
Cell ffra_wrapper (1) disconnected node: la_data_out[32]
Cell ffra_wrapper (1) disconnected node: la_data_out[31]
Cell ffra_wrapper (1) disconnected node: la_data_out[30]
Cell ffra_wrapper (1) disconnected node: la_data_out[29]
Cell ffra_wrapper (1) disconnected node: la_data_out[28]
Cell ffra_wrapper (1) disconnected node: la_data_out[27]
Cell ffra_wrapper (1) disconnected node: la_data_out[26]
Cell ffra_wrapper (1) disconnected node: la_data_out[25]
Cell ffra_wrapper (1) disconnected node: la_data_out[24]
Cell ffra_wrapper (1) disconnected node: la_data_out[23]
Cell ffra_wrapper (1) disconnected node: la_data_out[22]
Cell ffra_wrapper (1) disconnected node: la_data_out[21]
Cell ffra_wrapper (1) disconnected node: la_data_out[20]
Cell ffra_wrapper (1) disconnected node: la_data_out[19]
Cell ffra_wrapper (1) disconnected node: la_data_out[18]
Cell ffra_wrapper (1) disconnected node: la_data_out[17]
Cell ffra_wrapper (1) disconnected node: la_data_out[16]
Cell ffra_wrapper (1) disconnected node: la_data_out[15]
Cell ffra_wrapper (1) disconnected node: la_data_out[14]
Cell ffra_wrapper (1) disconnected node: la_data_out[13]
Cell ffra_wrapper (1) disconnected node: la_data_out[12]
Cell ffra_wrapper (1) disconnected node: la_data_out[11]
Cell ffra_wrapper (1) disconnected node: la_data_out[10]
Cell ffra_wrapper (1) disconnected node: la_data_out[9]
Cell ffra_wrapper (1) disconnected node: la_data_out[8]
Cell ffra_wrapper (1) disconnected node: la_data_out[7]
Cell ffra_wrapper (1) disconnected node: la_data_out[6]
Cell ffra_wrapper (1) disconnected node: la_data_out[5]
Cell ffra_wrapper (1) disconnected node: la_data_out[4]
Cell ffra_wrapper (1) disconnected node: la_data_out[3]
Cell ffra_wrapper (1) disconnected node: la_data_out[2]
Cell ffra_wrapper (1) disconnected node: la_data_out[1]
Cell ffra_wrapper (1) disconnected node: la_data_out[0]
Cell ffra_wrapper (1) disconnected node: la_oenb[63]
Cell ffra_wrapper (1) disconnected node: la_oenb[62]
Cell ffra_wrapper (1) disconnected node: la_oenb[61]
Cell ffra_wrapper (1) disconnected node: la_oenb[60]
Cell ffra_wrapper (1) disconnected node: la_oenb[59]
Cell ffra_wrapper (1) disconnected node: la_oenb[58]
Cell ffra_wrapper (1) disconnected node: la_oenb[57]
Cell ffra_wrapper (1) disconnected node: la_oenb[56]
Cell ffra_wrapper (1) disconnected node: la_oenb[55]
Cell ffra_wrapper (1) disconnected node: la_oenb[54]
Cell ffra_wrapper (1) disconnected node: la_oenb[53]
Cell ffra_wrapper (1) disconnected node: la_oenb[52]
Cell ffra_wrapper (1) disconnected node: la_oenb[51]
Cell ffra_wrapper (1) disconnected node: la_oenb[50]
Cell ffra_wrapper (1) disconnected node: la_oenb[49]
Cell ffra_wrapper (1) disconnected node: la_oenb[48]
Cell ffra_wrapper (1) disconnected node: la_oenb[47]
Cell ffra_wrapper (1) disconnected node: la_oenb[46]
Cell ffra_wrapper (1) disconnected node: la_oenb[45]
Cell ffra_wrapper (1) disconnected node: la_oenb[44]
Cell ffra_wrapper (1) disconnected node: la_oenb[43]
Cell ffra_wrapper (1) disconnected node: la_oenb[42]
Cell ffra_wrapper (1) disconnected node: la_oenb[41]
Cell ffra_wrapper (1) disconnected node: la_oenb[40]
Cell ffra_wrapper (1) disconnected node: la_oenb[39]
Cell ffra_wrapper (1) disconnected node: la_oenb[38]
Cell ffra_wrapper (1) disconnected node: la_oenb[37]
Cell ffra_wrapper (1) disconnected node: la_oenb[36]
Cell ffra_wrapper (1) disconnected node: la_oenb[35]
Cell ffra_wrapper (1) disconnected node: la_oenb[34]
Cell ffra_wrapper (1) disconnected node: la_oenb[33]
Cell ffra_wrapper (1) disconnected node: la_oenb[32]
Cell ffra_wrapper (1) disconnected node: la_oenb[31]
Cell ffra_wrapper (1) disconnected node: la_oenb[30]
Cell ffra_wrapper (1) disconnected node: la_oenb[29]
Cell ffra_wrapper (1) disconnected node: la_oenb[28]
Cell ffra_wrapper (1) disconnected node: la_oenb[27]
Cell ffra_wrapper (1) disconnected node: la_oenb[26]
Cell ffra_wrapper (1) disconnected node: la_oenb[25]
Cell ffra_wrapper (1) disconnected node: la_oenb[24]
Cell ffra_wrapper (1) disconnected node: la_oenb[23]
Cell ffra_wrapper (1) disconnected node: la_oenb[22]
Cell ffra_wrapper (1) disconnected node: la_oenb[21]
Cell ffra_wrapper (1) disconnected node: la_oenb[20]
Cell ffra_wrapper (1) disconnected node: la_oenb[19]
Cell ffra_wrapper (1) disconnected node: la_oenb[18]
Cell ffra_wrapper (1) disconnected node: la_oenb[17]
Cell ffra_wrapper (1) disconnected node: la_oenb[16]
Cell ffra_wrapper (1) disconnected node: la_oenb[15]
Cell ffra_wrapper (1) disconnected node: la_oenb[14]
Cell ffra_wrapper (1) disconnected node: la_oenb[13]
Cell ffra_wrapper (1) disconnected node: la_oenb[12]
Cell ffra_wrapper (1) disconnected node: la_oenb[11]
Cell ffra_wrapper (1) disconnected node: la_oenb[10]
Cell ffra_wrapper (1) disconnected node: la_oenb[9]
Cell ffra_wrapper (1) disconnected node: la_oenb[8]
Cell ffra_wrapper (1) disconnected node: la_oenb[7]
Cell ffra_wrapper (1) disconnected node: la_oenb[6]
Cell ffra_wrapper (1) disconnected node: la_oenb[5]
Cell ffra_wrapper (1) disconnected node: la_oenb[4]
Cell ffra_wrapper (1) disconnected node: la_oenb[3]
Cell ffra_wrapper (1) disconnected node: la_oenb[2]
Cell ffra_wrapper (1) disconnected node: la_oenb[1]
Cell ffra_wrapper (1) disconnected node: la_oenb[0]
Cell ffra_wrapper (1) disconnected node: user_irq[2]
Cell ffra_wrapper (1) disconnected node: user_irq[1]
Cell ffra_wrapper (1) disconnected node: user_irq[0]
Cell ffra_wrapper (1) disconnected node: wbs_adr_i[31]
Cell ffra_wrapper (1) disconnected node: wbs_adr_i[30]
Cell ffra_wrapper (1) disconnected node: wbs_adr_i[29]
Cell ffra_wrapper (1) disconnected node: wbs_adr_i[28]
Cell ffra_wrapper (1) disconnected node: wbs_adr_i[27]
Cell ffra_wrapper (1) disconnected node: wbs_adr_i[26]
Cell ffra_wrapper (1) disconnected node: wbs_adr_i[25]
Cell ffra_wrapper (1) disconnected node: wbs_adr_i[24]
Cell ffra_wrapper (1) disconnected node: wbs_adr_i[23]
Cell ffra_wrapper (1) disconnected node: wbs_adr_i[22]
Cell ffra_wrapper (1) disconnected node: wbs_adr_i[21]
Cell ffra_wrapper (1) disconnected node: wbs_adr_i[20]
Cell ffra_wrapper (1) disconnected node: wbs_adr_i[19]
Cell ffra_wrapper (1) disconnected node: wbs_adr_i[18]
Cell ffra_wrapper (1) disconnected node: wbs_adr_i[17]
Cell ffra_wrapper (1) disconnected node: wbs_adr_i[16]
Cell ffra_wrapper (1) disconnected node: wbs_adr_i[15]
Cell ffra_wrapper (1) disconnected node: wbs_adr_i[14]
Cell ffra_wrapper (1) disconnected node: wbs_adr_i[13]
Cell ffra_wrapper (1) disconnected node: wbs_adr_i[12]
Cell ffra_wrapper (1) disconnected node: wbs_adr_i[11]
Cell ffra_wrapper (1) disconnected node: wbs_adr_i[10]
Cell ffra_wrapper (1) disconnected node: wbs_adr_i[9]
Cell ffra_wrapper (1) disconnected node: wbs_adr_i[8]
Cell ffra_wrapper (1) disconnected node: wbs_adr_i[7]
Cell ffra_wrapper (1) disconnected node: wbs_adr_i[6]
Cell ffra_wrapper (1) disconnected node: wbs_adr_i[5]
Cell ffra_wrapper (1) disconnected node: wbs_adr_i[4]
Cell ffra_wrapper (1) disconnected node: wbs_adr_i[3]
Cell ffra_wrapper (1) disconnected node: wbs_adr_i[2]
Cell ffra_wrapper (1) disconnected node: wbs_adr_i[1]
Cell ffra_wrapper (1) disconnected node: wbs_adr_i[0]
Cell ffra_wrapper (1) disconnected node: wbs_dat_i[31]
Cell ffra_wrapper (1) disconnected node: wbs_dat_i[30]
Cell ffra_wrapper (1) disconnected node: wbs_dat_i[29]
Cell ffra_wrapper (1) disconnected node: wbs_dat_i[28]
Cell ffra_wrapper (1) disconnected node: wbs_dat_i[27]
Cell ffra_wrapper (1) disconnected node: wbs_dat_i[26]
Cell ffra_wrapper (1) disconnected node: wbs_dat_i[25]
Cell ffra_wrapper (1) disconnected node: wbs_dat_i[24]
Cell ffra_wrapper (1) disconnected node: wbs_dat_i[23]
Cell ffra_wrapper (1) disconnected node: wbs_dat_i[22]
Cell ffra_wrapper (1) disconnected node: wbs_dat_i[21]
Cell ffra_wrapper (1) disconnected node: wbs_dat_i[20]
Cell ffra_wrapper (1) disconnected node: wbs_dat_i[19]
Cell ffra_wrapper (1) disconnected node: wbs_dat_i[18]
Cell ffra_wrapper (1) disconnected node: wbs_dat_i[17]
Cell ffra_wrapper (1) disconnected node: wbs_dat_i[16]
Cell ffra_wrapper (1) disconnected node: wbs_dat_i[15]
Cell ffra_wrapper (1) disconnected node: wbs_dat_i[14]
Cell ffra_wrapper (1) disconnected node: wbs_dat_i[13]
Cell ffra_wrapper (1) disconnected node: wbs_dat_i[12]
Cell ffra_wrapper (1) disconnected node: wbs_dat_i[11]
Cell ffra_wrapper (1) disconnected node: wbs_dat_i[10]
Cell ffra_wrapper (1) disconnected node: wbs_dat_i[9]
Cell ffra_wrapper (1) disconnected node: wbs_dat_i[8]
Cell ffra_wrapper (1) disconnected node: wbs_dat_i[7]
Cell ffra_wrapper (1) disconnected node: wbs_dat_i[6]
Cell ffra_wrapper (1) disconnected node: wbs_dat_i[5]
Cell ffra_wrapper (1) disconnected node: wbs_dat_i[4]
Cell ffra_wrapper (1) disconnected node: wbs_dat_i[3]
Cell ffra_wrapper (1) disconnected node: wbs_dat_i[2]
Cell ffra_wrapper (1) disconnected node: wbs_dat_i[1]
Cell ffra_wrapper (1) disconnected node: wbs_dat_i[0]
Cell ffra_wrapper (1) disconnected node: wbs_dat_o[31]
Cell ffra_wrapper (1) disconnected node: wbs_dat_o[30]
Cell ffra_wrapper (1) disconnected node: wbs_dat_o[29]
Cell ffra_wrapper (1) disconnected node: wbs_dat_o[28]
Cell ffra_wrapper (1) disconnected node: wbs_dat_o[27]
Cell ffra_wrapper (1) disconnected node: wbs_dat_o[26]
Cell ffra_wrapper (1) disconnected node: wbs_dat_o[25]
Cell ffra_wrapper (1) disconnected node: wbs_dat_o[24]
Cell ffra_wrapper (1) disconnected node: wbs_dat_o[23]
Cell ffra_wrapper (1) disconnected node: wbs_dat_o[22]
Cell ffra_wrapper (1) disconnected node: wbs_dat_o[21]
Cell ffra_wrapper (1) disconnected node: wbs_dat_o[20]
Cell ffra_wrapper (1) disconnected node: wbs_dat_o[19]
Cell ffra_wrapper (1) disconnected node: wbs_dat_o[18]
Cell ffra_wrapper (1) disconnected node: wbs_dat_o[17]
Cell ffra_wrapper (1) disconnected node: wbs_dat_o[16]
Cell ffra_wrapper (1) disconnected node: wbs_dat_o[15]
Cell ffra_wrapper (1) disconnected node: wbs_dat_o[14]
Cell ffra_wrapper (1) disconnected node: wbs_dat_o[13]
Cell ffra_wrapper (1) disconnected node: wbs_dat_o[12]
Cell ffra_wrapper (1) disconnected node: wbs_dat_o[11]
Cell ffra_wrapper (1) disconnected node: wbs_dat_o[10]
Cell ffra_wrapper (1) disconnected node: wbs_dat_o[9]
Cell ffra_wrapper (1) disconnected node: wbs_dat_o[8]
Cell ffra_wrapper (1) disconnected node: wbs_dat_o[7]
Cell ffra_wrapper (1) disconnected node: wbs_dat_o[6]
Cell ffra_wrapper (1) disconnected node: wbs_dat_o[5]
Cell ffra_wrapper (1) disconnected node: wbs_dat_o[4]
Cell ffra_wrapper (1) disconnected node: wbs_dat_o[3]
Cell ffra_wrapper (1) disconnected node: wbs_dat_o[2]
Cell ffra_wrapper (1) disconnected node: wbs_dat_o[1]
Cell ffra_wrapper (1) disconnected node: wbs_dat_o[0]
Cell ffra_wrapper (1) disconnected node: wbs_sel_i[3]
Cell ffra_wrapper (1) disconnected node: wbs_sel_i[2]
Cell ffra_wrapper (1) disconnected node: wbs_sel_i[1]
Cell ffra_wrapper (1) disconnected node: wbs_sel_i[0]
Subcircuit summary:
Circuit 1: ffra_wrapper                    |Circuit 2: ffra_wrapper                    
-------------------------------------------|-------------------------------------------
ffra (1)                                   |ffra (1)                                   
Number of devices: 1                       |Number of devices: 1                       
Number of nets: 52                         |Number of nets: 52                         
---------------------------------------------------------------------------------------
Netlists match uniquely.

Subcircuit pins:
Circuit 1: ffra_wrapper                    |Circuit 2: ffra_wrapper                    
-------------------------------------------|-------------------------------------------
wb_clk_i                                   |wb_clk_i                                   
wb_rst_i                                   |wb_rst_i                                   
vdd                                        |vdd                                        
vss                                        |vss                                        
io_in[7]                                   |io_in[7]                                   
io_in[6]                                   |io_in[6]                                   
io_in[5]                                   |io_in[5]                                   
io_in[4]                                   |io_in[4]                                   
io_in[3]                                   |io_in[3]                                   
io_in[2]                                   |io_in[2]                                   
io_in[1]                                   |io_in[1]                                   
io_in[0]                                   |io_in[0]                                   
io_in[15]                                  |io_in[15]                                  
io_in[14]                                  |io_in[14]                                  
io_in[13]                                  |io_in[13]                                  
io_in[12]                                  |io_in[12]                                  
io_in[11]                                  |io_in[11]                                  
io_in[10]                                  |io_in[10]                                  
io_in[9]                                   |io_in[9]                                   
io_in[8]                                   |io_in[8]                                   
io_in[31]                                  |io_in[31]                                  
io_in[30]                                  |io_in[30]                                  
io_in[29]                                  |io_in[29]                                  
io_in[28]                                  |io_in[28]                                  
io_in[27]                                  |io_in[27]                                  
io_in[26]                                  |io_in[26]                                  
io_in[25]                                  |io_in[25]                                  
io_in[24]                                  |io_in[24]                                  
io_in[23]                                  |io_in[23]                                  
io_in[22]                                  |io_in[22]                                  
io_in[21]                                  |io_in[21]                                  
io_in[20]                                  |io_in[20]                                  
io_in[19]                                  |io_in[19]                                  
io_in[18]                                  |io_in[18]                                  
io_in[17]                                  |io_in[17]                                  
io_in[16]                                  |io_in[16]                                  
io_out[15]                                 |io_out[15]                                 
io_out[14]                                 |io_out[14]                                 
io_out[13]                                 |io_out[13]                                 
io_out[12]                                 |io_out[12]                                 
io_out[11]                                 |io_out[11]                                 
io_out[10]                                 |io_out[10]                                 
io_out[9]                                  |io_out[9]                                  
io_out[8]                                  |io_out[8]                                  
io_out[7]                                  |io_out[7]                                  
io_out[6]                                  |io_out[6]                                  
io_out[5]                                  |io_out[5]                                  
io_out[4]                                  |io_out[4]                                  
io_out[3]                                  |io_out[3]                                  
io_out[2]                                  |io_out[2]                                  
io_out[1]                                  |io_out[1]                                  
io_out[0]                                  |io_out[0]                                  
io_in[32]                                  |io_in[32]                                  
io_in[33]                                  |io_in[33]                                  
io_in[34]                                  |io_in[34]                                  
io_in[35]                                  |io_in[35]                                  
io_in[36]                                  |io_in[36]                                  
io_in[37]                                  |io_in[37]                                  
io_oeb[0]                                  |io_oeb[0]                                  
io_oeb[10]                                 |io_oeb[10]                                 
io_oeb[11]                                 |io_oeb[11]                                 
io_oeb[12]                                 |io_oeb[12]                                 
io_oeb[13]                                 |io_oeb[13]                                 
io_oeb[14]                                 |io_oeb[14]                                 
io_oeb[15]                                 |io_oeb[15]                                 
io_oeb[16]                                 |io_oeb[16]                                 
io_oeb[17]                                 |io_oeb[17]                                 
io_oeb[18]                                 |io_oeb[18]                                 
io_oeb[19]                                 |io_oeb[19]                                 
io_oeb[1]                                  |io_oeb[1]                                  
io_oeb[20]                                 |io_oeb[20]                                 
io_oeb[21]                                 |io_oeb[21]                                 
io_oeb[22]                                 |io_oeb[22]                                 
io_oeb[23]                                 |io_oeb[23]                                 
io_oeb[24]                                 |io_oeb[24]                                 
io_oeb[25]                                 |io_oeb[25]                                 
io_oeb[26]                                 |io_oeb[26]                                 
io_oeb[27]                                 |io_oeb[27]                                 
io_oeb[28]                                 |io_oeb[28]                                 
io_oeb[29]                                 |io_oeb[29]                                 
io_oeb[2]                                  |io_oeb[2]                                  
io_oeb[30]                                 |io_oeb[30]                                 
io_oeb[31]                                 |io_oeb[31]                                 
io_oeb[32]                                 |io_oeb[32]                                 
io_oeb[33]                                 |io_oeb[33]                                 
io_oeb[34]                                 |io_oeb[34]                                 
io_oeb[35]                                 |io_oeb[35]                                 
io_oeb[36]                                 |io_oeb[36]                                 
io_oeb[37]                                 |io_oeb[37]                                 
io_oeb[3]                                  |io_oeb[3]                                  
io_oeb[4]                                  |io_oeb[4]                                  
io_oeb[5]                                  |io_oeb[5]                                  
io_oeb[6]                                  |io_oeb[6]                                  
io_oeb[7]                                  |io_oeb[7]                                  
io_oeb[8]                                  |io_oeb[8]                                  
io_oeb[9]                                  |io_oeb[9]                                  
io_out[16]                                 |io_out[16]                                 
io_out[17]                                 |io_out[17]                                 
io_out[18]                                 |io_out[18]                                 
io_out[19]                                 |io_out[19]                                 
io_out[20]                                 |io_out[20]                                 
io_out[21]                                 |io_out[21]                                 
io_out[22]                                 |io_out[22]                                 
io_out[23]                                 |io_out[23]                                 
io_out[24]                                 |io_out[24]                                 
io_out[25]                                 |io_out[25]                                 
io_out[26]                                 |io_out[26]                                 
io_out[27]                                 |io_out[27]                                 
io_out[28]                                 |io_out[28]                                 
io_out[29]                                 |io_out[29]                                 
io_out[30]                                 |io_out[30]                                 
io_out[31]                                 |io_out[31]                                 
io_out[32]                                 |io_out[32]                                 
io_out[33]                                 |io_out[33]                                 
io_out[34]                                 |io_out[34]                                 
io_out[35]                                 |io_out[35]                                 
io_out[36]                                 |io_out[36]                                 
io_out[37]                                 |io_out[37]                                 
la_data_in[0]                              |la_data_in[0]                              
la_data_in[10]                             |la_data_in[10]                             
la_data_in[11]                             |la_data_in[11]                             
la_data_in[12]                             |la_data_in[12]                             
la_data_in[13]                             |la_data_in[13]                             
la_data_in[14]                             |la_data_in[14]                             
la_data_in[15]                             |la_data_in[15]                             
la_data_in[16]                             |la_data_in[16]                             
la_data_in[17]                             |la_data_in[17]                             
la_data_in[18]                             |la_data_in[18]                             
la_data_in[19]                             |la_data_in[19]                             
la_data_in[1]                              |la_data_in[1]                              
la_data_in[20]                             |la_data_in[20]                             
la_data_in[21]                             |la_data_in[21]                             
la_data_in[22]                             |la_data_in[22]                             
la_data_in[23]                             |la_data_in[23]                             
la_data_in[24]                             |la_data_in[24]                             
la_data_in[25]                             |la_data_in[25]                             
la_data_in[26]                             |la_data_in[26]                             
la_data_in[27]                             |la_data_in[27]                             
la_data_in[28]                             |la_data_in[28]                             
la_data_in[29]                             |la_data_in[29]                             
la_data_in[2]                              |la_data_in[2]                              
la_data_in[30]                             |la_data_in[30]                             
la_data_in[31]                             |la_data_in[31]                             
la_data_in[32]                             |la_data_in[32]                             
la_data_in[33]                             |la_data_in[33]                             
la_data_in[34]                             |la_data_in[34]                             
la_data_in[35]                             |la_data_in[35]                             
la_data_in[36]                             |la_data_in[36]                             
la_data_in[37]                             |la_data_in[37]                             
la_data_in[38]                             |la_data_in[38]                             
la_data_in[39]                             |la_data_in[39]                             
la_data_in[3]                              |la_data_in[3]                              
la_data_in[40]                             |la_data_in[40]                             
la_data_in[41]                             |la_data_in[41]                             
la_data_in[42]                             |la_data_in[42]                             
la_data_in[43]                             |la_data_in[43]                             
la_data_in[44]                             |la_data_in[44]                             
la_data_in[45]                             |la_data_in[45]                             
la_data_in[46]                             |la_data_in[46]                             
la_data_in[47]                             |la_data_in[47]                             
la_data_in[48]                             |la_data_in[48]                             
la_data_in[49]                             |la_data_in[49]                             
la_data_in[4]                              |la_data_in[4]                              
la_data_in[50]                             |la_data_in[50]                             
la_data_in[51]                             |la_data_in[51]                             
la_data_in[52]                             |la_data_in[52]                             
la_data_in[53]                             |la_data_in[53]                             
la_data_in[54]                             |la_data_in[54]                             
la_data_in[55]                             |la_data_in[55]                             
la_data_in[56]                             |la_data_in[56]                             
la_data_in[57]                             |la_data_in[57]                             
la_data_in[58]                             |la_data_in[58]                             
la_data_in[59]                             |la_data_in[59]                             
la_data_in[5]                              |la_data_in[5]                              
la_data_in[60]                             |la_data_in[60]                             
la_data_in[61]                             |la_data_in[61]                             
la_data_in[62]                             |la_data_in[62]                             
la_data_in[63]                             |la_data_in[63]                             
la_data_in[6]                              |la_data_in[6]                              
la_data_in[7]                              |la_data_in[7]                              
la_data_in[8]                              |la_data_in[8]                              
la_data_in[9]                              |la_data_in[9]                              
la_data_out[0]                             |la_data_out[0]                             
la_data_out[10]                            |la_data_out[10]                            
la_data_out[11]                            |la_data_out[11]                            
la_data_out[12]                            |la_data_out[12]                            
la_data_out[13]                            |la_data_out[13]                            
la_data_out[14]                            |la_data_out[14]                            
la_data_out[15]                            |la_data_out[15]                            
la_data_out[16]                            |la_data_out[16]                            
la_data_out[17]                            |la_data_out[17]                            
la_data_out[18]                            |la_data_out[18]                            
la_data_out[19]                            |la_data_out[19]                            
la_data_out[1]                             |la_data_out[1]                             
la_data_out[20]                            |la_data_out[20]                            
la_data_out[21]                            |la_data_out[21]                            
la_data_out[22]                            |la_data_out[22]                            
la_data_out[23]                            |la_data_out[23]                            
la_data_out[24]                            |la_data_out[24]                            
la_data_out[25]                            |la_data_out[25]                            
la_data_out[26]                            |la_data_out[26]                            
la_data_out[27]                            |la_data_out[27]                            
la_data_out[28]                            |la_data_out[28]                            
la_data_out[29]                            |la_data_out[29]                            
la_data_out[2]                             |la_data_out[2]                             
la_data_out[30]                            |la_data_out[30]                            
la_data_out[31]                            |la_data_out[31]                            
la_data_out[32]                            |la_data_out[32]                            
la_data_out[33]                            |la_data_out[33]                            
la_data_out[34]                            |la_data_out[34]                            
la_data_out[35]                            |la_data_out[35]                            
la_data_out[36]                            |la_data_out[36]                            
la_data_out[37]                            |la_data_out[37]                            
la_data_out[38]                            |la_data_out[38]                            
la_data_out[39]                            |la_data_out[39]                            
la_data_out[3]                             |la_data_out[3]                             
la_data_out[40]                            |la_data_out[40]                            
la_data_out[41]                            |la_data_out[41]                            
la_data_out[42]                            |la_data_out[42]                            
la_data_out[43]                            |la_data_out[43]                            
la_data_out[44]                            |la_data_out[44]                            
la_data_out[45]                            |la_data_out[45]                            
la_data_out[46]                            |la_data_out[46]                            
la_data_out[47]                            |la_data_out[47]                            
la_data_out[48]                            |la_data_out[48]                            
la_data_out[49]                            |la_data_out[49]                            
la_data_out[4]                             |la_data_out[4]                             
la_data_out[50]                            |la_data_out[50]                            
la_data_out[51]                            |la_data_out[51]                            
la_data_out[52]                            |la_data_out[52]                            
la_data_out[53]                            |la_data_out[53]                            
la_data_out[54]                            |la_data_out[54]                            
la_data_out[55]                            |la_data_out[55]                            
la_data_out[56]                            |la_data_out[56]                            
la_data_out[57]                            |la_data_out[57]                            
la_data_out[58]                            |la_data_out[58]                            
la_data_out[59]                            |la_data_out[59]                            
la_data_out[5]                             |la_data_out[5]                             
la_data_out[60]                            |la_data_out[60]                            
la_data_out[61]                            |la_data_out[61]                            
la_data_out[62]                            |la_data_out[62]                            
la_data_out[63]                            |la_data_out[63]                            
la_data_out[6]                             |la_data_out[6]                             
la_data_out[7]                             |la_data_out[7]                             
la_data_out[8]                             |la_data_out[8]                             
la_data_out[9]                             |la_data_out[9]                             
la_oenb[0]                                 |la_oenb[0]                                 
la_oenb[10]                                |la_oenb[10]                                
la_oenb[11]                                |la_oenb[11]                                
la_oenb[12]                                |la_oenb[12]                                
la_oenb[13]                                |la_oenb[13]                                
la_oenb[14]                                |la_oenb[14]                                
la_oenb[15]                                |la_oenb[15]                                
la_oenb[16]                                |la_oenb[16]                                
la_oenb[17]                                |la_oenb[17]                                
la_oenb[18]                                |la_oenb[18]                                
la_oenb[19]                                |la_oenb[19]                                
la_oenb[1]                                 |la_oenb[1]                                 
la_oenb[20]                                |la_oenb[20]                                
la_oenb[21]                                |la_oenb[21]                                
la_oenb[22]                                |la_oenb[22]                                
la_oenb[23]                                |la_oenb[23]                                
la_oenb[24]                                |la_oenb[24]                                
la_oenb[25]                                |la_oenb[25]                                
la_oenb[26]                                |la_oenb[26]                                
la_oenb[27]                                |la_oenb[27]                                
la_oenb[28]                                |la_oenb[28]                                
la_oenb[29]                                |la_oenb[29]                                
la_oenb[2]                                 |la_oenb[2]                                 
la_oenb[30]                                |la_oenb[30]                                
la_oenb[31]                                |la_oenb[31]                                
la_oenb[32]                                |la_oenb[32]                                
la_oenb[33]                                |la_oenb[33]                                
la_oenb[34]                                |la_oenb[34]                                
la_oenb[35]                                |la_oenb[35]                                
la_oenb[36]                                |la_oenb[36]                                
la_oenb[37]                                |la_oenb[37]                                
la_oenb[38]                                |la_oenb[38]                                
la_oenb[39]                                |la_oenb[39]                                
la_oenb[3]                                 |la_oenb[3]                                 
la_oenb[40]                                |la_oenb[40]                                
la_oenb[41]                                |la_oenb[41]                                
la_oenb[42]                                |la_oenb[42]                                
la_oenb[43]                                |la_oenb[43]                                
la_oenb[44]                                |la_oenb[44]                                
la_oenb[45]                                |la_oenb[45]                                
la_oenb[46]                                |la_oenb[46]                                
la_oenb[47]                                |la_oenb[47]                                
la_oenb[48]                                |la_oenb[48]                                
la_oenb[49]                                |la_oenb[49]                                
la_oenb[4]                                 |la_oenb[4]                                 
la_oenb[50]                                |la_oenb[50]                                
la_oenb[51]                                |la_oenb[51]                                
la_oenb[52]                                |la_oenb[52]                                
la_oenb[53]                                |la_oenb[53]                                
la_oenb[54]                                |la_oenb[54]                                
la_oenb[55]                                |la_oenb[55]                                
la_oenb[56]                                |la_oenb[56]                                
la_oenb[57]                                |la_oenb[57]                                
la_oenb[58]                                |la_oenb[58]                                
la_oenb[59]                                |la_oenb[59]                                
la_oenb[5]                                 |la_oenb[5]                                 
la_oenb[60]                                |la_oenb[60]                                
la_oenb[61]                                |la_oenb[61]                                
la_oenb[62]                                |la_oenb[62]                                
la_oenb[63]                                |la_oenb[63]                                
la_oenb[6]                                 |la_oenb[6]                                 
la_oenb[7]                                 |la_oenb[7]                                 
la_oenb[8]                                 |la_oenb[8]                                 
la_oenb[9]                                 |la_oenb[9]                                 
user_clock2                                |user_clock2                                
user_irq[0]                                |user_irq[0]                                
user_irq[1]                                |user_irq[1]                                
user_irq[2]                                |user_irq[2]                                
wbs_ack_o                                  |wbs_ack_o                                  
wbs_adr_i[0]                               |wbs_adr_i[0]                               
wbs_adr_i[10]                              |wbs_adr_i[10]                              
wbs_adr_i[11]                              |wbs_adr_i[11]                              
wbs_adr_i[12]                              |wbs_adr_i[12]                              
wbs_adr_i[13]                              |wbs_adr_i[13]                              
wbs_adr_i[14]                              |wbs_adr_i[14]                              
wbs_adr_i[15]                              |wbs_adr_i[15]                              
wbs_adr_i[16]                              |wbs_adr_i[16]                              
wbs_adr_i[17]                              |wbs_adr_i[17]                              
wbs_adr_i[18]                              |wbs_adr_i[18]                              
wbs_adr_i[19]                              |wbs_adr_i[19]                              
wbs_adr_i[1]                               |wbs_adr_i[1]                               
wbs_adr_i[20]                              |wbs_adr_i[20]                              
wbs_adr_i[21]                              |wbs_adr_i[21]                              
wbs_adr_i[22]                              |wbs_adr_i[22]                              
wbs_adr_i[23]                              |wbs_adr_i[23]                              
wbs_adr_i[24]                              |wbs_adr_i[24]                              
wbs_adr_i[25]                              |wbs_adr_i[25]                              
wbs_adr_i[26]                              |wbs_adr_i[26]                              
wbs_adr_i[27]                              |wbs_adr_i[27]                              
wbs_adr_i[28]                              |wbs_adr_i[28]                              
wbs_adr_i[29]                              |wbs_adr_i[29]                              
wbs_adr_i[2]                               |wbs_adr_i[2]                               
wbs_adr_i[30]                              |wbs_adr_i[30]                              
wbs_adr_i[31]                              |wbs_adr_i[31]                              
wbs_adr_i[3]                               |wbs_adr_i[3]                               
wbs_adr_i[4]                               |wbs_adr_i[4]                               
wbs_adr_i[5]                               |wbs_adr_i[5]                               
wbs_adr_i[6]                               |wbs_adr_i[6]                               
wbs_adr_i[7]                               |wbs_adr_i[7]                               
wbs_adr_i[8]                               |wbs_adr_i[8]                               
wbs_adr_i[9]                               |wbs_adr_i[9]                               
wbs_cyc_i                                  |wbs_cyc_i                                  
wbs_dat_i[0]                               |wbs_dat_i[0]                               
wbs_dat_i[10]                              |wbs_dat_i[10]                              
wbs_dat_i[11]                              |wbs_dat_i[11]                              
wbs_dat_i[12]                              |wbs_dat_i[12]                              
wbs_dat_i[13]                              |wbs_dat_i[13]                              
wbs_dat_i[14]                              |wbs_dat_i[14]                              
wbs_dat_i[15]                              |wbs_dat_i[15]                              
wbs_dat_i[16]                              |wbs_dat_i[16]                              
wbs_dat_i[17]                              |wbs_dat_i[17]                              
wbs_dat_i[18]                              |wbs_dat_i[18]                              
wbs_dat_i[19]                              |wbs_dat_i[19]                              
wbs_dat_i[1]                               |wbs_dat_i[1]                               
wbs_dat_i[20]                              |wbs_dat_i[20]                              
wbs_dat_i[21]                              |wbs_dat_i[21]                              
wbs_dat_i[22]                              |wbs_dat_i[22]                              
wbs_dat_i[23]                              |wbs_dat_i[23]                              
wbs_dat_i[24]                              |wbs_dat_i[24]                              
wbs_dat_i[25]                              |wbs_dat_i[25]                              
wbs_dat_i[26]                              |wbs_dat_i[26]                              
wbs_dat_i[27]                              |wbs_dat_i[27]                              
wbs_dat_i[28]                              |wbs_dat_i[28]                              
wbs_dat_i[29]                              |wbs_dat_i[29]                              
wbs_dat_i[2]                               |wbs_dat_i[2]                               
wbs_dat_i[30]                              |wbs_dat_i[30]                              
wbs_dat_i[31]                              |wbs_dat_i[31]                              
wbs_dat_i[3]                               |wbs_dat_i[3]                               
wbs_dat_i[4]                               |wbs_dat_i[4]                               
wbs_dat_i[5]                               |wbs_dat_i[5]                               
wbs_dat_i[6]                               |wbs_dat_i[6]                               
wbs_dat_i[7]                               |wbs_dat_i[7]                               
wbs_dat_i[8]                               |wbs_dat_i[8]                               
wbs_dat_i[9]                               |wbs_dat_i[9]                               
wbs_dat_o[0]                               |wbs_dat_o[0]                               
wbs_dat_o[10]                              |wbs_dat_o[10]                              
wbs_dat_o[11]                              |wbs_dat_o[11]                              
wbs_dat_o[12]                              |wbs_dat_o[12]                              
wbs_dat_o[13]                              |wbs_dat_o[13]                              
wbs_dat_o[14]                              |wbs_dat_o[14]                              
wbs_dat_o[15]                              |wbs_dat_o[15]                              
wbs_dat_o[16]                              |wbs_dat_o[16]                              
wbs_dat_o[17]                              |wbs_dat_o[17]                              
wbs_dat_o[18]                              |wbs_dat_o[18]                              
wbs_dat_o[19]                              |wbs_dat_o[19]                              
wbs_dat_o[1]                               |wbs_dat_o[1]                               
wbs_dat_o[20]                              |wbs_dat_o[20]                              
wbs_dat_o[21]                              |wbs_dat_o[21]                              
wbs_dat_o[22]                              |wbs_dat_o[22]                              
wbs_dat_o[23]                              |wbs_dat_o[23]                              
wbs_dat_o[24]                              |wbs_dat_o[24]                              
wbs_dat_o[25]                              |wbs_dat_o[25]                              
wbs_dat_o[26]                              |wbs_dat_o[26]                              
wbs_dat_o[27]                              |wbs_dat_o[27]                              
wbs_dat_o[28]                              |wbs_dat_o[28]                              
wbs_dat_o[29]                              |wbs_dat_o[29]                              
wbs_dat_o[2]                               |wbs_dat_o[2]                               
wbs_dat_o[30]                              |wbs_dat_o[30]                              
wbs_dat_o[31]                              |wbs_dat_o[31]                              
wbs_dat_o[3]                               |wbs_dat_o[3]                               
wbs_dat_o[4]                               |wbs_dat_o[4]                               
wbs_dat_o[5]                               |wbs_dat_o[5]                               
wbs_dat_o[6]                               |wbs_dat_o[6]                               
wbs_dat_o[7]                               |wbs_dat_o[7]                               
wbs_dat_o[8]                               |wbs_dat_o[8]                               
wbs_dat_o[9]                               |wbs_dat_o[9]                               
wbs_sel_i[0]                               |wbs_sel_i[0]                               
wbs_sel_i[1]                               |wbs_sel_i[1]                               
wbs_sel_i[2]                               |wbs_sel_i[2]                               
wbs_sel_i[3]                               |wbs_sel_i[3]                               
wbs_stb_i                                  |wbs_stb_i                                  
wbs_we_i                                   |wbs_we_i                                   
---------------------------------------------------------------------------------------
Cell pin lists are equivalent.
Device classes ffra_wrapper and ffra_wrapper are equivalent.

Final result: Circuits match uniquely.
.
