
Magic 8.3 revision 331 - Compiled on Sat Oct 22 19:00:18 UTC 2022.
Starting magic under Tcl interpreter
Using the terminal as the console.
Using NULL graphics device.
Processing system .magicrc file
Sourcing design .magicrc for technology gf180mcuC ...
10 Magic internal units = 1 Lambda
Input style import: scaleFactor=10, multiplier=2
The following types are not handled by extraction and will be treated as non-electrical types:
    obsactive mvobsactive filldiff fillpoly m1hole obsm1 fillm1 obsv1 m2hole obsm2 fillm2 obsv2 m3hole obsm3 fillm3 m4hole obsm4 fillm4 m5hole obsm5 fillm5 glass fillblock lvstext obscomment 
Scaled tech values by 10 / 1 to match internal grid scaling
Loading gf180mcuC Device Generator Menu ...
Using technology "gf180mcuC", version 1.0.359-0-g35c7265
Warning: Calma reading is not undoable!  I hope that's OK.
Library written using GDS-II Release 3.0
Library name: ffra_wrapper
Reading "gf180mcu_osu_sc_gp9t3v3__fill_4".
Reading "gf180mcu_osu_sc_gp9t3v3__fill_2".
Reading "gf180mcu_osu_sc_gp9t3v3__fill_1".
Reading "gf180mcu_osu_sc_gp9t3v3__fill_16".
Reading "gf180mcu_osu_sc_gp9t3v3__buf_4".
Reading "gf180mcu_osu_sc_gp9t3v3__buf_1".
Reading "gf180mcu_osu_sc_gp9t3v3__fill_8".
Reading "gf180mcu_osu_sc_gp9t3v3__dff_1".
Reading "gf180mcu_osu_sc_gp9t3v3__buf_2".
Reading "gf180mcu_osu_sc_gp9t3v3__nor2_1".
Reading "gf180mcu_osu_sc_gp9t3v3__oai21_1".
Reading "gf180mcu_osu_sc_gp9t3v3__clkbuf_1".
Reading "gf180mcu_osu_sc_gp9t3v3__or2_1".
Reading "gf180mcu_osu_sc_gp9t3v3__xnor2_1".
Reading "gf180mcu_osu_sc_gp9t3v3__aoi21_1".
Reading "gf180mcu_osu_sc_gp9t3v3__aoi22_1".
Reading "gf180mcu_osu_sc_gp9t3v3__xor2_1".
Reading "gf180mcu_osu_sc_gp9t3v3__clkinv_1".
Reading "gf180mcu_osu_sc_gp9t3v3__nand2_1".
Reading "gf180mcu_osu_sc_gp9t3v3__oai31_1".
Reading "gf180mcu_osu_sc_gp9t3v3__and2_1".
Reading "ffra".
    5000 uses
    10000 uses
    15000 uses
    20000 uses
    25000 uses
    30000 uses
    35000 uses
    40000 uses
    45000 uses
Reading "ffra_wrapper".
[INFO]: Loading ffra_wrapper

DRC style is now "drc(full)"
Loading DRC CIF style.
No errors found.
[INFO]: COUNT: 0
[INFO]: Should be divided by 3 or 4
[INFO]: DRC Checking DONE (/Users/lrburle/Library/CloudStorage/OneDrive-Personal/PhD/projects/osu180cells/openlane/ffra_wrapper/runs/23_02_08_19_36/reports/signoff/drc.rpt)
[INFO]: Saving mag view with DRC errors (/Users/lrburle/Library/CloudStorage/OneDrive-Personal/PhD/projects/osu180cells/openlane/ffra_wrapper/runs/23_02_08_19_36/results/signoff/ffra_wrapper.drc.mag)
[INFO]: Saved
